<html>
<head>
<title>TestNG:  Test</title>
<link href="../testng.css" rel="stylesheet" type="text/css" />
<link href="../my-testng.css" rel="stylesheet" type="text/css" />

<style type="text/css">
.log { display: none;} 
.stack-trace { display: none;} 
</style>
<script type="text/javascript">
<!--
function flip(e) {
  current = e.style.display;
  if (current == 'block') {
    e.style.display = 'none';
    return 0;
  }
  else {
    e.style.display = 'block';
    return 1;
  }
}

function toggleBox(szDivId, elem, msg1, msg2)
{
  var res = -1;  if (document.getElementById) {
    res = flip(document.getElementById(szDivId));
  }
  else if (document.all) {
    // this is the way old msie versions work
    res = flip(document.all[szDivId]);
  }
  if(elem) {
    if(res == 0) elem.innerHTML = msg1; else elem.innerHTML = msg2;
  }

}

function toggleAllBoxes() {
  if (document.getElementsByTagName) {
    d = document.getElementsByTagName('div');
    for (i = 0; i < d.length; i++) {
      if (d[i].className == 'log') {
        flip(d[i]);
      }
    }
  }
}

// -->
</script>

</head>
<body>
<h2 align='center'>Test</h2><table border='1' align="center">
<tr>
<td>Tests passed/Failed/Skipped:</td><td>0/0/73</td>
</tr><tr>
<td>Started on:</td><td>Mon Apr 03 09:37:50 IST 2023</td>
</tr>
<tr><td>Total time:</td><td>2 seconds (2089 ms)</td>
</tr><tr>
<td>Included groups:</td><td></td>
</tr><tr>
<td>Excluded groups:</td><td></td>
</tr>
</table><p/>
<small><i>(Hover the method name to see the test class name)</i></small><p/>
<table width='100%' border='1' class='invocation-failed'>
<tr><td colspan='4' align='center'><b>FAILED CONFIGURATIONS</b></td></tr>
<tr><td><b>Test method</b></td>
<td width="30%"><b>Exception</b></td>
<td width="10%"><b>Time (seconds)</b></td>
<td><b>Instance</b></td>
</tr>
<tr>
<td title='endUserTests.EndUser_Default_Page_Tests.EndUser_Login_Page()'><b>EndUser_Login_Page</b><br>Test class: endUserTests.EndUser_Default_Page_Tests</td>
<td><div><pre>org.testng.TestNGException: 
Parameter &apos;browser&apos; is required by BeforeSuite on method EndUser_Login_Page but has not been marked @Optional or defined
in C:\Users\NICSI\Downloads\eCollabDDS\eCollabDDS\eCollabDDS\testng.xml
... Removed 16 stack frames</pre></div><a href='#' onClick='toggleBox("stack-trace405215542", this, "Click to show all stack frames", "Click to hide stack frames")'>Click to show all stack frames</a>
<div class='stack-trace' id='stack-trace405215542'><pre>org.testng.TestNGException: 
Parameter &apos;browser&apos; is required by BeforeSuite on method EndUser_Login_Page but has not been marked @Optional or defined
in C:\Users\NICSI\Downloads\eCollabDDS\eCollabDDS\eCollabDDS\testng.xml
	at org.testng.internal.Parameters.createParams(Parameters.java:270)
	at org.testng.internal.Parameters.createParametersForMethod(Parameters.java:358)
	at org.testng.internal.Parameters.createParameters(Parameters.java:700)
	at org.testng.internal.Parameters.createConfigurationParameters(Parameters.java:168)
	at org.testng.internal.ConfigInvoker.invokeConfigurations(ConfigInvoker.java:302)
	at org.testng.SuiteRunner.privateRun(SuiteRunner.java:317)
	at org.testng.SuiteRunner.run(SuiteRunner.java:276)
	at org.testng.SuiteRunnerWorker.runSuite(SuiteRunnerWorker.java:53)
	at org.testng.SuiteRunnerWorker.run(SuiteRunnerWorker.java:96)
	at org.testng.TestNG.runSuitesSequentially(TestNG.java:1212)
	at org.testng.TestNG.runSuitesLocally(TestNG.java:1134)
	at org.testng.TestNG.runSuites(TestNG.java:1063)
	at org.testng.TestNG.run(TestNG.java:1031)
	at org.testng.remote.AbstractRemoteTestNG.run(AbstractRemoteTestNG.java:115)
	at org.testng.remote.RemoteTestNG.initAndRun(RemoteTestNG.java:251)
	at org.testng.remote.RemoteTestNG.main(RemoteTestNG.java:77)
</pre></div></td>
<td>-1680494870</td>
<td>endUserTests.EndUser_Default_Page_Tests@273e7444</td></tr>
</table><p>
<table width='100%' border='1' class='invocation-skipped'>
<tr><td colspan='4' align='center'><b>SKIPPED CONFIGURATIONS</b></td></tr>
<tr><td><b>Test method</b></td>
<td width="30%"><b>Exception</b></td>
<td width="10%"><b>Time (seconds)</b></td>
<td><b>Instance</b></td>
</tr>
<tr>
<td title='tests.Admin_Client_Application_Pages_Tests.eCollabDDS_Url_should_open()'><b>eCollabDDS_Url_should_open</b><br>Test class: tests.Admin_Client_Application_Pages_Tests</td>
<td></td>
<td>-1680494870</td>
<td>tests.Admin_Client_Application_Pages_Tests@1ed6388a</td></tr>
</table><p>
<table width='100%' border='1' class='invocation-skipped'>
<tr><td colspan='4' align='center'><b>SKIPPED TESTS</b></td></tr>
<tr><td><b>Test method</b></td>
<td width="30%"><b>Exception</b></td>
<td width="10%"><b>Time (seconds)</b></td>
<td><b>Instance</b></td>
</tr>
<tr>
<td title='tests.Admin_Hospitals_Pages_Tests.Hospitals_AddReviewerHos_NoData_Tests()'><b>Hospitals_AddReviewerHos_NoData_Tests</b><br>Test class: tests.Admin_Hospitals_Pages_Tests</td>
<td><div><pre>org.testng.TestNGException: 
Parameter &apos;browser&apos; is required by BeforeSuite on method EndUser_Login_Page but has not been marked @Optional or defined
in C:\Users\NICSI\Downloads\eCollabDDS\eCollabDDS\eCollabDDS\testng.xml
... Removed 16 stack frames</pre></div><a href='#' onClick='toggleBox("stack-trace557342904", this, "Click to show all stack frames", "Click to hide stack frames")'>Click to show all stack frames</a>
<div class='stack-trace' id='stack-trace557342904'><pre>org.testng.TestNGException: 
Parameter &apos;browser&apos; is required by BeforeSuite on method EndUser_Login_Page but has not been marked @Optional or defined
in C:\Users\NICSI\Downloads\eCollabDDS\eCollabDDS\eCollabDDS\testng.xml
	at org.testng.internal.Parameters.createParams(Parameters.java:270)
	at org.testng.internal.Parameters.createParametersForMethod(Parameters.java:358)
	at org.testng.internal.Parameters.createParameters(Parameters.java:700)
	at org.testng.internal.Parameters.createConfigurationParameters(Parameters.java:168)
	at org.testng.internal.ConfigInvoker.invokeConfigurations(ConfigInvoker.java:302)
	at org.testng.SuiteRunner.privateRun(SuiteRunner.java:317)
	at org.testng.SuiteRunner.run(SuiteRunner.java:276)
	at org.testng.SuiteRunnerWorker.runSuite(SuiteRunnerWorker.java:53)
	at org.testng.SuiteRunnerWorker.run(SuiteRunnerWorker.java:96)
	at org.testng.TestNG.runSuitesSequentially(TestNG.java:1212)
	at org.testng.TestNG.runSuitesLocally(TestNG.java:1134)
	at org.testng.TestNG.runSuites(TestNG.java:1063)
	at org.testng.TestNG.run(TestNG.java:1031)
	at org.testng.remote.AbstractRemoteTestNG.run(AbstractRemoteTestNG.java:115)
	at org.testng.remote.RemoteTestNG.initAndRun(RemoteTestNG.java:251)
	at org.testng.remote.RemoteTestNG.main(RemoteTestNG.java:77)
</pre></div></td>
<td>0</td>
<td>tests.Admin_Hospitals_Pages_Tests@4f80542f</td></tr>
<tr>
<td title='tests.Admin_Login_Tests.login_eCollabDDS_Admin_Test()'><b>login_eCollabDDS_Admin_Test</b><br>Test class: tests.Admin_Login_Tests</td>
<td><div><pre>org.testng.TestNGException: 
Parameter &apos;browser&apos; is required by BeforeSuite on method EndUser_Login_Page but has not been marked @Optional or defined
in C:\Users\NICSI\Downloads\eCollabDDS\eCollabDDS\eCollabDDS\testng.xml
... Removed 16 stack frames</pre></div><a href='#' onClick='toggleBox("stack-trace1724399560", this, "Click to show all stack frames", "Click to hide stack frames")'>Click to show all stack frames</a>
<div class='stack-trace' id='stack-trace1724399560'><pre>org.testng.TestNGException: 
Parameter &apos;browser&apos; is required by BeforeSuite on method EndUser_Login_Page but has not been marked @Optional or defined
in C:\Users\NICSI\Downloads\eCollabDDS\eCollabDDS\eCollabDDS\testng.xml
	at org.testng.internal.Parameters.createParams(Parameters.java:270)
	at org.testng.internal.Parameters.createParametersForMethod(Parameters.java:358)
	at org.testng.internal.Parameters.createParameters(Parameters.java:700)
	at org.testng.internal.Parameters.createConfigurationParameters(Parameters.java:168)
	at org.testng.internal.ConfigInvoker.invokeConfigurations(ConfigInvoker.java:302)
	at org.testng.SuiteRunner.privateRun(SuiteRunner.java:317)
	at org.testng.SuiteRunner.run(SuiteRunner.java:276)
	at org.testng.SuiteRunnerWorker.runSuite(SuiteRunnerWorker.java:53)
	at org.testng.SuiteRunnerWorker.run(SuiteRunnerWorker.java:96)
	at org.testng.TestNG.runSuitesSequentially(TestNG.java:1212)
	at org.testng.TestNG.runSuitesLocally(TestNG.java:1134)
	at org.testng.TestNG.runSuites(TestNG.java:1063)
	at org.testng.TestNG.run(TestNG.java:1031)
	at org.testng.remote.AbstractRemoteTestNG.run(AbstractRemoteTestNG.java:115)
	at org.testng.remote.RemoteTestNG.initAndRun(RemoteTestNG.java:251)
	at org.testng.remote.RemoteTestNG.main(RemoteTestNG.java:77)
</pre></div></td>
<td>0</td>
<td>tests.Admin_Login_Tests@2e3967ea</td></tr>
<tr>
<td title='tests.Admin_Default_Page_Tests.Admin_Logout_Button_Test()'><b>Admin_Logout_Button_Test</b><br>Test class: tests.Admin_Default_Page_Tests</td>
<td><div><pre>org.testng.TestNGException: 
Parameter &apos;browser&apos; is required by BeforeSuite on method EndUser_Login_Page but has not been marked @Optional or defined
in C:\Users\NICSI\Downloads\eCollabDDS\eCollabDDS\eCollabDDS\testng.xml
... Removed 16 stack frames</pre></div><a href='#' onClick='toggleBox("stack-trace1781459498", this, "Click to show all stack frames", "Click to hide stack frames")'>Click to show all stack frames</a>
<div class='stack-trace' id='stack-trace1781459498'><pre>org.testng.TestNGException: 
Parameter &apos;browser&apos; is required by BeforeSuite on method EndUser_Login_Page but has not been marked @Optional or defined
in C:\Users\NICSI\Downloads\eCollabDDS\eCollabDDS\eCollabDDS\testng.xml
	at org.testng.internal.Parameters.createParams(Parameters.java:270)
	at org.testng.internal.Parameters.createParametersForMethod(Parameters.java:358)
	at org.testng.internal.Parameters.createParameters(Parameters.java:700)
	at org.testng.internal.Parameters.createConfigurationParameters(Parameters.java:168)
	at org.testng.internal.ConfigInvoker.invokeConfigurations(ConfigInvoker.java:302)
	at org.testng.SuiteRunner.privateRun(SuiteRunner.java:317)
	at org.testng.SuiteRunner.run(SuiteRunner.java:276)
	at org.testng.SuiteRunnerWorker.runSuite(SuiteRunnerWorker.java:53)
	at org.testng.SuiteRunnerWorker.run(SuiteRunnerWorker.java:96)
	at org.testng.TestNG.runSuitesSequentially(TestNG.java:1212)
	at org.testng.TestNG.runSuitesLocally(TestNG.java:1134)
	at org.testng.TestNG.runSuites(TestNG.java:1063)
	at org.testng.TestNG.run(TestNG.java:1031)
	at org.testng.remote.AbstractRemoteTestNG.run(AbstractRemoteTestNG.java:115)
	at org.testng.remote.RemoteTestNG.initAndRun(RemoteTestNG.java:251)
	at org.testng.remote.RemoteTestNG.main(RemoteTestNG.java:77)
</pre></div></td>
<td>0</td>
<td>tests.Admin_Default_Page_Tests@130c12b7</td></tr>
<tr>
<td title='tests.Admin_Client_Application_Pages_Tests.List_CA_Action_UpdateCApp_Tests()'><b>List_CA_Action_UpdateCApp_Tests</b><br>Test class: tests.Admin_Client_Application_Pages_Tests</td>
<td><div><pre>org.testng.TestNGException: 
Parameter &apos;browser&apos; is required by BeforeSuite on method EndUser_Login_Page but has not been marked @Optional or defined
in C:\Users\NICSI\Downloads\eCollabDDS\eCollabDDS\eCollabDDS\testng.xml
... Removed 16 stack frames</pre></div><a href='#' onClick='toggleBox("stack-trace697145861", this, "Click to show all stack frames", "Click to hide stack frames")'>Click to show all stack frames</a>
<div class='stack-trace' id='stack-trace697145861'><pre>org.testng.TestNGException: 
Parameter &apos;browser&apos; is required by BeforeSuite on method EndUser_Login_Page but has not been marked @Optional or defined
in C:\Users\NICSI\Downloads\eCollabDDS\eCollabDDS\eCollabDDS\testng.xml
	at org.testng.internal.Parameters.createParams(Parameters.java:270)
	at org.testng.internal.Parameters.createParametersForMethod(Parameters.java:358)
	at org.testng.internal.Parameters.createParameters(Parameters.java:700)
	at org.testng.internal.Parameters.createConfigurationParameters(Parameters.java:168)
	at org.testng.internal.ConfigInvoker.invokeConfigurations(ConfigInvoker.java:302)
	at org.testng.SuiteRunner.privateRun(SuiteRunner.java:317)
	at org.testng.SuiteRunner.run(SuiteRunner.java:276)
	at org.testng.SuiteRunnerWorker.runSuite(SuiteRunnerWorker.java:53)
	at org.testng.SuiteRunnerWorker.run(SuiteRunnerWorker.java:96)
	at org.testng.TestNG.runSuitesSequentially(TestNG.java:1212)
	at org.testng.TestNG.runSuitesLocally(TestNG.java:1134)
	at org.testng.TestNG.runSuites(TestNG.java:1063)
	at org.testng.TestNG.run(TestNG.java:1031)
	at org.testng.remote.AbstractRemoteTestNG.run(AbstractRemoteTestNG.java:115)
	at org.testng.remote.RemoteTestNG.initAndRun(RemoteTestNG.java:251)
	at org.testng.remote.RemoteTestNG.main(RemoteTestNG.java:77)
</pre></div></td>
<td>0</td>
<td>tests.Admin_Client_Application_Pages_Tests@1ed6388a</td></tr>
<tr>
<td title='tests.Admin_HospitalUsers_Pages_Tests.HospitalUsers_HideColumn_Tests()'><b>HospitalUsers_HideColumn_Tests</b><br>Test class: tests.Admin_HospitalUsers_Pages_Tests</td>
<td><div><pre>org.testng.TestNGException: 
Parameter &apos;browser&apos; is required by BeforeSuite on method EndUser_Login_Page but has not been marked @Optional or defined
in C:\Users\NICSI\Downloads\eCollabDDS\eCollabDDS\eCollabDDS\testng.xml
... Removed 16 stack frames</pre></div><a href='#' onClick='toggleBox("stack-trace2075133112", this, "Click to show all stack frames", "Click to hide stack frames")'>Click to show all stack frames</a>
<div class='stack-trace' id='stack-trace2075133112'><pre>org.testng.TestNGException: 
Parameter &apos;browser&apos; is required by BeforeSuite on method EndUser_Login_Page but has not been marked @Optional or defined
in C:\Users\NICSI\Downloads\eCollabDDS\eCollabDDS\eCollabDDS\testng.xml
	at org.testng.internal.Parameters.createParams(Parameters.java:270)
	at org.testng.internal.Parameters.createParametersForMethod(Parameters.java:358)
	at org.testng.internal.Parameters.createParameters(Parameters.java:700)
	at org.testng.internal.Parameters.createConfigurationParameters(Parameters.java:168)
	at org.testng.internal.ConfigInvoker.invokeConfigurations(ConfigInvoker.java:302)
	at org.testng.SuiteRunner.privateRun(SuiteRunner.java:317)
	at org.testng.SuiteRunner.run(SuiteRunner.java:276)
	at org.testng.SuiteRunnerWorker.runSuite(SuiteRunnerWorker.java:53)
	at org.testng.SuiteRunnerWorker.run(SuiteRunnerWorker.java:96)
	at org.testng.TestNG.runSuitesSequentially(TestNG.java:1212)
	at org.testng.TestNG.runSuitesLocally(TestNG.java:1134)
	at org.testng.TestNG.runSuites(TestNG.java:1063)
	at org.testng.TestNG.run(TestNG.java:1031)
	at org.testng.remote.AbstractRemoteTestNG.run(AbstractRemoteTestNG.java:115)
	at org.testng.remote.RemoteTestNG.initAndRun(RemoteTestNG.java:251)
	at org.testng.remote.RemoteTestNG.main(RemoteTestNG.java:77)
</pre></div></td>
<td>0</td>
<td>tests.Admin_HospitalUsers_Pages_Tests@5a45133e</td></tr>
<tr>
<td title='tests.Admin_Hospitals_Pages_Tests.AddEndUserHos_Neg_Tests()'><b>AddEndUserHos_Neg_Tests</b><br>Test class: tests.Admin_Hospitals_Pages_Tests<br>Parameters: HosName,-_, zz_Add1, z_City, 12345</td>
<td><div><pre>org.testng.TestNGException: 
Parameter &apos;browser&apos; is required by BeforeSuite on method EndUser_Login_Page but has not been marked @Optional or defined
in C:\Users\NICSI\Downloads\eCollabDDS\eCollabDDS\eCollabDDS\testng.xml
... Removed 16 stack frames</pre></div><a href='#' onClick='toggleBox("stack-trace652481263", this, "Click to show all stack frames", "Click to hide stack frames")'>Click to show all stack frames</a>
<div class='stack-trace' id='stack-trace652481263'><pre>org.testng.TestNGException: 
Parameter &apos;browser&apos; is required by BeforeSuite on method EndUser_Login_Page but has not been marked @Optional or defined
in C:\Users\NICSI\Downloads\eCollabDDS\eCollabDDS\eCollabDDS\testng.xml
	at org.testng.internal.Parameters.createParams(Parameters.java:270)
	at org.testng.internal.Parameters.createParametersForMethod(Parameters.java:358)
	at org.testng.internal.Parameters.createParameters(Parameters.java:700)
	at org.testng.internal.Parameters.createConfigurationParameters(Parameters.java:168)
	at org.testng.internal.ConfigInvoker.invokeConfigurations(ConfigInvoker.java:302)
	at org.testng.SuiteRunner.privateRun(SuiteRunner.java:317)
	at org.testng.SuiteRunner.run(SuiteRunner.java:276)
	at org.testng.SuiteRunnerWorker.runSuite(SuiteRunnerWorker.java:53)
	at org.testng.SuiteRunnerWorker.run(SuiteRunnerWorker.java:96)
	at org.testng.TestNG.runSuitesSequentially(TestNG.java:1212)
	at org.testng.TestNG.runSuitesLocally(TestNG.java:1134)
	at org.testng.TestNG.runSuites(TestNG.java:1063)
	at org.testng.TestNG.run(TestNG.java:1031)
	at org.testng.remote.AbstractRemoteTestNG.run(AbstractRemoteTestNG.java:115)
	at org.testng.remote.RemoteTestNG.initAndRun(RemoteTestNG.java:251)
	at org.testng.remote.RemoteTestNG.main(RemoteTestNG.java:77)
</pre></div></td>
<td>0</td>
<td>tests.Admin_Hospitals_Pages_Tests@4f80542f</td></tr>
<tr>
<td title='tests.Admin_HospitalUsers_Pages_Tests.HosUsersList_RadiologistData_Tests()'><b>HosUsersList_RadiologistData_Tests</b><br>Test class: tests.Admin_HospitalUsers_Pages_Tests</td>
<td><div><pre>org.testng.TestNGException: 
Parameter &apos;browser&apos; is required by BeforeSuite on method EndUser_Login_Page but has not been marked @Optional or defined
in C:\Users\NICSI\Downloads\eCollabDDS\eCollabDDS\eCollabDDS\testng.xml
... Removed 16 stack frames</pre></div><a href='#' onClick='toggleBox("stack-trace1378592036", this, "Click to show all stack frames", "Click to hide stack frames")'>Click to show all stack frames</a>
<div class='stack-trace' id='stack-trace1378592036'><pre>org.testng.TestNGException: 
Parameter &apos;browser&apos; is required by BeforeSuite on method EndUser_Login_Page but has not been marked @Optional or defined
in C:\Users\NICSI\Downloads\eCollabDDS\eCollabDDS\eCollabDDS\testng.xml
	at org.testng.internal.Parameters.createParams(Parameters.java:270)
	at org.testng.internal.Parameters.createParametersForMethod(Parameters.java:358)
	at org.testng.internal.Parameters.createParameters(Parameters.java:700)
	at org.testng.internal.Parameters.createConfigurationParameters(Parameters.java:168)
	at org.testng.internal.ConfigInvoker.invokeConfigurations(ConfigInvoker.java:302)
	at org.testng.SuiteRunner.privateRun(SuiteRunner.java:317)
	at org.testng.SuiteRunner.run(SuiteRunner.java:276)
	at org.testng.SuiteRunnerWorker.runSuite(SuiteRunnerWorker.java:53)
	at org.testng.SuiteRunnerWorker.run(SuiteRunnerWorker.java:96)
	at org.testng.TestNG.runSuitesSequentially(TestNG.java:1212)
	at org.testng.TestNG.runSuitesLocally(TestNG.java:1134)
	at org.testng.TestNG.runSuites(TestNG.java:1063)
	at org.testng.TestNG.run(TestNG.java:1031)
	at org.testng.remote.AbstractRemoteTestNG.run(AbstractRemoteTestNG.java:115)
	at org.testng.remote.RemoteTestNG.initAndRun(RemoteTestNG.java:251)
	at org.testng.remote.RemoteTestNG.main(RemoteTestNG.java:77)
</pre></div></td>
<td>0</td>
<td>tests.Admin_HospitalUsers_Pages_Tests@5a45133e</td></tr>
<tr>
<td title='tests.Admin_Client_Application_Pages_Tests.Add_CA_Form_Tests()'><b>Add_CA_Form_Tests</b><br>Test class: tests.Admin_Client_Application_Pages_Tests<br>Parameters: Client-App-AAF, ClientID123.@_-AAF, client@admin@_-116, C.A. AAAF, xyz116@gmail.com, 1101110116</td>
<td><div><pre>org.testng.TestNGException: 
Parameter &apos;browser&apos; is required by BeforeSuite on method EndUser_Login_Page but has not been marked @Optional or defined
in C:\Users\NICSI\Downloads\eCollabDDS\eCollabDDS\eCollabDDS\testng.xml
... Removed 16 stack frames</pre></div><a href='#' onClick='toggleBox("stack-trace1367503763", this, "Click to show all stack frames", "Click to hide stack frames")'>Click to show all stack frames</a>
<div class='stack-trace' id='stack-trace1367503763'><pre>org.testng.TestNGException: 
Parameter &apos;browser&apos; is required by BeforeSuite on method EndUser_Login_Page but has not been marked @Optional or defined
in C:\Users\NICSI\Downloads\eCollabDDS\eCollabDDS\eCollabDDS\testng.xml
	at org.testng.internal.Parameters.createParams(Parameters.java:270)
	at org.testng.internal.Parameters.createParametersForMethod(Parameters.java:358)
	at org.testng.internal.Parameters.createParameters(Parameters.java:700)
	at org.testng.internal.Parameters.createConfigurationParameters(Parameters.java:168)
	at org.testng.internal.ConfigInvoker.invokeConfigurations(ConfigInvoker.java:302)
	at org.testng.SuiteRunner.privateRun(SuiteRunner.java:317)
	at org.testng.SuiteRunner.run(SuiteRunner.java:276)
	at org.testng.SuiteRunnerWorker.runSuite(SuiteRunnerWorker.java:53)
	at org.testng.SuiteRunnerWorker.run(SuiteRunnerWorker.java:96)
	at org.testng.TestNG.runSuitesSequentially(TestNG.java:1212)
	at org.testng.TestNG.runSuitesLocally(TestNG.java:1134)
	at org.testng.TestNG.runSuites(TestNG.java:1063)
	at org.testng.TestNG.run(TestNG.java:1031)
	at org.testng.remote.AbstractRemoteTestNG.run(AbstractRemoteTestNG.java:115)
	at org.testng.remote.RemoteTestNG.initAndRun(RemoteTestNG.java:251)
	at org.testng.remote.RemoteTestNG.main(RemoteTestNG.java:77)
</pre></div></td>
<td>0</td>
<td>tests.Admin_Client_Application_Pages_Tests@1ed6388a</td></tr>
<tr>
<td title='radiologistTests.Radio_Pending_Page_Tests.radio_Pending_Default_Tests()'><b>radio_Pending_Default_Tests</b><br>Test class: radiologistTests.Radio_Pending_Page_Tests</td>
<td><div><pre>org.testng.TestNGException: 
Parameter &apos;browser&apos; is required by BeforeSuite on method EndUser_Login_Page but has not been marked @Optional or defined
in C:\Users\NICSI\Downloads\eCollabDDS\eCollabDDS\eCollabDDS\testng.xml
... Removed 16 stack frames</pre></div><a href='#' onClick='toggleBox("stack-trace1303362110", this, "Click to show all stack frames", "Click to hide stack frames")'>Click to show all stack frames</a>
<div class='stack-trace' id='stack-trace1303362110'><pre>org.testng.TestNGException: 
Parameter &apos;browser&apos; is required by BeforeSuite on method EndUser_Login_Page but has not been marked @Optional or defined
in C:\Users\NICSI\Downloads\eCollabDDS\eCollabDDS\eCollabDDS\testng.xml
	at org.testng.internal.Parameters.createParams(Parameters.java:270)
	at org.testng.internal.Parameters.createParametersForMethod(Parameters.java:358)
	at org.testng.internal.Parameters.createParameters(Parameters.java:700)
	at org.testng.internal.Parameters.createConfigurationParameters(Parameters.java:168)
	at org.testng.internal.ConfigInvoker.invokeConfigurations(ConfigInvoker.java:302)
	at org.testng.SuiteRunner.privateRun(SuiteRunner.java:317)
	at org.testng.SuiteRunner.run(SuiteRunner.java:276)
	at org.testng.SuiteRunnerWorker.runSuite(SuiteRunnerWorker.java:53)
	at org.testng.SuiteRunnerWorker.run(SuiteRunnerWorker.java:96)
	at org.testng.TestNG.runSuitesSequentially(TestNG.java:1212)
	at org.testng.TestNG.runSuitesLocally(TestNG.java:1134)
	at org.testng.TestNG.runSuites(TestNG.java:1063)
	at org.testng.TestNG.run(TestNG.java:1031)
	at org.testng.remote.AbstractRemoteTestNG.run(AbstractRemoteTestNG.java:115)
	at org.testng.remote.RemoteTestNG.initAndRun(RemoteTestNG.java:251)
	at org.testng.remote.RemoteTestNG.main(RemoteTestNG.java:77)
</pre></div></td>
<td>0</td>
<td>radiologistTests.Radio_Pending_Page_Tests@4d5650ae</td></tr>
<tr>
<td title='tests.Admin_HospitalUsers_Pages_Tests.HospitalUsers_Filter_Tests()'><b>HospitalUsers_Filter_Tests</b><br>Test class: tests.Admin_HospitalUsers_Pages_Tests</td>
<td><div><pre>org.testng.TestNGException: 
Parameter &apos;browser&apos; is required by BeforeSuite on method EndUser_Login_Page but has not been marked @Optional or defined
in C:\Users\NICSI\Downloads\eCollabDDS\eCollabDDS\eCollabDDS\testng.xml
... Removed 16 stack frames</pre></div><a href='#' onClick='toggleBox("stack-trace2028510206", this, "Click to show all stack frames", "Click to hide stack frames")'>Click to show all stack frames</a>
<div class='stack-trace' id='stack-trace2028510206'><pre>org.testng.TestNGException: 
Parameter &apos;browser&apos; is required by BeforeSuite on method EndUser_Login_Page but has not been marked @Optional or defined
in C:\Users\NICSI\Downloads\eCollabDDS\eCollabDDS\eCollabDDS\testng.xml
	at org.testng.internal.Parameters.createParams(Parameters.java:270)
	at org.testng.internal.Parameters.createParametersForMethod(Parameters.java:358)
	at org.testng.internal.Parameters.createParameters(Parameters.java:700)
	at org.testng.internal.Parameters.createConfigurationParameters(Parameters.java:168)
	at org.testng.internal.ConfigInvoker.invokeConfigurations(ConfigInvoker.java:302)
	at org.testng.SuiteRunner.privateRun(SuiteRunner.java:317)
	at org.testng.SuiteRunner.run(SuiteRunner.java:276)
	at org.testng.SuiteRunnerWorker.runSuite(SuiteRunnerWorker.java:53)
	at org.testng.SuiteRunnerWorker.run(SuiteRunnerWorker.java:96)
	at org.testng.TestNG.runSuitesSequentially(TestNG.java:1212)
	at org.testng.TestNG.runSuitesLocally(TestNG.java:1134)
	at org.testng.TestNG.runSuites(TestNG.java:1063)
	at org.testng.TestNG.run(TestNG.java:1031)
	at org.testng.remote.AbstractRemoteTestNG.run(AbstractRemoteTestNG.java:115)
	at org.testng.remote.RemoteTestNG.initAndRun(RemoteTestNG.java:251)
	at org.testng.remote.RemoteTestNG.main(RemoteTestNG.java:77)
</pre></div></td>
<td>0</td>
<td>tests.Admin_HospitalUsers_Pages_Tests@5a45133e</td></tr>
<tr>
<td title='tests.Admin_Hospitals_Pages_Tests.List_Hospitals_Buttons_Tests()'><b>List_Hospitals_Buttons_Tests</b><br>Test class: tests.Admin_Hospitals_Pages_Tests</td>
<td><div><pre>org.testng.TestNGException: 
Parameter &apos;browser&apos; is required by BeforeSuite on method EndUser_Login_Page but has not been marked @Optional or defined
in C:\Users\NICSI\Downloads\eCollabDDS\eCollabDDS\eCollabDDS\testng.xml
... Removed 16 stack frames</pre></div><a href='#' onClick='toggleBox("stack-trace1732261462", this, "Click to show all stack frames", "Click to hide stack frames")'>Click to show all stack frames</a>
<div class='stack-trace' id='stack-trace1732261462'><pre>org.testng.TestNGException: 
Parameter &apos;browser&apos; is required by BeforeSuite on method EndUser_Login_Page but has not been marked @Optional or defined
in C:\Users\NICSI\Downloads\eCollabDDS\eCollabDDS\eCollabDDS\testng.xml
	at org.testng.internal.Parameters.createParams(Parameters.java:270)
	at org.testng.internal.Parameters.createParametersForMethod(Parameters.java:358)
	at org.testng.internal.Parameters.createParameters(Parameters.java:700)
	at org.testng.internal.Parameters.createConfigurationParameters(Parameters.java:168)
	at org.testng.internal.ConfigInvoker.invokeConfigurations(ConfigInvoker.java:302)
	at org.testng.SuiteRunner.privateRun(SuiteRunner.java:317)
	at org.testng.SuiteRunner.run(SuiteRunner.java:276)
	at org.testng.SuiteRunnerWorker.runSuite(SuiteRunnerWorker.java:53)
	at org.testng.SuiteRunnerWorker.run(SuiteRunnerWorker.java:96)
	at org.testng.TestNG.runSuitesSequentially(TestNG.java:1212)
	at org.testng.TestNG.runSuitesLocally(TestNG.java:1134)
	at org.testng.TestNG.runSuites(TestNG.java:1063)
	at org.testng.TestNG.run(TestNG.java:1031)
	at org.testng.remote.AbstractRemoteTestNG.run(AbstractRemoteTestNG.java:115)
	at org.testng.remote.RemoteTestNG.initAndRun(RemoteTestNG.java:251)
	at org.testng.remote.RemoteTestNG.main(RemoteTestNG.java:77)
</pre></div></td>
<td>0</td>
<td>tests.Admin_Hospitals_Pages_Tests@4f80542f</td></tr>
<tr>
<td title='tests.Admin_Client_Organization_Pages_Tests.List_CO_Table_Tests()'><b>List_CO_Table_Tests</b><br>Test class: tests.Admin_Client_Organization_Pages_Tests</td>
<td><div><pre>org.testng.TestNGException: 
Parameter &apos;browser&apos; is required by BeforeSuite on method EndUser_Login_Page but has not been marked @Optional or defined
in C:\Users\NICSI\Downloads\eCollabDDS\eCollabDDS\eCollabDDS\testng.xml
... Removed 16 stack frames</pre></div><a href='#' onClick='toggleBox("stack-trace1953175805", this, "Click to show all stack frames", "Click to hide stack frames")'>Click to show all stack frames</a>
<div class='stack-trace' id='stack-trace1953175805'><pre>org.testng.TestNGException: 
Parameter &apos;browser&apos; is required by BeforeSuite on method EndUser_Login_Page but has not been marked @Optional or defined
in C:\Users\NICSI\Downloads\eCollabDDS\eCollabDDS\eCollabDDS\testng.xml
	at org.testng.internal.Parameters.createParams(Parameters.java:270)
	at org.testng.internal.Parameters.createParametersForMethod(Parameters.java:358)
	at org.testng.internal.Parameters.createParameters(Parameters.java:700)
	at org.testng.internal.Parameters.createConfigurationParameters(Parameters.java:168)
	at org.testng.internal.ConfigInvoker.invokeConfigurations(ConfigInvoker.java:302)
	at org.testng.SuiteRunner.privateRun(SuiteRunner.java:317)
	at org.testng.SuiteRunner.run(SuiteRunner.java:276)
	at org.testng.SuiteRunnerWorker.runSuite(SuiteRunnerWorker.java:53)
	at org.testng.SuiteRunnerWorker.run(SuiteRunnerWorker.java:96)
	at org.testng.TestNG.runSuitesSequentially(TestNG.java:1212)
	at org.testng.TestNG.runSuitesLocally(TestNG.java:1134)
	at org.testng.TestNG.runSuites(TestNG.java:1063)
	at org.testng.TestNG.run(TestNG.java:1031)
	at org.testng.remote.AbstractRemoteTestNG.run(AbstractRemoteTestNG.java:115)
	at org.testng.remote.RemoteTestNG.initAndRun(RemoteTestNG.java:251)
	at org.testng.remote.RemoteTestNG.main(RemoteTestNG.java:77)
</pre></div></td>
<td>0</td>
<td>tests.Admin_Client_Organization_Pages_Tests@5e600dd5</td></tr>
<tr>
<td title='tests.Admin_Hospitals_Pages_Tests.AddReviewerHos_Neg_Tests()'><b>AddReviewerHos_Neg_Tests</b><br>Test class: tests.Admin_Hospitals_Pages_Tests<br>Parameters: HosName,-_, zz_Add1, z_City, 12345, User 1, C_A NameA, abc1gmail.com, 123456789</td>
<td><div><pre>org.testng.TestNGException: 
Parameter &apos;browser&apos; is required by BeforeSuite on method EndUser_Login_Page but has not been marked @Optional or defined
in C:\Users\NICSI\Downloads\eCollabDDS\eCollabDDS\eCollabDDS\testng.xml
... Removed 16 stack frames</pre></div><a href='#' onClick='toggleBox("stack-trace1640458320", this, "Click to show all stack frames", "Click to hide stack frames")'>Click to show all stack frames</a>
<div class='stack-trace' id='stack-trace1640458320'><pre>org.testng.TestNGException: 
Parameter &apos;browser&apos; is required by BeforeSuite on method EndUser_Login_Page but has not been marked @Optional or defined
in C:\Users\NICSI\Downloads\eCollabDDS\eCollabDDS\eCollabDDS\testng.xml
	at org.testng.internal.Parameters.createParams(Parameters.java:270)
	at org.testng.internal.Parameters.createParametersForMethod(Parameters.java:358)
	at org.testng.internal.Parameters.createParameters(Parameters.java:700)
	at org.testng.internal.Parameters.createConfigurationParameters(Parameters.java:168)
	at org.testng.internal.ConfigInvoker.invokeConfigurations(ConfigInvoker.java:302)
	at org.testng.SuiteRunner.privateRun(SuiteRunner.java:317)
	at org.testng.SuiteRunner.run(SuiteRunner.java:276)
	at org.testng.SuiteRunnerWorker.runSuite(SuiteRunnerWorker.java:53)
	at org.testng.SuiteRunnerWorker.run(SuiteRunnerWorker.java:96)
	at org.testng.TestNG.runSuitesSequentially(TestNG.java:1212)
	at org.testng.TestNG.runSuitesLocally(TestNG.java:1134)
	at org.testng.TestNG.runSuites(TestNG.java:1063)
	at org.testng.TestNG.run(TestNG.java:1031)
	at org.testng.remote.AbstractRemoteTestNG.run(AbstractRemoteTestNG.java:115)
	at org.testng.remote.RemoteTestNG.initAndRun(RemoteTestNG.java:251)
	at org.testng.remote.RemoteTestNG.main(RemoteTestNG.java:77)
</pre></div></td>
<td>0</td>
<td>tests.Admin_Hospitals_Pages_Tests@4f80542f</td></tr>
<tr>
<td title='tests.Admin_Hospitals_Pages_Tests.hospitals_vcard_count_Tests()'><b>hospitals_vcard_count_Tests</b><br>Test class: tests.Admin_Hospitals_Pages_Tests</td>
<td><div><pre>org.testng.TestNGException: 
Parameter &apos;browser&apos; is required by BeforeSuite on method EndUser_Login_Page but has not been marked @Optional or defined
in C:\Users\NICSI\Downloads\eCollabDDS\eCollabDDS\eCollabDDS\testng.xml
... Removed 16 stack frames</pre></div><a href='#' onClick='toggleBox("stack-trace55429210", this, "Click to show all stack frames", "Click to hide stack frames")'>Click to show all stack frames</a>
<div class='stack-trace' id='stack-trace55429210'><pre>org.testng.TestNGException: 
Parameter &apos;browser&apos; is required by BeforeSuite on method EndUser_Login_Page but has not been marked @Optional or defined
in C:\Users\NICSI\Downloads\eCollabDDS\eCollabDDS\eCollabDDS\testng.xml
	at org.testng.internal.Parameters.createParams(Parameters.java:270)
	at org.testng.internal.Parameters.createParametersForMethod(Parameters.java:358)
	at org.testng.internal.Parameters.createParameters(Parameters.java:700)
	at org.testng.internal.Parameters.createConfigurationParameters(Parameters.java:168)
	at org.testng.internal.ConfigInvoker.invokeConfigurations(ConfigInvoker.java:302)
	at org.testng.SuiteRunner.privateRun(SuiteRunner.java:317)
	at org.testng.SuiteRunner.run(SuiteRunner.java:276)
	at org.testng.SuiteRunnerWorker.runSuite(SuiteRunnerWorker.java:53)
	at org.testng.SuiteRunnerWorker.run(SuiteRunnerWorker.java:96)
	at org.testng.TestNG.runSuitesSequentially(TestNG.java:1212)
	at org.testng.TestNG.runSuitesLocally(TestNG.java:1134)
	at org.testng.TestNG.runSuites(TestNG.java:1063)
	at org.testng.TestNG.run(TestNG.java:1031)
	at org.testng.remote.AbstractRemoteTestNG.run(AbstractRemoteTestNG.java:115)
	at org.testng.remote.RemoteTestNG.initAndRun(RemoteTestNG.java:251)
	at org.testng.remote.RemoteTestNG.main(RemoteTestNG.java:77)
</pre></div></td>
<td>0</td>
<td>tests.Admin_Hospitals_Pages_Tests@4f80542f</td></tr>
<tr>
<td title='endUserTests.EndUser_Patient_CaseReq_Tests.Add_Patient_Neg_Tests()'><b>Add_Patient_Neg_Tests</b><br>Test class: endUserTests.EndUser_Patient_CaseReq_Tests</td>
<td><div><pre>org.testng.TestNGException: 
Parameter &apos;browser&apos; is required by BeforeSuite on method EndUser_Login_Page but has not been marked @Optional or defined
in C:\Users\NICSI\Downloads\eCollabDDS\eCollabDDS\eCollabDDS\testng.xml
... Removed 16 stack frames</pre></div><a href='#' onClick='toggleBox("stack-trace770950500", this, "Click to show all stack frames", "Click to hide stack frames")'>Click to show all stack frames</a>
<div class='stack-trace' id='stack-trace770950500'><pre>org.testng.TestNGException: 
Parameter &apos;browser&apos; is required by BeforeSuite on method EndUser_Login_Page but has not been marked @Optional or defined
in C:\Users\NICSI\Downloads\eCollabDDS\eCollabDDS\eCollabDDS\testng.xml
	at org.testng.internal.Parameters.createParams(Parameters.java:270)
	at org.testng.internal.Parameters.createParametersForMethod(Parameters.java:358)
	at org.testng.internal.Parameters.createParameters(Parameters.java:700)
	at org.testng.internal.Parameters.createConfigurationParameters(Parameters.java:168)
	at org.testng.internal.ConfigInvoker.invokeConfigurations(ConfigInvoker.java:302)
	at org.testng.SuiteRunner.privateRun(SuiteRunner.java:317)
	at org.testng.SuiteRunner.run(SuiteRunner.java:276)
	at org.testng.SuiteRunnerWorker.runSuite(SuiteRunnerWorker.java:53)
	at org.testng.SuiteRunnerWorker.run(SuiteRunnerWorker.java:96)
	at org.testng.TestNG.runSuitesSequentially(TestNG.java:1212)
	at org.testng.TestNG.runSuitesLocally(TestNG.java:1134)
	at org.testng.TestNG.runSuites(TestNG.java:1063)
	at org.testng.TestNG.run(TestNG.java:1031)
	at org.testng.remote.AbstractRemoteTestNG.run(AbstractRemoteTestNG.java:115)
	at org.testng.remote.RemoteTestNG.initAndRun(RemoteTestNG.java:251)
	at org.testng.remote.RemoteTestNG.main(RemoteTestNG.java:77)
</pre></div></td>
<td>0</td>
<td>endUserTests.EndUser_Patient_CaseReq_Tests@576d5deb</td></tr>
<tr>
<td title='tests.Admin_Client_Organization_Pages_Tests.Add_CO_UI_Tests()'><b>Add_CO_UI_Tests</b><br>Test class: tests.Admin_Client_Organization_Pages_Tests</td>
<td><div><pre>org.testng.TestNGException: 
Parameter &apos;browser&apos; is required by BeforeSuite on method EndUser_Login_Page but has not been marked @Optional or defined
in C:\Users\NICSI\Downloads\eCollabDDS\eCollabDDS\eCollabDDS\testng.xml
... Removed 16 stack frames</pre></div><a href='#' onClick='toggleBox("stack-trace463494712", this, "Click to show all stack frames", "Click to hide stack frames")'>Click to show all stack frames</a>
<div class='stack-trace' id='stack-trace463494712'><pre>org.testng.TestNGException: 
Parameter &apos;browser&apos; is required by BeforeSuite on method EndUser_Login_Page but has not been marked @Optional or defined
in C:\Users\NICSI\Downloads\eCollabDDS\eCollabDDS\eCollabDDS\testng.xml
	at org.testng.internal.Parameters.createParams(Parameters.java:270)
	at org.testng.internal.Parameters.createParametersForMethod(Parameters.java:358)
	at org.testng.internal.Parameters.createParameters(Parameters.java:700)
	at org.testng.internal.Parameters.createConfigurationParameters(Parameters.java:168)
	at org.testng.internal.ConfigInvoker.invokeConfigurations(ConfigInvoker.java:302)
	at org.testng.SuiteRunner.privateRun(SuiteRunner.java:317)
	at org.testng.SuiteRunner.run(SuiteRunner.java:276)
	at org.testng.SuiteRunnerWorker.runSuite(SuiteRunnerWorker.java:53)
	at org.testng.SuiteRunnerWorker.run(SuiteRunnerWorker.java:96)
	at org.testng.TestNG.runSuitesSequentially(TestNG.java:1212)
	at org.testng.TestNG.runSuitesLocally(TestNG.java:1134)
	at org.testng.TestNG.runSuites(TestNG.java:1063)
	at org.testng.TestNG.run(TestNG.java:1031)
	at org.testng.remote.AbstractRemoteTestNG.run(AbstractRemoteTestNG.java:115)
	at org.testng.remote.RemoteTestNG.initAndRun(RemoteTestNG.java:251)
	at org.testng.remote.RemoteTestNG.main(RemoteTestNG.java:77)
</pre></div></td>
<td>0</td>
<td>tests.Admin_Client_Organization_Pages_Tests@5e600dd5</td></tr>
<tr>
<td title='radiologistTests.Radio_Pending_Page_Tests.radio_pendingCase_Test()'><b>radio_pendingCase_Test</b><br>Test class: radiologistTests.Radio_Pending_Page_Tests</td>
<td><div><pre>org.testng.TestNGException: 
Parameter &apos;browser&apos; is required by BeforeSuite on method EndUser_Login_Page but has not been marked @Optional or defined
in C:\Users\NICSI\Downloads\eCollabDDS\eCollabDDS\eCollabDDS\testng.xml
... Removed 16 stack frames</pre></div><a href='#' onClick='toggleBox("stack-trace1407428730", this, "Click to show all stack frames", "Click to hide stack frames")'>Click to show all stack frames</a>
<div class='stack-trace' id='stack-trace1407428730'><pre>org.testng.TestNGException: 
Parameter &apos;browser&apos; is required by BeforeSuite on method EndUser_Login_Page but has not been marked @Optional or defined
in C:\Users\NICSI\Downloads\eCollabDDS\eCollabDDS\eCollabDDS\testng.xml
	at org.testng.internal.Parameters.createParams(Parameters.java:270)
	at org.testng.internal.Parameters.createParametersForMethod(Parameters.java:358)
	at org.testng.internal.Parameters.createParameters(Parameters.java:700)
	at org.testng.internal.Parameters.createConfigurationParameters(Parameters.java:168)
	at org.testng.internal.ConfigInvoker.invokeConfigurations(ConfigInvoker.java:302)
	at org.testng.SuiteRunner.privateRun(SuiteRunner.java:317)
	at org.testng.SuiteRunner.run(SuiteRunner.java:276)
	at org.testng.SuiteRunnerWorker.runSuite(SuiteRunnerWorker.java:53)
	at org.testng.SuiteRunnerWorker.run(SuiteRunnerWorker.java:96)
	at org.testng.TestNG.runSuitesSequentially(TestNG.java:1212)
	at org.testng.TestNG.runSuitesLocally(TestNG.java:1134)
	at org.testng.TestNG.runSuites(TestNG.java:1063)
	at org.testng.TestNG.run(TestNG.java:1031)
	at org.testng.remote.AbstractRemoteTestNG.run(AbstractRemoteTestNG.java:115)
	at org.testng.remote.RemoteTestNG.initAndRun(RemoteTestNG.java:251)
	at org.testng.remote.RemoteTestNG.main(RemoteTestNG.java:77)
</pre></div></td>
<td>0</td>
<td>radiologistTests.Radio_Pending_Page_Tests@4d5650ae</td></tr>
<tr>
<td title='endUserTests.EndUser_Default_Page_Tests.EndUser_vCards_Test()'><b>EndUser_vCards_Test</b><br>Test class: endUserTests.EndUser_Default_Page_Tests</td>
<td><div><pre>org.testng.TestNGException: 
Parameter &apos;browser&apos; is required by BeforeSuite on method EndUser_Login_Page but has not been marked @Optional or defined
in C:\Users\NICSI\Downloads\eCollabDDS\eCollabDDS\eCollabDDS\testng.xml
... Removed 16 stack frames</pre></div><a href='#' onClick='toggleBox("stack-trace125994398", this, "Click to show all stack frames", "Click to hide stack frames")'>Click to show all stack frames</a>
<div class='stack-trace' id='stack-trace125994398'><pre>org.testng.TestNGException: 
Parameter &apos;browser&apos; is required by BeforeSuite on method EndUser_Login_Page but has not been marked @Optional or defined
in C:\Users\NICSI\Downloads\eCollabDDS\eCollabDDS\eCollabDDS\testng.xml
	at org.testng.internal.Parameters.createParams(Parameters.java:270)
	at org.testng.internal.Parameters.createParametersForMethod(Parameters.java:358)
	at org.testng.internal.Parameters.createParameters(Parameters.java:700)
	at org.testng.internal.Parameters.createConfigurationParameters(Parameters.java:168)
	at org.testng.internal.ConfigInvoker.invokeConfigurations(ConfigInvoker.java:302)
	at org.testng.SuiteRunner.privateRun(SuiteRunner.java:317)
	at org.testng.SuiteRunner.run(SuiteRunner.java:276)
	at org.testng.SuiteRunnerWorker.runSuite(SuiteRunnerWorker.java:53)
	at org.testng.SuiteRunnerWorker.run(SuiteRunnerWorker.java:96)
	at org.testng.TestNG.runSuitesSequentially(TestNG.java:1212)
	at org.testng.TestNG.runSuitesLocally(TestNG.java:1134)
	at org.testng.TestNG.runSuites(TestNG.java:1063)
	at org.testng.TestNG.run(TestNG.java:1031)
	at org.testng.remote.AbstractRemoteTestNG.run(AbstractRemoteTestNG.java:115)
	at org.testng.remote.RemoteTestNG.initAndRun(RemoteTestNG.java:251)
	at org.testng.remote.RemoteTestNG.main(RemoteTestNG.java:77)
</pre></div></td>
<td>0</td>
<td>endUserTests.EndUser_Default_Page_Tests@273e7444</td></tr>
<tr>
<td title='radiologistTests.Radio_Default_Page_Tests.radio_myProfile_button_Test()'><b>radio_myProfile_button_Test</b><br>Test class: radiologistTests.Radio_Default_Page_Tests</td>
<td><div><pre>org.testng.TestNGException: 
Parameter &apos;browser&apos; is required by BeforeSuite on method EndUser_Login_Page but has not been marked @Optional or defined
in C:\Users\NICSI\Downloads\eCollabDDS\eCollabDDS\eCollabDDS\testng.xml
... Removed 16 stack frames</pre></div><a href='#' onClick='toggleBox("stack-trace2124261761", this, "Click to show all stack frames", "Click to hide stack frames")'>Click to show all stack frames</a>
<div class='stack-trace' id='stack-trace2124261761'><pre>org.testng.TestNGException: 
Parameter &apos;browser&apos; is required by BeforeSuite on method EndUser_Login_Page but has not been marked @Optional or defined
in C:\Users\NICSI\Downloads\eCollabDDS\eCollabDDS\eCollabDDS\testng.xml
	at org.testng.internal.Parameters.createParams(Parameters.java:270)
	at org.testng.internal.Parameters.createParametersForMethod(Parameters.java:358)
	at org.testng.internal.Parameters.createParameters(Parameters.java:700)
	at org.testng.internal.Parameters.createConfigurationParameters(Parameters.java:168)
	at org.testng.internal.ConfigInvoker.invokeConfigurations(ConfigInvoker.java:302)
	at org.testng.SuiteRunner.privateRun(SuiteRunner.java:317)
	at org.testng.SuiteRunner.run(SuiteRunner.java:276)
	at org.testng.SuiteRunnerWorker.runSuite(SuiteRunnerWorker.java:53)
	at org.testng.SuiteRunnerWorker.run(SuiteRunnerWorker.java:96)
	at org.testng.TestNG.runSuitesSequentially(TestNG.java:1212)
	at org.testng.TestNG.runSuitesLocally(TestNG.java:1134)
	at org.testng.TestNG.runSuites(TestNG.java:1063)
	at org.testng.TestNG.run(TestNG.java:1031)
	at org.testng.remote.AbstractRemoteTestNG.run(AbstractRemoteTestNG.java:115)
	at org.testng.remote.RemoteTestNG.initAndRun(RemoteTestNG.java:251)
	at org.testng.remote.RemoteTestNG.main(RemoteTestNG.java:77)
</pre></div></td>
<td>0</td>
<td>radiologistTests.Radio_Default_Page_Tests@a38c7fe</td></tr>
<tr>
<td title='tests.Admin_HospitalUsers_Pages_Tests.HospitalUsers_vCardCount_recordCount_Tests()'><b>HospitalUsers_vCardCount_recordCount_Tests</b><br>Test class: tests.Admin_HospitalUsers_Pages_Tests</td>
<td><div><pre>org.testng.TestNGException: 
Parameter &apos;browser&apos; is required by BeforeSuite on method EndUser_Login_Page but has not been marked @Optional or defined
in C:\Users\NICSI\Downloads\eCollabDDS\eCollabDDS\eCollabDDS\testng.xml
... Removed 16 stack frames</pre></div><a href='#' onClick='toggleBox("stack-trace394349340", this, "Click to show all stack frames", "Click to hide stack frames")'>Click to show all stack frames</a>
<div class='stack-trace' id='stack-trace394349340'><pre>org.testng.TestNGException: 
Parameter &apos;browser&apos; is required by BeforeSuite on method EndUser_Login_Page but has not been marked @Optional or defined
in C:\Users\NICSI\Downloads\eCollabDDS\eCollabDDS\eCollabDDS\testng.xml
	at org.testng.internal.Parameters.createParams(Parameters.java:270)
	at org.testng.internal.Parameters.createParametersForMethod(Parameters.java:358)
	at org.testng.internal.Parameters.createParameters(Parameters.java:700)
	at org.testng.internal.Parameters.createConfigurationParameters(Parameters.java:168)
	at org.testng.internal.ConfigInvoker.invokeConfigurations(ConfigInvoker.java:302)
	at org.testng.SuiteRunner.privateRun(SuiteRunner.java:317)
	at org.testng.SuiteRunner.run(SuiteRunner.java:276)
	at org.testng.SuiteRunnerWorker.runSuite(SuiteRunnerWorker.java:53)
	at org.testng.SuiteRunnerWorker.run(SuiteRunnerWorker.java:96)
	at org.testng.TestNG.runSuitesSequentially(TestNG.java:1212)
	at org.testng.TestNG.runSuitesLocally(TestNG.java:1134)
	at org.testng.TestNG.runSuites(TestNG.java:1063)
	at org.testng.TestNG.run(TestNG.java:1031)
	at org.testng.remote.AbstractRemoteTestNG.run(AbstractRemoteTestNG.java:115)
	at org.testng.remote.RemoteTestNG.initAndRun(RemoteTestNG.java:251)
	at org.testng.remote.RemoteTestNG.main(RemoteTestNG.java:77)
</pre></div></td>
<td>0</td>
<td>tests.Admin_HospitalUsers_Pages_Tests@5a45133e</td></tr>
<tr>
<td title='radiologistTests.Radio_Completed_Page_Tests.radio_Completed_Case_Tests()'><b>radio_Completed_Case_Tests</b><br>Test class: radiologistTests.Radio_Completed_Page_Tests</td>
<td><div><pre>org.testng.TestNGException: 
Parameter &apos;browser&apos; is required by BeforeSuite on method EndUser_Login_Page but has not been marked @Optional or defined
in C:\Users\NICSI\Downloads\eCollabDDS\eCollabDDS\eCollabDDS\testng.xml
... Removed 16 stack frames</pre></div><a href='#' onClick='toggleBox("stack-trace255041198", this, "Click to show all stack frames", "Click to hide stack frames")'>Click to show all stack frames</a>
<div class='stack-trace' id='stack-trace255041198'><pre>org.testng.TestNGException: 
Parameter &apos;browser&apos; is required by BeforeSuite on method EndUser_Login_Page but has not been marked @Optional or defined
in C:\Users\NICSI\Downloads\eCollabDDS\eCollabDDS\eCollabDDS\testng.xml
	at org.testng.internal.Parameters.createParams(Parameters.java:270)
	at org.testng.internal.Parameters.createParametersForMethod(Parameters.java:358)
	at org.testng.internal.Parameters.createParameters(Parameters.java:700)
	at org.testng.internal.Parameters.createConfigurationParameters(Parameters.java:168)
	at org.testng.internal.ConfigInvoker.invokeConfigurations(ConfigInvoker.java:302)
	at org.testng.SuiteRunner.privateRun(SuiteRunner.java:317)
	at org.testng.SuiteRunner.run(SuiteRunner.java:276)
	at org.testng.SuiteRunnerWorker.runSuite(SuiteRunnerWorker.java:53)
	at org.testng.SuiteRunnerWorker.run(SuiteRunnerWorker.java:96)
	at org.testng.TestNG.runSuitesSequentially(TestNG.java:1212)
	at org.testng.TestNG.runSuitesLocally(TestNG.java:1134)
	at org.testng.TestNG.runSuites(TestNG.java:1063)
	at org.testng.TestNG.run(TestNG.java:1031)
	at org.testng.remote.AbstractRemoteTestNG.run(AbstractRemoteTestNG.java:115)
	at org.testng.remote.RemoteTestNG.initAndRun(RemoteTestNG.java:251)
	at org.testng.remote.RemoteTestNG.main(RemoteTestNG.java:77)
</pre></div></td>
<td>0</td>
<td>radiologistTests.Radio_Completed_Page_Tests@70e9c95d</td></tr>
<tr>
<td title='tests.Admin_Client_Organization_Pages_Tests.Add_CO_SaveButton_Tests()'><b>Add_CO_SaveButton_Tests</b><br>Test class: tests.Admin_Client_Organization_Pages_Tests</td>
<td><div><pre>org.testng.TestNGException: 
Parameter &apos;browser&apos; is required by BeforeSuite on method EndUser_Login_Page but has not been marked @Optional or defined
in C:\Users\NICSI\Downloads\eCollabDDS\eCollabDDS\eCollabDDS\testng.xml
... Removed 16 stack frames</pre></div><a href='#' onClick='toggleBox("stack-trace113416412", this, "Click to show all stack frames", "Click to hide stack frames")'>Click to show all stack frames</a>
<div class='stack-trace' id='stack-trace113416412'><pre>org.testng.TestNGException: 
Parameter &apos;browser&apos; is required by BeforeSuite on method EndUser_Login_Page but has not been marked @Optional or defined
in C:\Users\NICSI\Downloads\eCollabDDS\eCollabDDS\eCollabDDS\testng.xml
	at org.testng.internal.Parameters.createParams(Parameters.java:270)
	at org.testng.internal.Parameters.createParametersForMethod(Parameters.java:358)
	at org.testng.internal.Parameters.createParameters(Parameters.java:700)
	at org.testng.internal.Parameters.createConfigurationParameters(Parameters.java:168)
	at org.testng.internal.ConfigInvoker.invokeConfigurations(ConfigInvoker.java:302)
	at org.testng.SuiteRunner.privateRun(SuiteRunner.java:317)
	at org.testng.SuiteRunner.run(SuiteRunner.java:276)
	at org.testng.SuiteRunnerWorker.runSuite(SuiteRunnerWorker.java:53)
	at org.testng.SuiteRunnerWorker.run(SuiteRunnerWorker.java:96)
	at org.testng.TestNG.runSuitesSequentially(TestNG.java:1212)
	at org.testng.TestNG.runSuitesLocally(TestNG.java:1134)
	at org.testng.TestNG.runSuites(TestNG.java:1063)
	at org.testng.TestNG.run(TestNG.java:1031)
	at org.testng.remote.AbstractRemoteTestNG.run(AbstractRemoteTestNG.java:115)
	at org.testng.remote.RemoteTestNG.initAndRun(RemoteTestNG.java:251)
	at org.testng.remote.RemoteTestNG.main(RemoteTestNG.java:77)
</pre></div></td>
<td>0</td>
<td>tests.Admin_Client_Organization_Pages_Tests@5e600dd5</td></tr>
<tr>
<td title='endUserTests.EndUser_Default_Page_Tests.EndUser_myProfile_button_Test()'><b>EndUser_myProfile_button_Test</b><br>Test class: endUserTests.EndUser_Default_Page_Tests</td>
<td><div><pre>org.testng.TestNGException: 
Parameter &apos;browser&apos; is required by BeforeSuite on method EndUser_Login_Page but has not been marked @Optional or defined
in C:\Users\NICSI\Downloads\eCollabDDS\eCollabDDS\eCollabDDS\testng.xml
... Removed 16 stack frames</pre></div><a href='#' onClick='toggleBox("stack-trace441001942", this, "Click to show all stack frames", "Click to hide stack frames")'>Click to show all stack frames</a>
<div class='stack-trace' id='stack-trace441001942'><pre>org.testng.TestNGException: 
Parameter &apos;browser&apos; is required by BeforeSuite on method EndUser_Login_Page but has not been marked @Optional or defined
in C:\Users\NICSI\Downloads\eCollabDDS\eCollabDDS\eCollabDDS\testng.xml
	at org.testng.internal.Parameters.createParams(Parameters.java:270)
	at org.testng.internal.Parameters.createParametersForMethod(Parameters.java:358)
	at org.testng.internal.Parameters.createParameters(Parameters.java:700)
	at org.testng.internal.Parameters.createConfigurationParameters(Parameters.java:168)
	at org.testng.internal.ConfigInvoker.invokeConfigurations(ConfigInvoker.java:302)
	at org.testng.SuiteRunner.privateRun(SuiteRunner.java:317)
	at org.testng.SuiteRunner.run(SuiteRunner.java:276)
	at org.testng.SuiteRunnerWorker.runSuite(SuiteRunnerWorker.java:53)
	at org.testng.SuiteRunnerWorker.run(SuiteRunnerWorker.java:96)
	at org.testng.TestNG.runSuitesSequentially(TestNG.java:1212)
	at org.testng.TestNG.runSuitesLocally(TestNG.java:1134)
	at org.testng.TestNG.runSuites(TestNG.java:1063)
	at org.testng.TestNG.run(TestNG.java:1031)
	at org.testng.remote.AbstractRemoteTestNG.run(AbstractRemoteTestNG.java:115)
	at org.testng.remote.RemoteTestNG.initAndRun(RemoteTestNG.java:251)
	at org.testng.remote.RemoteTestNG.main(RemoteTestNG.java:77)
</pre></div></td>
<td>0</td>
<td>endUserTests.EndUser_Default_Page_Tests@273e7444</td></tr>
<tr>
<td title='tests.Admin_Client_Application_Pages_Tests.Add_CA_Form_NegTests()'><b>Add_CA_Form_NegTests</b><br>Test class: tests.Admin_Client_Application_Pages_Tests<br>Parameters: zzzz, zzzzzzzzz, zz, zz, zz, 123456789</td>
<td><div><pre>org.testng.TestNGException: 
Parameter &apos;browser&apos; is required by BeforeSuite on method EndUser_Login_Page but has not been marked @Optional or defined
in C:\Users\NICSI\Downloads\eCollabDDS\eCollabDDS\eCollabDDS\testng.xml
... Removed 16 stack frames</pre></div><a href='#' onClick='toggleBox("stack-trace73608444", this, "Click to show all stack frames", "Click to hide stack frames")'>Click to show all stack frames</a>
<div class='stack-trace' id='stack-trace73608444'><pre>org.testng.TestNGException: 
Parameter &apos;browser&apos; is required by BeforeSuite on method EndUser_Login_Page but has not been marked @Optional or defined
in C:\Users\NICSI\Downloads\eCollabDDS\eCollabDDS\eCollabDDS\testng.xml
	at org.testng.internal.Parameters.createParams(Parameters.java:270)
	at org.testng.internal.Parameters.createParametersForMethod(Parameters.java:358)
	at org.testng.internal.Parameters.createParameters(Parameters.java:700)
	at org.testng.internal.Parameters.createConfigurationParameters(Parameters.java:168)
	at org.testng.internal.ConfigInvoker.invokeConfigurations(ConfigInvoker.java:302)
	at org.testng.SuiteRunner.privateRun(SuiteRunner.java:317)
	at org.testng.SuiteRunner.run(SuiteRunner.java:276)
	at org.testng.SuiteRunnerWorker.runSuite(SuiteRunnerWorker.java:53)
	at org.testng.SuiteRunnerWorker.run(SuiteRunnerWorker.java:96)
	at org.testng.TestNG.runSuitesSequentially(TestNG.java:1212)
	at org.testng.TestNG.runSuitesLocally(TestNG.java:1134)
	at org.testng.TestNG.runSuites(TestNG.java:1063)
	at org.testng.TestNG.run(TestNG.java:1031)
	at org.testng.remote.AbstractRemoteTestNG.run(AbstractRemoteTestNG.java:115)
	at org.testng.remote.RemoteTestNG.initAndRun(RemoteTestNG.java:251)
	at org.testng.remote.RemoteTestNG.main(RemoteTestNG.java:77)
</pre></div></td>
<td>0</td>
<td>tests.Admin_Client_Application_Pages_Tests@1ed6388a</td></tr>
<tr>
<td title='tests.Admin_HospitalUsers_Pages_Tests.HosUsers_Search_Tests()'><b>HosUsers_Search_Tests</b><br>Test class: tests.Admin_HospitalUsers_Pages_Tests</td>
<td><div><pre>org.testng.TestNGException: 
Parameter &apos;browser&apos; is required by BeforeSuite on method EndUser_Login_Page but has not been marked @Optional or defined
in C:\Users\NICSI\Downloads\eCollabDDS\eCollabDDS\eCollabDDS\testng.xml
... Removed 16 stack frames</pre></div><a href='#' onClick='toggleBox("stack-trace408909888", this, "Click to show all stack frames", "Click to hide stack frames")'>Click to show all stack frames</a>
<div class='stack-trace' id='stack-trace408909888'><pre>org.testng.TestNGException: 
Parameter &apos;browser&apos; is required by BeforeSuite on method EndUser_Login_Page but has not been marked @Optional or defined
in C:\Users\NICSI\Downloads\eCollabDDS\eCollabDDS\eCollabDDS\testng.xml
	at org.testng.internal.Parameters.createParams(Parameters.java:270)
	at org.testng.internal.Parameters.createParametersForMethod(Parameters.java:358)
	at org.testng.internal.Parameters.createParameters(Parameters.java:700)
	at org.testng.internal.Parameters.createConfigurationParameters(Parameters.java:168)
	at org.testng.internal.ConfigInvoker.invokeConfigurations(ConfigInvoker.java:302)
	at org.testng.SuiteRunner.privateRun(SuiteRunner.java:317)
	at org.testng.SuiteRunner.run(SuiteRunner.java:276)
	at org.testng.SuiteRunnerWorker.runSuite(SuiteRunnerWorker.java:53)
	at org.testng.SuiteRunnerWorker.run(SuiteRunnerWorker.java:96)
	at org.testng.TestNG.runSuitesSequentially(TestNG.java:1212)
	at org.testng.TestNG.runSuitesLocally(TestNG.java:1134)
	at org.testng.TestNG.runSuites(TestNG.java:1063)
	at org.testng.TestNG.run(TestNG.java:1031)
	at org.testng.remote.AbstractRemoteTestNG.run(AbstractRemoteTestNG.java:115)
	at org.testng.remote.RemoteTestNG.initAndRun(RemoteTestNG.java:251)
	at org.testng.remote.RemoteTestNG.main(RemoteTestNG.java:77)
</pre></div></td>
<td>0</td>
<td>tests.Admin_HospitalUsers_Pages_Tests@5a45133e</td></tr>
<tr>
<td title='tests.Admin_Hospitals_Pages_Tests.List_Hospitals_EnduserHosData_Update_Tests()'><b>List_Hospitals_EnduserHosData_Update_Tests</b><br>Test class: tests.Admin_Hospitals_Pages_Tests</td>
<td><div><pre>org.testng.TestNGException: 
Parameter &apos;browser&apos; is required by BeforeSuite on method EndUser_Login_Page but has not been marked @Optional or defined
in C:\Users\NICSI\Downloads\eCollabDDS\eCollabDDS\eCollabDDS\testng.xml
... Removed 16 stack frames</pre></div><a href='#' onClick='toggleBox("stack-trace318288344", this, "Click to show all stack frames", "Click to hide stack frames")'>Click to show all stack frames</a>
<div class='stack-trace' id='stack-trace318288344'><pre>org.testng.TestNGException: 
Parameter &apos;browser&apos; is required by BeforeSuite on method EndUser_Login_Page but has not been marked @Optional or defined
in C:\Users\NICSI\Downloads\eCollabDDS\eCollabDDS\eCollabDDS\testng.xml
	at org.testng.internal.Parameters.createParams(Parameters.java:270)
	at org.testng.internal.Parameters.createParametersForMethod(Parameters.java:358)
	at org.testng.internal.Parameters.createParameters(Parameters.java:700)
	at org.testng.internal.Parameters.createConfigurationParameters(Parameters.java:168)
	at org.testng.internal.ConfigInvoker.invokeConfigurations(ConfigInvoker.java:302)
	at org.testng.SuiteRunner.privateRun(SuiteRunner.java:317)
	at org.testng.SuiteRunner.run(SuiteRunner.java:276)
	at org.testng.SuiteRunnerWorker.runSuite(SuiteRunnerWorker.java:53)
	at org.testng.SuiteRunnerWorker.run(SuiteRunnerWorker.java:96)
	at org.testng.TestNG.runSuitesSequentially(TestNG.java:1212)
	at org.testng.TestNG.runSuitesLocally(TestNG.java:1134)
	at org.testng.TestNG.runSuites(TestNG.java:1063)
	at org.testng.TestNG.run(TestNG.java:1031)
	at org.testng.remote.AbstractRemoteTestNG.run(AbstractRemoteTestNG.java:115)
	at org.testng.remote.RemoteTestNG.initAndRun(RemoteTestNG.java:251)
	at org.testng.remote.RemoteTestNG.main(RemoteTestNG.java:77)
</pre></div></td>
<td>0</td>
<td>tests.Admin_Hospitals_Pages_Tests@4f80542f</td></tr>
<tr>
<td title='tests.Admin_Client_Organization_Pages_Tests.List_CO_Buttons_Tests()'><b>List_CO_Buttons_Tests</b><br>Test class: tests.Admin_Client_Organization_Pages_Tests</td>
<td><div><pre>org.testng.TestNGException: 
Parameter &apos;browser&apos; is required by BeforeSuite on method EndUser_Login_Page but has not been marked @Optional or defined
in C:\Users\NICSI\Downloads\eCollabDDS\eCollabDDS\eCollabDDS\testng.xml
... Removed 16 stack frames</pre></div><a href='#' onClick='toggleBox("stack-trace1661803311", this, "Click to show all stack frames", "Click to hide stack frames")'>Click to show all stack frames</a>
<div class='stack-trace' id='stack-trace1661803311'><pre>org.testng.TestNGException: 
Parameter &apos;browser&apos; is required by BeforeSuite on method EndUser_Login_Page but has not been marked @Optional or defined
in C:\Users\NICSI\Downloads\eCollabDDS\eCollabDDS\eCollabDDS\testng.xml
	at org.testng.internal.Parameters.createParams(Parameters.java:270)
	at org.testng.internal.Parameters.createParametersForMethod(Parameters.java:358)
	at org.testng.internal.Parameters.createParameters(Parameters.java:700)
	at org.testng.internal.Parameters.createConfigurationParameters(Parameters.java:168)
	at org.testng.internal.ConfigInvoker.invokeConfigurations(ConfigInvoker.java:302)
	at org.testng.SuiteRunner.privateRun(SuiteRunner.java:317)
	at org.testng.SuiteRunner.run(SuiteRunner.java:276)
	at org.testng.SuiteRunnerWorker.runSuite(SuiteRunnerWorker.java:53)
	at org.testng.SuiteRunnerWorker.run(SuiteRunnerWorker.java:96)
	at org.testng.TestNG.runSuitesSequentially(TestNG.java:1212)
	at org.testng.TestNG.runSuitesLocally(TestNG.java:1134)
	at org.testng.TestNG.runSuites(TestNG.java:1063)
	at org.testng.TestNG.run(TestNG.java:1031)
	at org.testng.remote.AbstractRemoteTestNG.run(AbstractRemoteTestNG.java:115)
	at org.testng.remote.RemoteTestNG.initAndRun(RemoteTestNG.java:251)
	at org.testng.remote.RemoteTestNG.main(RemoteTestNG.java:77)
</pre></div></td>
<td>0</td>
<td>tests.Admin_Client_Organization_Pages_Tests@5e600dd5</td></tr>
<tr>
<td title='endUserTests.EndUser_Patient_CaseReq_Tests.Open_Patient_Tests()'><b>Open_Patient_Tests</b><br>Test class: endUserTests.EndUser_Patient_CaseReq_Tests</td>
<td><div><pre>org.testng.TestNGException: 
Parameter &apos;browser&apos; is required by BeforeSuite on method EndUser_Login_Page but has not been marked @Optional or defined
in C:\Users\NICSI\Downloads\eCollabDDS\eCollabDDS\eCollabDDS\testng.xml
... Removed 16 stack frames</pre></div><a href='#' onClick='toggleBox("stack-trace32737623", this, "Click to show all stack frames", "Click to hide stack frames")'>Click to show all stack frames</a>
<div class='stack-trace' id='stack-trace32737623'><pre>org.testng.TestNGException: 
Parameter &apos;browser&apos; is required by BeforeSuite on method EndUser_Login_Page but has not been marked @Optional or defined
in C:\Users\NICSI\Downloads\eCollabDDS\eCollabDDS\eCollabDDS\testng.xml
	at org.testng.internal.Parameters.createParams(Parameters.java:270)
	at org.testng.internal.Parameters.createParametersForMethod(Parameters.java:358)
	at org.testng.internal.Parameters.createParameters(Parameters.java:700)
	at org.testng.internal.Parameters.createConfigurationParameters(Parameters.java:168)
	at org.testng.internal.ConfigInvoker.invokeConfigurations(ConfigInvoker.java:302)
	at org.testng.SuiteRunner.privateRun(SuiteRunner.java:317)
	at org.testng.SuiteRunner.run(SuiteRunner.java:276)
	at org.testng.SuiteRunnerWorker.runSuite(SuiteRunnerWorker.java:53)
	at org.testng.SuiteRunnerWorker.run(SuiteRunnerWorker.java:96)
	at org.testng.TestNG.runSuitesSequentially(TestNG.java:1212)
	at org.testng.TestNG.runSuitesLocally(TestNG.java:1134)
	at org.testng.TestNG.runSuites(TestNG.java:1063)
	at org.testng.TestNG.run(TestNG.java:1031)
	at org.testng.remote.AbstractRemoteTestNG.run(AbstractRemoteTestNG.java:115)
	at org.testng.remote.RemoteTestNG.initAndRun(RemoteTestNG.java:251)
	at org.testng.remote.RemoteTestNG.main(RemoteTestNG.java:77)
</pre></div></td>
<td>0</td>
<td>endUserTests.EndUser_Patient_CaseReq_Tests@576d5deb</td></tr>
<tr>
<td title='tests.Admin_Client_Application_Pages_Tests.List_CA_Buttons_Test()'><b>List_CA_Buttons_Test</b><br>Test class: tests.Admin_Client_Application_Pages_Tests</td>
<td><div><pre>org.testng.TestNGException: 
Parameter &apos;browser&apos; is required by BeforeSuite on method EndUser_Login_Page but has not been marked @Optional or defined
in C:\Users\NICSI\Downloads\eCollabDDS\eCollabDDS\eCollabDDS\testng.xml
... Removed 16 stack frames</pre></div><a href='#' onClick='toggleBox("stack-trace1550080835", this, "Click to show all stack frames", "Click to hide stack frames")'>Click to show all stack frames</a>
<div class='stack-trace' id='stack-trace1550080835'><pre>org.testng.TestNGException: 
Parameter &apos;browser&apos; is required by BeforeSuite on method EndUser_Login_Page but has not been marked @Optional or defined
in C:\Users\NICSI\Downloads\eCollabDDS\eCollabDDS\eCollabDDS\testng.xml
	at org.testng.internal.Parameters.createParams(Parameters.java:270)
	at org.testng.internal.Parameters.createParametersForMethod(Parameters.java:358)
	at org.testng.internal.Parameters.createParameters(Parameters.java:700)
	at org.testng.internal.Parameters.createConfigurationParameters(Parameters.java:168)
	at org.testng.internal.ConfigInvoker.invokeConfigurations(ConfigInvoker.java:302)
	at org.testng.SuiteRunner.privateRun(SuiteRunner.java:317)
	at org.testng.SuiteRunner.run(SuiteRunner.java:276)
	at org.testng.SuiteRunnerWorker.runSuite(SuiteRunnerWorker.java:53)
	at org.testng.SuiteRunnerWorker.run(SuiteRunnerWorker.java:96)
	at org.testng.TestNG.runSuitesSequentially(TestNG.java:1212)
	at org.testng.TestNG.runSuitesLocally(TestNG.java:1134)
	at org.testng.TestNG.runSuites(TestNG.java:1063)
	at org.testng.TestNG.run(TestNG.java:1031)
	at org.testng.remote.AbstractRemoteTestNG.run(AbstractRemoteTestNG.java:115)
	at org.testng.remote.RemoteTestNG.initAndRun(RemoteTestNG.java:251)
	at org.testng.remote.RemoteTestNG.main(RemoteTestNG.java:77)
</pre></div></td>
<td>0</td>
<td>tests.Admin_Client_Application_Pages_Tests@1ed6388a</td></tr>
<tr>
<td title='radiologistTests.Radio_Completed_Page_Tests.radio_Completed_Default_Tests()'><b>radio_Completed_Default_Tests</b><br>Test class: radiologistTests.Radio_Completed_Page_Tests</td>
<td><div><pre>org.testng.TestNGException: 
Parameter &apos;browser&apos; is required by BeforeSuite on method EndUser_Login_Page but has not been marked @Optional or defined
in C:\Users\NICSI\Downloads\eCollabDDS\eCollabDDS\eCollabDDS\testng.xml
... Removed 16 stack frames</pre></div><a href='#' onClick='toggleBox("stack-trace1646234040", this, "Click to show all stack frames", "Click to hide stack frames")'>Click to show all stack frames</a>
<div class='stack-trace' id='stack-trace1646234040'><pre>org.testng.TestNGException: 
Parameter &apos;browser&apos; is required by BeforeSuite on method EndUser_Login_Page but has not been marked @Optional or defined
in C:\Users\NICSI\Downloads\eCollabDDS\eCollabDDS\eCollabDDS\testng.xml
	at org.testng.internal.Parameters.createParams(Parameters.java:270)
	at org.testng.internal.Parameters.createParametersForMethod(Parameters.java:358)
	at org.testng.internal.Parameters.createParameters(Parameters.java:700)
	at org.testng.internal.Parameters.createConfigurationParameters(Parameters.java:168)
	at org.testng.internal.ConfigInvoker.invokeConfigurations(ConfigInvoker.java:302)
	at org.testng.SuiteRunner.privateRun(SuiteRunner.java:317)
	at org.testng.SuiteRunner.run(SuiteRunner.java:276)
	at org.testng.SuiteRunnerWorker.runSuite(SuiteRunnerWorker.java:53)
	at org.testng.SuiteRunnerWorker.run(SuiteRunnerWorker.java:96)
	at org.testng.TestNG.runSuitesSequentially(TestNG.java:1212)
	at org.testng.TestNG.runSuitesLocally(TestNG.java:1134)
	at org.testng.TestNG.runSuites(TestNG.java:1063)
	at org.testng.TestNG.run(TestNG.java:1031)
	at org.testng.remote.AbstractRemoteTestNG.run(AbstractRemoteTestNG.java:115)
	at org.testng.remote.RemoteTestNG.initAndRun(RemoteTestNG.java:251)
	at org.testng.remote.RemoteTestNG.main(RemoteTestNG.java:77)
</pre></div></td>
<td>0</td>
<td>radiologistTests.Radio_Completed_Page_Tests@70e9c95d</td></tr>
<tr>
<td title='endUserTests.EndUser_Default_Page_Tests.EndUser_vCards_Counts_Test()'><b>EndUser_vCards_Counts_Test</b><br>Test class: endUserTests.EndUser_Default_Page_Tests</td>
<td><div><pre>org.testng.TestNGException: 
Parameter &apos;browser&apos; is required by BeforeSuite on method EndUser_Login_Page but has not been marked @Optional or defined
in C:\Users\NICSI\Downloads\eCollabDDS\eCollabDDS\eCollabDDS\testng.xml
... Removed 16 stack frames</pre></div><a href='#' onClick='toggleBox("stack-trace603305436", this, "Click to show all stack frames", "Click to hide stack frames")'>Click to show all stack frames</a>
<div class='stack-trace' id='stack-trace603305436'><pre>org.testng.TestNGException: 
Parameter &apos;browser&apos; is required by BeforeSuite on method EndUser_Login_Page but has not been marked @Optional or defined
in C:\Users\NICSI\Downloads\eCollabDDS\eCollabDDS\eCollabDDS\testng.xml
	at org.testng.internal.Parameters.createParams(Parameters.java:270)
	at org.testng.internal.Parameters.createParametersForMethod(Parameters.java:358)
	at org.testng.internal.Parameters.createParameters(Parameters.java:700)
	at org.testng.internal.Parameters.createConfigurationParameters(Parameters.java:168)
	at org.testng.internal.ConfigInvoker.invokeConfigurations(ConfigInvoker.java:302)
	at org.testng.SuiteRunner.privateRun(SuiteRunner.java:317)
	at org.testng.SuiteRunner.run(SuiteRunner.java:276)
	at org.testng.SuiteRunnerWorker.runSuite(SuiteRunnerWorker.java:53)
	at org.testng.SuiteRunnerWorker.run(SuiteRunnerWorker.java:96)
	at org.testng.TestNG.runSuitesSequentially(TestNG.java:1212)
	at org.testng.TestNG.runSuitesLocally(TestNG.java:1134)
	at org.testng.TestNG.runSuites(TestNG.java:1063)
	at org.testng.TestNG.run(TestNG.java:1031)
	at org.testng.remote.AbstractRemoteTestNG.run(AbstractRemoteTestNG.java:115)
	at org.testng.remote.RemoteTestNG.initAndRun(RemoteTestNG.java:251)
	at org.testng.remote.RemoteTestNG.main(RemoteTestNG.java:77)
</pre></div></td>
<td>0</td>
<td>endUserTests.EndUser_Default_Page_Tests@273e7444</td></tr>
<tr>
<td title='tests.Admin_HospitalUsers_Pages_Tests.Admin_HospitalUsers_DefaultPage_Tests()'><b>Admin_HospitalUsers_DefaultPage_Tests</b><br>Test class: tests.Admin_HospitalUsers_Pages_Tests</td>
<td><div><pre>org.testng.TestNGException: 
Parameter &apos;browser&apos; is required by BeforeSuite on method EndUser_Login_Page but has not been marked @Optional or defined
in C:\Users\NICSI\Downloads\eCollabDDS\eCollabDDS\eCollabDDS\testng.xml
... Removed 16 stack frames</pre></div><a href='#' onClick='toggleBox("stack-trace62915435", this, "Click to show all stack frames", "Click to hide stack frames")'>Click to show all stack frames</a>
<div class='stack-trace' id='stack-trace62915435'><pre>org.testng.TestNGException: 
Parameter &apos;browser&apos; is required by BeforeSuite on method EndUser_Login_Page but has not been marked @Optional or defined
in C:\Users\NICSI\Downloads\eCollabDDS\eCollabDDS\eCollabDDS\testng.xml
	at org.testng.internal.Parameters.createParams(Parameters.java:270)
	at org.testng.internal.Parameters.createParametersForMethod(Parameters.java:358)
	at org.testng.internal.Parameters.createParameters(Parameters.java:700)
	at org.testng.internal.Parameters.createConfigurationParameters(Parameters.java:168)
	at org.testng.internal.ConfigInvoker.invokeConfigurations(ConfigInvoker.java:302)
	at org.testng.SuiteRunner.privateRun(SuiteRunner.java:317)
	at org.testng.SuiteRunner.run(SuiteRunner.java:276)
	at org.testng.SuiteRunnerWorker.runSuite(SuiteRunnerWorker.java:53)
	at org.testng.SuiteRunnerWorker.run(SuiteRunnerWorker.java:96)
	at org.testng.TestNG.runSuitesSequentially(TestNG.java:1212)
	at org.testng.TestNG.runSuitesLocally(TestNG.java:1134)
	at org.testng.TestNG.runSuites(TestNG.java:1063)
	at org.testng.TestNG.run(TestNG.java:1031)
	at org.testng.remote.AbstractRemoteTestNG.run(AbstractRemoteTestNG.java:115)
	at org.testng.remote.RemoteTestNG.initAndRun(RemoteTestNG.java:251)
	at org.testng.remote.RemoteTestNG.main(RemoteTestNG.java:77)
</pre></div></td>
<td>0</td>
<td>tests.Admin_HospitalUsers_Pages_Tests@5a45133e</td></tr>
<tr>
<td title='tests.Admin_Client_Application_Pages_Tests.Open_Client_Application_Tests()'><b>Open_Client_Application_Tests</b><br>Test class: tests.Admin_Client_Application_Pages_Tests</td>
<td><div><pre>org.testng.TestNGException: 
Parameter &apos;browser&apos; is required by BeforeSuite on method EndUser_Login_Page but has not been marked @Optional or defined
in C:\Users\NICSI\Downloads\eCollabDDS\eCollabDDS\eCollabDDS\testng.xml
... Removed 16 stack frames</pre></div><a href='#' onClick='toggleBox("stack-trace136393487", this, "Click to show all stack frames", "Click to hide stack frames")'>Click to show all stack frames</a>
<div class='stack-trace' id='stack-trace136393487'><pre>org.testng.TestNGException: 
Parameter &apos;browser&apos; is required by BeforeSuite on method EndUser_Login_Page but has not been marked @Optional or defined
in C:\Users\NICSI\Downloads\eCollabDDS\eCollabDDS\eCollabDDS\testng.xml
	at org.testng.internal.Parameters.createParams(Parameters.java:270)
	at org.testng.internal.Parameters.createParametersForMethod(Parameters.java:358)
	at org.testng.internal.Parameters.createParameters(Parameters.java:700)
	at org.testng.internal.Parameters.createConfigurationParameters(Parameters.java:168)
	at org.testng.internal.ConfigInvoker.invokeConfigurations(ConfigInvoker.java:302)
	at org.testng.SuiteRunner.privateRun(SuiteRunner.java:317)
	at org.testng.SuiteRunner.run(SuiteRunner.java:276)
	at org.testng.SuiteRunnerWorker.runSuite(SuiteRunnerWorker.java:53)
	at org.testng.SuiteRunnerWorker.run(SuiteRunnerWorker.java:96)
	at org.testng.TestNG.runSuitesSequentially(TestNG.java:1212)
	at org.testng.TestNG.runSuitesLocally(TestNG.java:1134)
	at org.testng.TestNG.runSuites(TestNG.java:1063)
	at org.testng.TestNG.run(TestNG.java:1031)
	at org.testng.remote.AbstractRemoteTestNG.run(AbstractRemoteTestNG.java:115)
	at org.testng.remote.RemoteTestNG.initAndRun(RemoteTestNG.java:251)
	at org.testng.remote.RemoteTestNG.main(RemoteTestNG.java:77)
</pre></div></td>
<td>0</td>
<td>tests.Admin_Client_Application_Pages_Tests@1ed6388a</td></tr>
<tr>
<td title='radiologistTests.Radio_Login_Tests.login_Radio_Test()'><b>login_Radio_Test</b><br>Test class: radiologistTests.Radio_Login_Tests</td>
<td><div><pre>org.testng.TestNGException: 
Parameter &apos;browser&apos; is required by BeforeSuite on method EndUser_Login_Page but has not been marked @Optional or defined
in C:\Users\NICSI\Downloads\eCollabDDS\eCollabDDS\eCollabDDS\testng.xml
... Removed 16 stack frames</pre></div><a href='#' onClick='toggleBox("stack-trace1956296628", this, "Click to show all stack frames", "Click to hide stack frames")'>Click to show all stack frames</a>
<div class='stack-trace' id='stack-trace1956296628'><pre>org.testng.TestNGException: 
Parameter &apos;browser&apos; is required by BeforeSuite on method EndUser_Login_Page but has not been marked @Optional or defined
in C:\Users\NICSI\Downloads\eCollabDDS\eCollabDDS\eCollabDDS\testng.xml
	at org.testng.internal.Parameters.createParams(Parameters.java:270)
	at org.testng.internal.Parameters.createParametersForMethod(Parameters.java:358)
	at org.testng.internal.Parameters.createParameters(Parameters.java:700)
	at org.testng.internal.Parameters.createConfigurationParameters(Parameters.java:168)
	at org.testng.internal.ConfigInvoker.invokeConfigurations(ConfigInvoker.java:302)
	at org.testng.SuiteRunner.privateRun(SuiteRunner.java:317)
	at org.testng.SuiteRunner.run(SuiteRunner.java:276)
	at org.testng.SuiteRunnerWorker.runSuite(SuiteRunnerWorker.java:53)
	at org.testng.SuiteRunnerWorker.run(SuiteRunnerWorker.java:96)
	at org.testng.TestNG.runSuitesSequentially(TestNG.java:1212)
	at org.testng.TestNG.runSuitesLocally(TestNG.java:1134)
	at org.testng.TestNG.runSuites(TestNG.java:1063)
	at org.testng.TestNG.run(TestNG.java:1031)
	at org.testng.remote.AbstractRemoteTestNG.run(AbstractRemoteTestNG.java:115)
	at org.testng.remote.RemoteTestNG.initAndRun(RemoteTestNG.java:251)
	at org.testng.remote.RemoteTestNG.main(RemoteTestNG.java:77)
</pre></div></td>
<td>0</td>
<td>radiologistTests.Radio_Login_Tests@121314f7</td></tr>
<tr>
<td title='tests.Admin_Hospitals_Pages_Tests.Open_Hospitals_Tests()'><b>Open_Hospitals_Tests</b><br>Test class: tests.Admin_Hospitals_Pages_Tests</td>
<td><div><pre>org.testng.TestNGException: 
Parameter &apos;browser&apos; is required by BeforeSuite on method EndUser_Login_Page but has not been marked @Optional or defined
in C:\Users\NICSI\Downloads\eCollabDDS\eCollabDDS\eCollabDDS\testng.xml
... Removed 16 stack frames</pre></div><a href='#' onClick='toggleBox("stack-trace498820363", this, "Click to show all stack frames", "Click to hide stack frames")'>Click to show all stack frames</a>
<div class='stack-trace' id='stack-trace498820363'><pre>org.testng.TestNGException: 
Parameter &apos;browser&apos; is required by BeforeSuite on method EndUser_Login_Page but has not been marked @Optional or defined
in C:\Users\NICSI\Downloads\eCollabDDS\eCollabDDS\eCollabDDS\testng.xml
	at org.testng.internal.Parameters.createParams(Parameters.java:270)
	at org.testng.internal.Parameters.createParametersForMethod(Parameters.java:358)
	at org.testng.internal.Parameters.createParameters(Parameters.java:700)
	at org.testng.internal.Parameters.createConfigurationParameters(Parameters.java:168)
	at org.testng.internal.ConfigInvoker.invokeConfigurations(ConfigInvoker.java:302)
	at org.testng.SuiteRunner.privateRun(SuiteRunner.java:317)
	at org.testng.SuiteRunner.run(SuiteRunner.java:276)
	at org.testng.SuiteRunnerWorker.runSuite(SuiteRunnerWorker.java:53)
	at org.testng.SuiteRunnerWorker.run(SuiteRunnerWorker.java:96)
	at org.testng.TestNG.runSuitesSequentially(TestNG.java:1212)
	at org.testng.TestNG.runSuitesLocally(TestNG.java:1134)
	at org.testng.TestNG.runSuites(TestNG.java:1063)
	at org.testng.TestNG.run(TestNG.java:1031)
	at org.testng.remote.AbstractRemoteTestNG.run(AbstractRemoteTestNG.java:115)
	at org.testng.remote.RemoteTestNG.initAndRun(RemoteTestNG.java:251)
	at org.testng.remote.RemoteTestNG.main(RemoteTestNG.java:77)
</pre></div></td>
<td>0</td>
<td>tests.Admin_Hospitals_Pages_Tests@4f80542f</td></tr>
<tr>
<td title='tests.Admin_Hospitals_Pages_Tests.Hospitals_AddEndUserHos_NoData_Tests()'><b>Hospitals_AddEndUserHos_NoData_Tests</b><br>Test class: tests.Admin_Hospitals_Pages_Tests</td>
<td><div><pre>org.testng.TestNGException: 
Parameter &apos;browser&apos; is required by BeforeSuite on method EndUser_Login_Page but has not been marked @Optional or defined
in C:\Users\NICSI\Downloads\eCollabDDS\eCollabDDS\eCollabDDS\testng.xml
... Removed 16 stack frames</pre></div><a href='#' onClick='toggleBox("stack-trace1676428380", this, "Click to show all stack frames", "Click to hide stack frames")'>Click to show all stack frames</a>
<div class='stack-trace' id='stack-trace1676428380'><pre>org.testng.TestNGException: 
Parameter &apos;browser&apos; is required by BeforeSuite on method EndUser_Login_Page but has not been marked @Optional or defined
in C:\Users\NICSI\Downloads\eCollabDDS\eCollabDDS\eCollabDDS\testng.xml
	at org.testng.internal.Parameters.createParams(Parameters.java:270)
	at org.testng.internal.Parameters.createParametersForMethod(Parameters.java:358)
	at org.testng.internal.Parameters.createParameters(Parameters.java:700)
	at org.testng.internal.Parameters.createConfigurationParameters(Parameters.java:168)
	at org.testng.internal.ConfigInvoker.invokeConfigurations(ConfigInvoker.java:302)
	at org.testng.SuiteRunner.privateRun(SuiteRunner.java:317)
	at org.testng.SuiteRunner.run(SuiteRunner.java:276)
	at org.testng.SuiteRunnerWorker.runSuite(SuiteRunnerWorker.java:53)
	at org.testng.SuiteRunnerWorker.run(SuiteRunnerWorker.java:96)
	at org.testng.TestNG.runSuitesSequentially(TestNG.java:1212)
	at org.testng.TestNG.runSuitesLocally(TestNG.java:1134)
	at org.testng.TestNG.runSuites(TestNG.java:1063)
	at org.testng.TestNG.run(TestNG.java:1031)
	at org.testng.remote.AbstractRemoteTestNG.run(AbstractRemoteTestNG.java:115)
	at org.testng.remote.RemoteTestNG.initAndRun(RemoteTestNG.java:251)
	at org.testng.remote.RemoteTestNG.main(RemoteTestNG.java:77)
</pre></div></td>
<td>0</td>
<td>tests.Admin_Hospitals_Pages_Tests@4f80542f</td></tr>
<tr>
<td title='tests.Admin_Hospitals_Pages_Tests.AddEndUserHos_Neg_Tests()'><b>AddEndUserHos_Neg_Tests</b><br>Test class: tests.Admin_Hospitals_Pages_Tests<br>Parameters: zz, zz, zz, zzzzzz</td>
<td><div><pre>org.testng.TestNGException: 
Parameter &apos;browser&apos; is required by BeforeSuite on method EndUser_Login_Page but has not been marked @Optional or defined
in C:\Users\NICSI\Downloads\eCollabDDS\eCollabDDS\eCollabDDS\testng.xml
... Removed 16 stack frames</pre></div><a href='#' onClick='toggleBox("stack-trace1470772251", this, "Click to show all stack frames", "Click to hide stack frames")'>Click to show all stack frames</a>
<div class='stack-trace' id='stack-trace1470772251'><pre>org.testng.TestNGException: 
Parameter &apos;browser&apos; is required by BeforeSuite on method EndUser_Login_Page but has not been marked @Optional or defined
in C:\Users\NICSI\Downloads\eCollabDDS\eCollabDDS\eCollabDDS\testng.xml
	at org.testng.internal.Parameters.createParams(Parameters.java:270)
	at org.testng.internal.Parameters.createParametersForMethod(Parameters.java:358)
	at org.testng.internal.Parameters.createParameters(Parameters.java:700)
	at org.testng.internal.Parameters.createConfigurationParameters(Parameters.java:168)
	at org.testng.internal.ConfigInvoker.invokeConfigurations(ConfigInvoker.java:302)
	at org.testng.SuiteRunner.privateRun(SuiteRunner.java:317)
	at org.testng.SuiteRunner.run(SuiteRunner.java:276)
	at org.testng.SuiteRunnerWorker.runSuite(SuiteRunnerWorker.java:53)
	at org.testng.SuiteRunnerWorker.run(SuiteRunnerWorker.java:96)
	at org.testng.TestNG.runSuitesSequentially(TestNG.java:1212)
	at org.testng.TestNG.runSuitesLocally(TestNG.java:1134)
	at org.testng.TestNG.runSuites(TestNG.java:1063)
	at org.testng.TestNG.run(TestNG.java:1031)
	at org.testng.remote.AbstractRemoteTestNG.run(AbstractRemoteTestNG.java:115)
	at org.testng.remote.RemoteTestNG.initAndRun(RemoteTestNG.java:251)
	at org.testng.remote.RemoteTestNG.main(RemoteTestNG.java:77)
</pre></div></td>
<td>0</td>
<td>tests.Admin_Hospitals_Pages_Tests@4f80542f</td></tr>
<tr>
<td title='tests.Admin_Client_Organization_Pages_Tests.Open_Client_Organization_Tests()'><b>Open_Client_Organization_Tests</b><br>Test class: tests.Admin_Client_Organization_Pages_Tests</td>
<td><div><pre>org.testng.TestNGException: 
Parameter &apos;browser&apos; is required by BeforeSuite on method EndUser_Login_Page but has not been marked @Optional or defined
in C:\Users\NICSI\Downloads\eCollabDDS\eCollabDDS\eCollabDDS\testng.xml
... Removed 16 stack frames</pre></div><a href='#' onClick='toggleBox("stack-trace990830650", this, "Click to show all stack frames", "Click to hide stack frames")'>Click to show all stack frames</a>
<div class='stack-trace' id='stack-trace990830650'><pre>org.testng.TestNGException: 
Parameter &apos;browser&apos; is required by BeforeSuite on method EndUser_Login_Page but has not been marked @Optional or defined
in C:\Users\NICSI\Downloads\eCollabDDS\eCollabDDS\eCollabDDS\testng.xml
	at org.testng.internal.Parameters.createParams(Parameters.java:270)
	at org.testng.internal.Parameters.createParametersForMethod(Parameters.java:358)
	at org.testng.internal.Parameters.createParameters(Parameters.java:700)
	at org.testng.internal.Parameters.createConfigurationParameters(Parameters.java:168)
	at org.testng.internal.ConfigInvoker.invokeConfigurations(ConfigInvoker.java:302)
	at org.testng.SuiteRunner.privateRun(SuiteRunner.java:317)
	at org.testng.SuiteRunner.run(SuiteRunner.java:276)
	at org.testng.SuiteRunnerWorker.runSuite(SuiteRunnerWorker.java:53)
	at org.testng.SuiteRunnerWorker.run(SuiteRunnerWorker.java:96)
	at org.testng.TestNG.runSuitesSequentially(TestNG.java:1212)
	at org.testng.TestNG.runSuitesLocally(TestNG.java:1134)
	at org.testng.TestNG.runSuites(TestNG.java:1063)
	at org.testng.TestNG.run(TestNG.java:1031)
	at org.testng.remote.AbstractRemoteTestNG.run(AbstractRemoteTestNG.java:115)
	at org.testng.remote.RemoteTestNG.initAndRun(RemoteTestNG.java:251)
	at org.testng.remote.RemoteTestNG.main(RemoteTestNG.java:77)
</pre></div></td>
<td>0</td>
<td>tests.Admin_Client_Organization_Pages_Tests@5e600dd5</td></tr>
<tr>
<td title='tests.Admin_Hospitals_Pages_Tests.AddReviewerHos_Tests()'><b>AddReviewerHos_Tests</b><br>Test class: tests.Admin_Hospitals_Pages_Tests<br>Parameters: HosName RevB, HosAdd B, HosCity B, 123451, centeradmin01, CA NameBB, rev1112@gmail.com, 1234567003</td>
<td><div><pre>org.testng.TestNGException: 
Parameter &apos;browser&apos; is required by BeforeSuite on method EndUser_Login_Page but has not been marked @Optional or defined
in C:\Users\NICSI\Downloads\eCollabDDS\eCollabDDS\eCollabDDS\testng.xml
... Removed 16 stack frames</pre></div><a href='#' onClick='toggleBox("stack-trace666911607", this, "Click to show all stack frames", "Click to hide stack frames")'>Click to show all stack frames</a>
<div class='stack-trace' id='stack-trace666911607'><pre>org.testng.TestNGException: 
Parameter &apos;browser&apos; is required by BeforeSuite on method EndUser_Login_Page but has not been marked @Optional or defined
in C:\Users\NICSI\Downloads\eCollabDDS\eCollabDDS\eCollabDDS\testng.xml
	at org.testng.internal.Parameters.createParams(Parameters.java:270)
	at org.testng.internal.Parameters.createParametersForMethod(Parameters.java:358)
	at org.testng.internal.Parameters.createParameters(Parameters.java:700)
	at org.testng.internal.Parameters.createConfigurationParameters(Parameters.java:168)
	at org.testng.internal.ConfigInvoker.invokeConfigurations(ConfigInvoker.java:302)
	at org.testng.SuiteRunner.privateRun(SuiteRunner.java:317)
	at org.testng.SuiteRunner.run(SuiteRunner.java:276)
	at org.testng.SuiteRunnerWorker.runSuite(SuiteRunnerWorker.java:53)
	at org.testng.SuiteRunnerWorker.run(SuiteRunnerWorker.java:96)
	at org.testng.TestNG.runSuitesSequentially(TestNG.java:1212)
	at org.testng.TestNG.runSuitesLocally(TestNG.java:1134)
	at org.testng.TestNG.runSuites(TestNG.java:1063)
	at org.testng.TestNG.run(TestNG.java:1031)
	at org.testng.remote.AbstractRemoteTestNG.run(AbstractRemoteTestNG.java:115)
	at org.testng.remote.RemoteTestNG.initAndRun(RemoteTestNG.java:251)
	at org.testng.remote.RemoteTestNG.main(RemoteTestNG.java:77)
</pre></div></td>
<td>0</td>
<td>tests.Admin_Hospitals_Pages_Tests@4f80542f</td></tr>
<tr>
<td title='tests.Admin_Client_Application_Pages_Tests.CA_Search_Tests()'><b>CA_Search_Tests</b><br>Test class: tests.Admin_Client_Application_Pages_Tests</td>
<td><div><pre>org.testng.TestNGException: 
Parameter &apos;browser&apos; is required by BeforeSuite on method EndUser_Login_Page but has not been marked @Optional or defined
in C:\Users\NICSI\Downloads\eCollabDDS\eCollabDDS\eCollabDDS\testng.xml
... Removed 16 stack frames</pre></div><a href='#' onClick='toggleBox("stack-trace1480170882", this, "Click to show all stack frames", "Click to hide stack frames")'>Click to show all stack frames</a>
<div class='stack-trace' id='stack-trace1480170882'><pre>org.testng.TestNGException: 
Parameter &apos;browser&apos; is required by BeforeSuite on method EndUser_Login_Page but has not been marked @Optional or defined
in C:\Users\NICSI\Downloads\eCollabDDS\eCollabDDS\eCollabDDS\testng.xml
	at org.testng.internal.Parameters.createParams(Parameters.java:270)
	at org.testng.internal.Parameters.createParametersForMethod(Parameters.java:358)
	at org.testng.internal.Parameters.createParameters(Parameters.java:700)
	at org.testng.internal.Parameters.createConfigurationParameters(Parameters.java:168)
	at org.testng.internal.ConfigInvoker.invokeConfigurations(ConfigInvoker.java:302)
	at org.testng.SuiteRunner.privateRun(SuiteRunner.java:317)
	at org.testng.SuiteRunner.run(SuiteRunner.java:276)
	at org.testng.SuiteRunnerWorker.runSuite(SuiteRunnerWorker.java:53)
	at org.testng.SuiteRunnerWorker.run(SuiteRunnerWorker.java:96)
	at org.testng.TestNG.runSuitesSequentially(TestNG.java:1212)
	at org.testng.TestNG.runSuitesLocally(TestNG.java:1134)
	at org.testng.TestNG.runSuites(TestNG.java:1063)
	at org.testng.TestNG.run(TestNG.java:1031)
	at org.testng.remote.AbstractRemoteTestNG.run(AbstractRemoteTestNG.java:115)
	at org.testng.remote.RemoteTestNG.initAndRun(RemoteTestNG.java:251)
	at org.testng.remote.RemoteTestNG.main(RemoteTestNG.java:77)
</pre></div></td>
<td>0</td>
<td>tests.Admin_Client_Application_Pages_Tests@1ed6388a</td></tr>
<tr>
<td title='tests.Admin_Hospitals_Pages_Tests.List_Hospitals_Search_Tests()'><b>List_Hospitals_Search_Tests</b><br>Test class: tests.Admin_Hospitals_Pages_Tests</td>
<td><div><pre>org.testng.TestNGException: 
Parameter &apos;browser&apos; is required by BeforeSuite on method EndUser_Login_Page but has not been marked @Optional or defined
in C:\Users\NICSI\Downloads\eCollabDDS\eCollabDDS\eCollabDDS\testng.xml
... Removed 16 stack frames</pre></div><a href='#' onClick='toggleBox("stack-trace1953290071", this, "Click to show all stack frames", "Click to hide stack frames")'>Click to show all stack frames</a>
<div class='stack-trace' id='stack-trace1953290071'><pre>org.testng.TestNGException: 
Parameter &apos;browser&apos; is required by BeforeSuite on method EndUser_Login_Page but has not been marked @Optional or defined
in C:\Users\NICSI\Downloads\eCollabDDS\eCollabDDS\eCollabDDS\testng.xml
	at org.testng.internal.Parameters.createParams(Parameters.java:270)
	at org.testng.internal.Parameters.createParametersForMethod(Parameters.java:358)
	at org.testng.internal.Parameters.createParameters(Parameters.java:700)
	at org.testng.internal.Parameters.createConfigurationParameters(Parameters.java:168)
	at org.testng.internal.ConfigInvoker.invokeConfigurations(ConfigInvoker.java:302)
	at org.testng.SuiteRunner.privateRun(SuiteRunner.java:317)
	at org.testng.SuiteRunner.run(SuiteRunner.java:276)
	at org.testng.SuiteRunnerWorker.runSuite(SuiteRunnerWorker.java:53)
	at org.testng.SuiteRunnerWorker.run(SuiteRunnerWorker.java:96)
	at org.testng.TestNG.runSuitesSequentially(TestNG.java:1212)
	at org.testng.TestNG.runSuitesLocally(TestNG.java:1134)
	at org.testng.TestNG.runSuites(TestNG.java:1063)
	at org.testng.TestNG.run(TestNG.java:1031)
	at org.testng.remote.AbstractRemoteTestNG.run(AbstractRemoteTestNG.java:115)
	at org.testng.remote.RemoteTestNG.initAndRun(RemoteTestNG.java:251)
	at org.testng.remote.RemoteTestNG.main(RemoteTestNG.java:77)
</pre></div></td>
<td>0</td>
<td>tests.Admin_Hospitals_Pages_Tests@4f80542f</td></tr>
<tr>
<td title='endUserTests.EndUser_Patient_CaseReq_Tests.Add_Patient_Tests()'><b>Add_Patient_Tests</b><br>Test class: endUserTests.EndUser_Patient_CaseReq_Tests<br>Parameters: Ram, 6667778889, 30-12-1992</td>
<td><div><pre>org.testng.TestNGException: 
Parameter &apos;browser&apos; is required by BeforeSuite on method EndUser_Login_Page but has not been marked @Optional or defined
in C:\Users\NICSI\Downloads\eCollabDDS\eCollabDDS\eCollabDDS\testng.xml
... Removed 16 stack frames</pre></div><a href='#' onClick='toggleBox("stack-trace537483956", this, "Click to show all stack frames", "Click to hide stack frames")'>Click to show all stack frames</a>
<div class='stack-trace' id='stack-trace537483956'><pre>org.testng.TestNGException: 
Parameter &apos;browser&apos; is required by BeforeSuite on method EndUser_Login_Page but has not been marked @Optional or defined
in C:\Users\NICSI\Downloads\eCollabDDS\eCollabDDS\eCollabDDS\testng.xml
	at org.testng.internal.Parameters.createParams(Parameters.java:270)
	at org.testng.internal.Parameters.createParametersForMethod(Parameters.java:358)
	at org.testng.internal.Parameters.createParameters(Parameters.java:700)
	at org.testng.internal.Parameters.createConfigurationParameters(Parameters.java:168)
	at org.testng.internal.ConfigInvoker.invokeConfigurations(ConfigInvoker.java:302)
	at org.testng.SuiteRunner.privateRun(SuiteRunner.java:317)
	at org.testng.SuiteRunner.run(SuiteRunner.java:276)
	at org.testng.SuiteRunnerWorker.runSuite(SuiteRunnerWorker.java:53)
	at org.testng.SuiteRunnerWorker.run(SuiteRunnerWorker.java:96)
	at org.testng.TestNG.runSuitesSequentially(TestNG.java:1212)
	at org.testng.TestNG.runSuitesLocally(TestNG.java:1134)
	at org.testng.TestNG.runSuites(TestNG.java:1063)
	at org.testng.TestNG.run(TestNG.java:1031)
	at org.testng.remote.AbstractRemoteTestNG.run(AbstractRemoteTestNG.java:115)
	at org.testng.remote.RemoteTestNG.initAndRun(RemoteTestNG.java:251)
	at org.testng.remote.RemoteTestNG.main(RemoteTestNG.java:77)
</pre></div></td>
<td>0</td>
<td>endUserTests.EndUser_Patient_CaseReq_Tests@576d5deb</td></tr>
<tr>
<td title='tests.Admin_Client_Organization_Pages_Tests.Add_CO_Form_NegValidations()'><b>Add_CO_Form_NegValidations</b><br>Test class: tests.Admin_Client_Organization_Pages_Tests<br>Parameters: OrgName1, Add123_ADD, A.B.C -City, zzzzzz</td>
<td><div><pre>org.testng.TestNGException: 
Parameter &apos;browser&apos; is required by BeforeSuite on method EndUser_Login_Page but has not been marked @Optional or defined
in C:\Users\NICSI\Downloads\eCollabDDS\eCollabDDS\eCollabDDS\testng.xml
... Removed 16 stack frames</pre></div><a href='#' onClick='toggleBox("stack-trace1934729582", this, "Click to show all stack frames", "Click to hide stack frames")'>Click to show all stack frames</a>
<div class='stack-trace' id='stack-trace1934729582'><pre>org.testng.TestNGException: 
Parameter &apos;browser&apos; is required by BeforeSuite on method EndUser_Login_Page but has not been marked @Optional or defined
in C:\Users\NICSI\Downloads\eCollabDDS\eCollabDDS\eCollabDDS\testng.xml
	at org.testng.internal.Parameters.createParams(Parameters.java:270)
	at org.testng.internal.Parameters.createParametersForMethod(Parameters.java:358)
	at org.testng.internal.Parameters.createParameters(Parameters.java:700)
	at org.testng.internal.Parameters.createConfigurationParameters(Parameters.java:168)
	at org.testng.internal.ConfigInvoker.invokeConfigurations(ConfigInvoker.java:302)
	at org.testng.SuiteRunner.privateRun(SuiteRunner.java:317)
	at org.testng.SuiteRunner.run(SuiteRunner.java:276)
	at org.testng.SuiteRunnerWorker.runSuite(SuiteRunnerWorker.java:53)
	at org.testng.SuiteRunnerWorker.run(SuiteRunnerWorker.java:96)
	at org.testng.TestNG.runSuitesSequentially(TestNG.java:1212)
	at org.testng.TestNG.runSuitesLocally(TestNG.java:1134)
	at org.testng.TestNG.runSuites(TestNG.java:1063)
	at org.testng.TestNG.run(TestNG.java:1031)
	at org.testng.remote.AbstractRemoteTestNG.run(AbstractRemoteTestNG.java:115)
	at org.testng.remote.RemoteTestNG.initAndRun(RemoteTestNG.java:251)
	at org.testng.remote.RemoteTestNG.main(RemoteTestNG.java:77)
</pre></div></td>
<td>0</td>
<td>tests.Admin_Client_Organization_Pages_Tests@5e600dd5</td></tr>
<tr>
<td title='radiologistTests.Radio_Default_Page_Tests.radio_vCards_Counts_Test()'><b>radio_vCards_Counts_Test</b><br>Test class: radiologistTests.Radio_Default_Page_Tests</td>
<td><div><pre>org.testng.TestNGException: 
Parameter &apos;browser&apos; is required by BeforeSuite on method EndUser_Login_Page but has not been marked @Optional or defined
in C:\Users\NICSI\Downloads\eCollabDDS\eCollabDDS\eCollabDDS\testng.xml
... Removed 16 stack frames</pre></div><a href='#' onClick='toggleBox("stack-trace4015102", this, "Click to show all stack frames", "Click to hide stack frames")'>Click to show all stack frames</a>
<div class='stack-trace' id='stack-trace4015102'><pre>org.testng.TestNGException: 
Parameter &apos;browser&apos; is required by BeforeSuite on method EndUser_Login_Page but has not been marked @Optional or defined
in C:\Users\NICSI\Downloads\eCollabDDS\eCollabDDS\eCollabDDS\testng.xml
	at org.testng.internal.Parameters.createParams(Parameters.java:270)
	at org.testng.internal.Parameters.createParametersForMethod(Parameters.java:358)
	at org.testng.internal.Parameters.createParameters(Parameters.java:700)
	at org.testng.internal.Parameters.createConfigurationParameters(Parameters.java:168)
	at org.testng.internal.ConfigInvoker.invokeConfigurations(ConfigInvoker.java:302)
	at org.testng.SuiteRunner.privateRun(SuiteRunner.java:317)
	at org.testng.SuiteRunner.run(SuiteRunner.java:276)
	at org.testng.SuiteRunnerWorker.runSuite(SuiteRunnerWorker.java:53)
	at org.testng.SuiteRunnerWorker.run(SuiteRunnerWorker.java:96)
	at org.testng.TestNG.runSuitesSequentially(TestNG.java:1212)
	at org.testng.TestNG.runSuitesLocally(TestNG.java:1134)
	at org.testng.TestNG.runSuites(TestNG.java:1063)
	at org.testng.TestNG.run(TestNG.java:1031)
	at org.testng.remote.AbstractRemoteTestNG.run(AbstractRemoteTestNG.java:115)
	at org.testng.remote.RemoteTestNG.initAndRun(RemoteTestNG.java:251)
	at org.testng.remote.RemoteTestNG.main(RemoteTestNG.java:77)
</pre></div></td>
<td>0</td>
<td>radiologistTests.Radio_Default_Page_Tests@a38c7fe</td></tr>
<tr>
<td title='tests.Admin_HospitalUsers_Pages_Tests.Update_EndUserData_Tests()'><b>Update_EndUserData_Tests</b><br>Test class: tests.Admin_HospitalUsers_Pages_Tests</td>
<td><div><pre>org.testng.TestNGException: 
Parameter &apos;browser&apos; is required by BeforeSuite on method EndUser_Login_Page but has not been marked @Optional or defined
in C:\Users\NICSI\Downloads\eCollabDDS\eCollabDDS\eCollabDDS\testng.xml
... Removed 16 stack frames</pre></div><a href='#' onClick='toggleBox("stack-trace399699227", this, "Click to show all stack frames", "Click to hide stack frames")'>Click to show all stack frames</a>
<div class='stack-trace' id='stack-trace399699227'><pre>org.testng.TestNGException: 
Parameter &apos;browser&apos; is required by BeforeSuite on method EndUser_Login_Page but has not been marked @Optional or defined
in C:\Users\NICSI\Downloads\eCollabDDS\eCollabDDS\eCollabDDS\testng.xml
	at org.testng.internal.Parameters.createParams(Parameters.java:270)
	at org.testng.internal.Parameters.createParametersForMethod(Parameters.java:358)
	at org.testng.internal.Parameters.createParameters(Parameters.java:700)
	at org.testng.internal.Parameters.createConfigurationParameters(Parameters.java:168)
	at org.testng.internal.ConfigInvoker.invokeConfigurations(ConfigInvoker.java:302)
	at org.testng.SuiteRunner.privateRun(SuiteRunner.java:317)
	at org.testng.SuiteRunner.run(SuiteRunner.java:276)
	at org.testng.SuiteRunnerWorker.runSuite(SuiteRunnerWorker.java:53)
	at org.testng.SuiteRunnerWorker.run(SuiteRunnerWorker.java:96)
	at org.testng.TestNG.runSuitesSequentially(TestNG.java:1212)
	at org.testng.TestNG.runSuitesLocally(TestNG.java:1134)
	at org.testng.TestNG.runSuites(TestNG.java:1063)
	at org.testng.TestNG.run(TestNG.java:1031)
	at org.testng.remote.AbstractRemoteTestNG.run(AbstractRemoteTestNG.java:115)
	at org.testng.remote.RemoteTestNG.initAndRun(RemoteTestNG.java:251)
	at org.testng.remote.RemoteTestNG.main(RemoteTestNG.java:77)
</pre></div></td>
<td>0</td>
<td>tests.Admin_HospitalUsers_Pages_Tests@5a45133e</td></tr>
<tr>
<td title='tests.Admin_Hospitals_Pages_Tests.Hospitals_Open_Add_Form_Tests()'><b>Hospitals_Open_Add_Form_Tests</b><br>Test class: tests.Admin_Hospitals_Pages_Tests</td>
<td><div><pre>org.testng.TestNGException: 
Parameter &apos;browser&apos; is required by BeforeSuite on method EndUser_Login_Page but has not been marked @Optional or defined
in C:\Users\NICSI\Downloads\eCollabDDS\eCollabDDS\eCollabDDS\testng.xml
... Removed 16 stack frames</pre></div><a href='#' onClick='toggleBox("stack-trace1701646500", this, "Click to show all stack frames", "Click to hide stack frames")'>Click to show all stack frames</a>
<div class='stack-trace' id='stack-trace1701646500'><pre>org.testng.TestNGException: 
Parameter &apos;browser&apos; is required by BeforeSuite on method EndUser_Login_Page but has not been marked @Optional or defined
in C:\Users\NICSI\Downloads\eCollabDDS\eCollabDDS\eCollabDDS\testng.xml
	at org.testng.internal.Parameters.createParams(Parameters.java:270)
	at org.testng.internal.Parameters.createParametersForMethod(Parameters.java:358)
	at org.testng.internal.Parameters.createParameters(Parameters.java:700)
	at org.testng.internal.Parameters.createConfigurationParameters(Parameters.java:168)
	at org.testng.internal.ConfigInvoker.invokeConfigurations(ConfigInvoker.java:302)
	at org.testng.SuiteRunner.privateRun(SuiteRunner.java:317)
	at org.testng.SuiteRunner.run(SuiteRunner.java:276)
	at org.testng.SuiteRunnerWorker.runSuite(SuiteRunnerWorker.java:53)
	at org.testng.SuiteRunnerWorker.run(SuiteRunnerWorker.java:96)
	at org.testng.TestNG.runSuitesSequentially(TestNG.java:1212)
	at org.testng.TestNG.runSuitesLocally(TestNG.java:1134)
	at org.testng.TestNG.runSuites(TestNG.java:1063)
	at org.testng.TestNG.run(TestNG.java:1031)
	at org.testng.remote.AbstractRemoteTestNG.run(AbstractRemoteTestNG.java:115)
	at org.testng.remote.RemoteTestNG.initAndRun(RemoteTestNG.java:251)
	at org.testng.remote.RemoteTestNG.main(RemoteTestNG.java:77)
</pre></div></td>
<td>0</td>
<td>tests.Admin_Hospitals_Pages_Tests@4f80542f</td></tr>
<tr>
<td title='tests.Admin_Hospitals_Pages_Tests.AddEndUserHos_Tests()'><b>AddEndUserHos_Tests</b><br>Test class: tests.Admin_Hospitals_Pages_Tests<br>Parameters: Hos. Name cbh, Hos.Add,- Ah, Hos.City Ah, 123465</td>
<td><div><pre>org.testng.TestNGException: 
Parameter &apos;browser&apos; is required by BeforeSuite on method EndUser_Login_Page but has not been marked @Optional or defined
in C:\Users\NICSI\Downloads\eCollabDDS\eCollabDDS\eCollabDDS\testng.xml
... Removed 16 stack frames</pre></div><a href='#' onClick='toggleBox("stack-trace708350323", this, "Click to show all stack frames", "Click to hide stack frames")'>Click to show all stack frames</a>
<div class='stack-trace' id='stack-trace708350323'><pre>org.testng.TestNGException: 
Parameter &apos;browser&apos; is required by BeforeSuite on method EndUser_Login_Page but has not been marked @Optional or defined
in C:\Users\NICSI\Downloads\eCollabDDS\eCollabDDS\eCollabDDS\testng.xml
	at org.testng.internal.Parameters.createParams(Parameters.java:270)
	at org.testng.internal.Parameters.createParametersForMethod(Parameters.java:358)
	at org.testng.internal.Parameters.createParameters(Parameters.java:700)
	at org.testng.internal.Parameters.createConfigurationParameters(Parameters.java:168)
	at org.testng.internal.ConfigInvoker.invokeConfigurations(ConfigInvoker.java:302)
	at org.testng.SuiteRunner.privateRun(SuiteRunner.java:317)
	at org.testng.SuiteRunner.run(SuiteRunner.java:276)
	at org.testng.SuiteRunnerWorker.runSuite(SuiteRunnerWorker.java:53)
	at org.testng.SuiteRunnerWorker.run(SuiteRunnerWorker.java:96)
	at org.testng.TestNG.runSuitesSequentially(TestNG.java:1212)
	at org.testng.TestNG.runSuitesLocally(TestNG.java:1134)
	at org.testng.TestNG.runSuites(TestNG.java:1063)
	at org.testng.TestNG.run(TestNG.java:1031)
	at org.testng.remote.AbstractRemoteTestNG.run(AbstractRemoteTestNG.java:115)
	at org.testng.remote.RemoteTestNG.initAndRun(RemoteTestNG.java:251)
	at org.testng.remote.RemoteTestNG.main(RemoteTestNG.java:77)
</pre></div></td>
<td>0</td>
<td>tests.Admin_Hospitals_Pages_Tests@4f80542f</td></tr>
<tr>
<td title='tests.Admin_Hospitals_Pages_Tests.List_Hospitals_ColumnSorting_Tests()'><b>List_Hospitals_ColumnSorting_Tests</b><br>Test class: tests.Admin_Hospitals_Pages_Tests</td>
<td><div><pre>org.testng.TestNGException: 
Parameter &apos;browser&apos; is required by BeforeSuite on method EndUser_Login_Page but has not been marked @Optional or defined
in C:\Users\NICSI\Downloads\eCollabDDS\eCollabDDS\eCollabDDS\testng.xml
... Removed 16 stack frames</pre></div><a href='#' onClick='toggleBox("stack-trace1516536489", this, "Click to show all stack frames", "Click to hide stack frames")'>Click to show all stack frames</a>
<div class='stack-trace' id='stack-trace1516536489'><pre>org.testng.TestNGException: 
Parameter &apos;browser&apos; is required by BeforeSuite on method EndUser_Login_Page but has not been marked @Optional or defined
in C:\Users\NICSI\Downloads\eCollabDDS\eCollabDDS\eCollabDDS\testng.xml
	at org.testng.internal.Parameters.createParams(Parameters.java:270)
	at org.testng.internal.Parameters.createParametersForMethod(Parameters.java:358)
	at org.testng.internal.Parameters.createParameters(Parameters.java:700)
	at org.testng.internal.Parameters.createConfigurationParameters(Parameters.java:168)
	at org.testng.internal.ConfigInvoker.invokeConfigurations(ConfigInvoker.java:302)
	at org.testng.SuiteRunner.privateRun(SuiteRunner.java:317)
	at org.testng.SuiteRunner.run(SuiteRunner.java:276)
	at org.testng.SuiteRunnerWorker.runSuite(SuiteRunnerWorker.java:53)
	at org.testng.SuiteRunnerWorker.run(SuiteRunnerWorker.java:96)
	at org.testng.TestNG.runSuitesSequentially(TestNG.java:1212)
	at org.testng.TestNG.runSuitesLocally(TestNG.java:1134)
	at org.testng.TestNG.runSuites(TestNG.java:1063)
	at org.testng.TestNG.run(TestNG.java:1031)
	at org.testng.remote.AbstractRemoteTestNG.run(AbstractRemoteTestNG.java:115)
	at org.testng.remote.RemoteTestNG.initAndRun(RemoteTestNG.java:251)
	at org.testng.remote.RemoteTestNG.main(RemoteTestNG.java:77)
</pre></div></td>
<td>0</td>
<td>tests.Admin_Hospitals_Pages_Tests@4f80542f</td></tr>
<tr>
<td title='tests.Admin_Client_Organization_Pages_Tests.Add_CO_Form_Validations()'><b>Add_CO_Form_Validations</b><br>Test class: tests.Admin_Client_Organization_Pages_Tests<br>Parameters: Org.Name- A, Add.Add,Add-Add 1, A.B.C City, 123456</td>
<td><div><pre>org.testng.TestNGException: 
Parameter &apos;browser&apos; is required by BeforeSuite on method EndUser_Login_Page but has not been marked @Optional or defined
in C:\Users\NICSI\Downloads\eCollabDDS\eCollabDDS\eCollabDDS\testng.xml
... Removed 16 stack frames</pre></div><a href='#' onClick='toggleBox("stack-trace253767021", this, "Click to show all stack frames", "Click to hide stack frames")'>Click to show all stack frames</a>
<div class='stack-trace' id='stack-trace253767021'><pre>org.testng.TestNGException: 
Parameter &apos;browser&apos; is required by BeforeSuite on method EndUser_Login_Page but has not been marked @Optional or defined
in C:\Users\NICSI\Downloads\eCollabDDS\eCollabDDS\eCollabDDS\testng.xml
	at org.testng.internal.Parameters.createParams(Parameters.java:270)
	at org.testng.internal.Parameters.createParametersForMethod(Parameters.java:358)
	at org.testng.internal.Parameters.createParameters(Parameters.java:700)
	at org.testng.internal.Parameters.createConfigurationParameters(Parameters.java:168)
	at org.testng.internal.ConfigInvoker.invokeConfigurations(ConfigInvoker.java:302)
	at org.testng.SuiteRunner.privateRun(SuiteRunner.java:317)
	at org.testng.SuiteRunner.run(SuiteRunner.java:276)
	at org.testng.SuiteRunnerWorker.runSuite(SuiteRunnerWorker.java:53)
	at org.testng.SuiteRunnerWorker.run(SuiteRunnerWorker.java:96)
	at org.testng.TestNG.runSuitesSequentially(TestNG.java:1212)
	at org.testng.TestNG.runSuitesLocally(TestNG.java:1134)
	at org.testng.TestNG.runSuites(TestNG.java:1063)
	at org.testng.TestNG.run(TestNG.java:1031)
	at org.testng.remote.AbstractRemoteTestNG.run(AbstractRemoteTestNG.java:115)
	at org.testng.remote.RemoteTestNG.initAndRun(RemoteTestNG.java:251)
	at org.testng.remote.RemoteTestNG.main(RemoteTestNG.java:77)
</pre></div></td>
<td>0</td>
<td>tests.Admin_Client_Organization_Pages_Tests@5e600dd5</td></tr>
<tr>
<td title='tests.Admin_Client_Application_Pages_Tests.ca_vcard_count_Tests()'><b>ca_vcard_count_Tests</b><br>Test class: tests.Admin_Client_Application_Pages_Tests</td>
<td><div><pre>org.testng.TestNGException: 
Parameter &apos;browser&apos; is required by BeforeSuite on method EndUser_Login_Page but has not been marked @Optional or defined
in C:\Users\NICSI\Downloads\eCollabDDS\eCollabDDS\eCollabDDS\testng.xml
... Removed 16 stack frames</pre></div><a href='#' onClick='toggleBox("stack-trace62803825", this, "Click to show all stack frames", "Click to hide stack frames")'>Click to show all stack frames</a>
<div class='stack-trace' id='stack-trace62803825'><pre>org.testng.TestNGException: 
Parameter &apos;browser&apos; is required by BeforeSuite on method EndUser_Login_Page but has not been marked @Optional or defined
in C:\Users\NICSI\Downloads\eCollabDDS\eCollabDDS\eCollabDDS\testng.xml
	at org.testng.internal.Parameters.createParams(Parameters.java:270)
	at org.testng.internal.Parameters.createParametersForMethod(Parameters.java:358)
	at org.testng.internal.Parameters.createParameters(Parameters.java:700)
	at org.testng.internal.Parameters.createConfigurationParameters(Parameters.java:168)
	at org.testng.internal.ConfigInvoker.invokeConfigurations(ConfigInvoker.java:302)
	at org.testng.SuiteRunner.privateRun(SuiteRunner.java:317)
	at org.testng.SuiteRunner.run(SuiteRunner.java:276)
	at org.testng.SuiteRunnerWorker.runSuite(SuiteRunnerWorker.java:53)
	at org.testng.SuiteRunnerWorker.run(SuiteRunnerWorker.java:96)
	at org.testng.TestNG.runSuitesSequentially(TestNG.java:1212)
	at org.testng.TestNG.runSuitesLocally(TestNG.java:1134)
	at org.testng.TestNG.runSuites(TestNG.java:1063)
	at org.testng.TestNG.run(TestNG.java:1031)
	at org.testng.remote.AbstractRemoteTestNG.run(AbstractRemoteTestNG.java:115)
	at org.testng.remote.RemoteTestNG.initAndRun(RemoteTestNG.java:251)
	at org.testng.remote.RemoteTestNG.main(RemoteTestNG.java:77)
</pre></div></td>
<td>0</td>
<td>tests.Admin_Client_Application_Pages_Tests@1ed6388a</td></tr>
<tr>
<td title='tests.Admin_Client_Application_Pages_Tests.List_CA_Table_Tests()'><b>List_CA_Table_Tests</b><br>Test class: tests.Admin_Client_Application_Pages_Tests</td>
<td><div><pre>org.testng.TestNGException: 
Parameter &apos;browser&apos; is required by BeforeSuite on method EndUser_Login_Page but has not been marked @Optional or defined
in C:\Users\NICSI\Downloads\eCollabDDS\eCollabDDS\eCollabDDS\testng.xml
... Removed 16 stack frames</pre></div><a href='#' onClick='toggleBox("stack-trace1808884231", this, "Click to show all stack frames", "Click to hide stack frames")'>Click to show all stack frames</a>
<div class='stack-trace' id='stack-trace1808884231'><pre>org.testng.TestNGException: 
Parameter &apos;browser&apos; is required by BeforeSuite on method EndUser_Login_Page but has not been marked @Optional or defined
in C:\Users\NICSI\Downloads\eCollabDDS\eCollabDDS\eCollabDDS\testng.xml
	at org.testng.internal.Parameters.createParams(Parameters.java:270)
	at org.testng.internal.Parameters.createParametersForMethod(Parameters.java:358)
	at org.testng.internal.Parameters.createParameters(Parameters.java:700)
	at org.testng.internal.Parameters.createConfigurationParameters(Parameters.java:168)
	at org.testng.internal.ConfigInvoker.invokeConfigurations(ConfigInvoker.java:302)
	at org.testng.SuiteRunner.privateRun(SuiteRunner.java:317)
	at org.testng.SuiteRunner.run(SuiteRunner.java:276)
	at org.testng.SuiteRunnerWorker.runSuite(SuiteRunnerWorker.java:53)
	at org.testng.SuiteRunnerWorker.run(SuiteRunnerWorker.java:96)
	at org.testng.TestNG.runSuitesSequentially(TestNG.java:1212)
	at org.testng.TestNG.runSuitesLocally(TestNG.java:1134)
	at org.testng.TestNG.runSuites(TestNG.java:1063)
	at org.testng.TestNG.run(TestNG.java:1031)
	at org.testng.remote.AbstractRemoteTestNG.run(AbstractRemoteTestNG.java:115)
	at org.testng.remote.RemoteTestNG.initAndRun(RemoteTestNG.java:251)
	at org.testng.remote.RemoteTestNG.main(RemoteTestNG.java:77)
</pre></div></td>
<td>0</td>
<td>tests.Admin_Client_Application_Pages_Tests@1ed6388a</td></tr>
<tr>
<td title='tests.Admin_HospitalUsers_Pages_Tests.Update_RadiologistUserData_Tests()'><b>Update_RadiologistUserData_Tests</b><br>Test class: tests.Admin_HospitalUsers_Pages_Tests</td>
<td><div><pre>org.testng.TestNGException: 
Parameter &apos;browser&apos; is required by BeforeSuite on method EndUser_Login_Page but has not been marked @Optional or defined
in C:\Users\NICSI\Downloads\eCollabDDS\eCollabDDS\eCollabDDS\testng.xml
... Removed 16 stack frames</pre></div><a href='#' onClick='toggleBox("stack-trace700837405", this, "Click to show all stack frames", "Click to hide stack frames")'>Click to show all stack frames</a>
<div class='stack-trace' id='stack-trace700837405'><pre>org.testng.TestNGException: 
Parameter &apos;browser&apos; is required by BeforeSuite on method EndUser_Login_Page but has not been marked @Optional or defined
in C:\Users\NICSI\Downloads\eCollabDDS\eCollabDDS\eCollabDDS\testng.xml
	at org.testng.internal.Parameters.createParams(Parameters.java:270)
	at org.testng.internal.Parameters.createParametersForMethod(Parameters.java:358)
	at org.testng.internal.Parameters.createParameters(Parameters.java:700)
	at org.testng.internal.Parameters.createConfigurationParameters(Parameters.java:168)
	at org.testng.internal.ConfigInvoker.invokeConfigurations(ConfigInvoker.java:302)
	at org.testng.SuiteRunner.privateRun(SuiteRunner.java:317)
	at org.testng.SuiteRunner.run(SuiteRunner.java:276)
	at org.testng.SuiteRunnerWorker.runSuite(SuiteRunnerWorker.java:53)
	at org.testng.SuiteRunnerWorker.run(SuiteRunnerWorker.java:96)
	at org.testng.TestNG.runSuitesSequentially(TestNG.java:1212)
	at org.testng.TestNG.runSuitesLocally(TestNG.java:1134)
	at org.testng.TestNG.runSuites(TestNG.java:1063)
	at org.testng.TestNG.run(TestNG.java:1031)
	at org.testng.remote.AbstractRemoteTestNG.run(AbstractRemoteTestNG.java:115)
	at org.testng.remote.RemoteTestNG.initAndRun(RemoteTestNG.java:251)
	at org.testng.remote.RemoteTestNG.main(RemoteTestNG.java:77)
</pre></div></td>
<td>0</td>
<td>tests.Admin_HospitalUsers_Pages_Tests@5a45133e</td></tr>
<tr>
<td title='tests.Admin_Client_Organization_Pages_Tests.Add_CO_Form_NegValidations()'><b>Add_CO_Form_NegValidations</b><br>Test class: tests.Admin_Client_Organization_Pages_Tests<br>Parameters: zz, zz, zz, zz</td>
<td><div><pre>org.testng.TestNGException: 
Parameter &apos;browser&apos; is required by BeforeSuite on method EndUser_Login_Page but has not been marked @Optional or defined
in C:\Users\NICSI\Downloads\eCollabDDS\eCollabDDS\eCollabDDS\testng.xml
... Removed 16 stack frames</pre></div><a href='#' onClick='toggleBox("stack-trace1164436797", this, "Click to show all stack frames", "Click to hide stack frames")'>Click to show all stack frames</a>
<div class='stack-trace' id='stack-trace1164436797'><pre>org.testng.TestNGException: 
Parameter &apos;browser&apos; is required by BeforeSuite on method EndUser_Login_Page but has not been marked @Optional or defined
in C:\Users\NICSI\Downloads\eCollabDDS\eCollabDDS\eCollabDDS\testng.xml
	at org.testng.internal.Parameters.createParams(Parameters.java:270)
	at org.testng.internal.Parameters.createParametersForMethod(Parameters.java:358)
	at org.testng.internal.Parameters.createParameters(Parameters.java:700)
	at org.testng.internal.Parameters.createConfigurationParameters(Parameters.java:168)
	at org.testng.internal.ConfigInvoker.invokeConfigurations(ConfigInvoker.java:302)
	at org.testng.SuiteRunner.privateRun(SuiteRunner.java:317)
	at org.testng.SuiteRunner.run(SuiteRunner.java:276)
	at org.testng.SuiteRunnerWorker.runSuite(SuiteRunnerWorker.java:53)
	at org.testng.SuiteRunnerWorker.run(SuiteRunnerWorker.java:96)
	at org.testng.TestNG.runSuitesSequentially(TestNG.java:1212)
	at org.testng.TestNG.runSuitesLocally(TestNG.java:1134)
	at org.testng.TestNG.runSuites(TestNG.java:1063)
	at org.testng.TestNG.run(TestNG.java:1031)
	at org.testng.remote.AbstractRemoteTestNG.run(AbstractRemoteTestNG.java:115)
	at org.testng.remote.RemoteTestNG.initAndRun(RemoteTestNG.java:251)
	at org.testng.remote.RemoteTestNG.main(RemoteTestNG.java:77)
</pre></div></td>
<td>0</td>
<td>tests.Admin_Client_Organization_Pages_Tests@5e600dd5</td></tr>
<tr>
<td title='tests.Admin_HospitalUsers_Pages_Tests.Admin_Open_HospitalUsers_Tests()'><b>Admin_Open_HospitalUsers_Tests</b><br>Test class: tests.Admin_HospitalUsers_Pages_Tests</td>
<td><div><pre>org.testng.TestNGException: 
Parameter &apos;browser&apos; is required by BeforeSuite on method EndUser_Login_Page but has not been marked @Optional or defined
in C:\Users\NICSI\Downloads\eCollabDDS\eCollabDDS\eCollabDDS\testng.xml
... Removed 16 stack frames</pre></div><a href='#' onClick='toggleBox("stack-trace1188623367", this, "Click to show all stack frames", "Click to hide stack frames")'>Click to show all stack frames</a>
<div class='stack-trace' id='stack-trace1188623367'><pre>org.testng.TestNGException: 
Parameter &apos;browser&apos; is required by BeforeSuite on method EndUser_Login_Page but has not been marked @Optional or defined
in C:\Users\NICSI\Downloads\eCollabDDS\eCollabDDS\eCollabDDS\testng.xml
	at org.testng.internal.Parameters.createParams(Parameters.java:270)
	at org.testng.internal.Parameters.createParametersForMethod(Parameters.java:358)
	at org.testng.internal.Parameters.createParameters(Parameters.java:700)
	at org.testng.internal.Parameters.createConfigurationParameters(Parameters.java:168)
	at org.testng.internal.ConfigInvoker.invokeConfigurations(ConfigInvoker.java:302)
	at org.testng.SuiteRunner.privateRun(SuiteRunner.java:317)
	at org.testng.SuiteRunner.run(SuiteRunner.java:276)
	at org.testng.SuiteRunnerWorker.runSuite(SuiteRunnerWorker.java:53)
	at org.testng.SuiteRunnerWorker.run(SuiteRunnerWorker.java:96)
	at org.testng.TestNG.runSuitesSequentially(TestNG.java:1212)
	at org.testng.TestNG.runSuitesLocally(TestNG.java:1134)
	at org.testng.TestNG.runSuites(TestNG.java:1063)
	at org.testng.TestNG.run(TestNG.java:1031)
	at org.testng.remote.AbstractRemoteTestNG.run(AbstractRemoteTestNG.java:115)
	at org.testng.remote.RemoteTestNG.initAndRun(RemoteTestNG.java:251)
	at org.testng.remote.RemoteTestNG.main(RemoteTestNG.java:77)
</pre></div></td>
<td>0</td>
<td>tests.Admin_HospitalUsers_Pages_Tests@5a45133e</td></tr>
<tr>
<td title='tests.Admin_Default_Page_Tests.Admin_Default_Page_vCards_Test()'><b>Admin_Default_Page_vCards_Test</b><br>Test class: tests.Admin_Default_Page_Tests</td>
<td><div><pre>org.testng.TestNGException: 
Parameter &apos;browser&apos; is required by BeforeSuite on method EndUser_Login_Page but has not been marked @Optional or defined
in C:\Users\NICSI\Downloads\eCollabDDS\eCollabDDS\eCollabDDS\testng.xml
... Removed 16 stack frames</pre></div><a href='#' onClick='toggleBox("stack-trace70555476", this, "Click to show all stack frames", "Click to hide stack frames")'>Click to show all stack frames</a>
<div class='stack-trace' id='stack-trace70555476'><pre>org.testng.TestNGException: 
Parameter &apos;browser&apos; is required by BeforeSuite on method EndUser_Login_Page but has not been marked @Optional or defined
in C:\Users\NICSI\Downloads\eCollabDDS\eCollabDDS\eCollabDDS\testng.xml
	at org.testng.internal.Parameters.createParams(Parameters.java:270)
	at org.testng.internal.Parameters.createParametersForMethod(Parameters.java:358)
	at org.testng.internal.Parameters.createParameters(Parameters.java:700)
	at org.testng.internal.Parameters.createConfigurationParameters(Parameters.java:168)
	at org.testng.internal.ConfigInvoker.invokeConfigurations(ConfigInvoker.java:302)
	at org.testng.SuiteRunner.privateRun(SuiteRunner.java:317)
	at org.testng.SuiteRunner.run(SuiteRunner.java:276)
	at org.testng.SuiteRunnerWorker.runSuite(SuiteRunnerWorker.java:53)
	at org.testng.SuiteRunnerWorker.run(SuiteRunnerWorker.java:96)
	at org.testng.TestNG.runSuitesSequentially(TestNG.java:1212)
	at org.testng.TestNG.runSuitesLocally(TestNG.java:1134)
	at org.testng.TestNG.runSuites(TestNG.java:1063)
	at org.testng.TestNG.run(TestNG.java:1031)
	at org.testng.remote.AbstractRemoteTestNG.run(AbstractRemoteTestNG.java:115)
	at org.testng.remote.RemoteTestNG.initAndRun(RemoteTestNG.java:251)
	at org.testng.remote.RemoteTestNG.main(RemoteTestNG.java:77)
</pre></div></td>
<td>0</td>
<td>tests.Admin_Default_Page_Tests@130c12b7</td></tr>
<tr>
<td title='tests.Admin_HospitalUsers_Pages_Tests.HospitalUsers_TableHeading_Tests()'><b>HospitalUsers_TableHeading_Tests</b><br>Test class: tests.Admin_HospitalUsers_Pages_Tests</td>
<td><div><pre>org.testng.TestNGException: 
Parameter &apos;browser&apos; is required by BeforeSuite on method EndUser_Login_Page but has not been marked @Optional or defined
in C:\Users\NICSI\Downloads\eCollabDDS\eCollabDDS\eCollabDDS\testng.xml
... Removed 16 stack frames</pre></div><a href='#' onClick='toggleBox("stack-trace2060037930", this, "Click to show all stack frames", "Click to hide stack frames")'>Click to show all stack frames</a>
<div class='stack-trace' id='stack-trace2060037930'><pre>org.testng.TestNGException: 
Parameter &apos;browser&apos; is required by BeforeSuite on method EndUser_Login_Page but has not been marked @Optional or defined
in C:\Users\NICSI\Downloads\eCollabDDS\eCollabDDS\eCollabDDS\testng.xml
	at org.testng.internal.Parameters.createParams(Parameters.java:270)
	at org.testng.internal.Parameters.createParametersForMethod(Parameters.java:358)
	at org.testng.internal.Parameters.createParameters(Parameters.java:700)
	at org.testng.internal.Parameters.createConfigurationParameters(Parameters.java:168)
	at org.testng.internal.ConfigInvoker.invokeConfigurations(ConfigInvoker.java:302)
	at org.testng.SuiteRunner.privateRun(SuiteRunner.java:317)
	at org.testng.SuiteRunner.run(SuiteRunner.java:276)
	at org.testng.SuiteRunnerWorker.runSuite(SuiteRunnerWorker.java:53)
	at org.testng.SuiteRunnerWorker.run(SuiteRunnerWorker.java:96)
	at org.testng.TestNG.runSuitesSequentially(TestNG.java:1212)
	at org.testng.TestNG.runSuitesLocally(TestNG.java:1134)
	at org.testng.TestNG.runSuites(TestNG.java:1063)
	at org.testng.TestNG.run(TestNG.java:1031)
	at org.testng.remote.AbstractRemoteTestNG.run(AbstractRemoteTestNG.java:115)
	at org.testng.remote.RemoteTestNG.initAndRun(RemoteTestNG.java:251)
	at org.testng.remote.RemoteTestNG.main(RemoteTestNG.java:77)
</pre></div></td>
<td>0</td>
<td>tests.Admin_HospitalUsers_Pages_Tests@5a45133e</td></tr>
<tr>
<td title='tests.Admin_Default_Page_Tests.Admin_Home_Button_Test()'><b>Admin_Home_Button_Test</b><br>Test class: tests.Admin_Default_Page_Tests</td>
<td><div><pre>org.testng.TestNGException: 
Parameter &apos;browser&apos; is required by BeforeSuite on method EndUser_Login_Page but has not been marked @Optional or defined
in C:\Users\NICSI\Downloads\eCollabDDS\eCollabDDS\eCollabDDS\testng.xml
... Removed 16 stack frames</pre></div><a href='#' onClick='toggleBox("stack-trace624079697", this, "Click to show all stack frames", "Click to hide stack frames")'>Click to show all stack frames</a>
<div class='stack-trace' id='stack-trace624079697'><pre>org.testng.TestNGException: 
Parameter &apos;browser&apos; is required by BeforeSuite on method EndUser_Login_Page but has not been marked @Optional or defined
in C:\Users\NICSI\Downloads\eCollabDDS\eCollabDDS\eCollabDDS\testng.xml
	at org.testng.internal.Parameters.createParams(Parameters.java:270)
	at org.testng.internal.Parameters.createParametersForMethod(Parameters.java:358)
	at org.testng.internal.Parameters.createParameters(Parameters.java:700)
	at org.testng.internal.Parameters.createConfigurationParameters(Parameters.java:168)
	at org.testng.internal.ConfigInvoker.invokeConfigurations(ConfigInvoker.java:302)
	at org.testng.SuiteRunner.privateRun(SuiteRunner.java:317)
	at org.testng.SuiteRunner.run(SuiteRunner.java:276)
	at org.testng.SuiteRunnerWorker.runSuite(SuiteRunnerWorker.java:53)
	at org.testng.SuiteRunnerWorker.run(SuiteRunnerWorker.java:96)
	at org.testng.TestNG.runSuitesSequentially(TestNG.java:1212)
	at org.testng.TestNG.runSuitesLocally(TestNG.java:1134)
	at org.testng.TestNG.runSuites(TestNG.java:1063)
	at org.testng.TestNG.run(TestNG.java:1031)
	at org.testng.remote.AbstractRemoteTestNG.run(AbstractRemoteTestNG.java:115)
	at org.testng.remote.RemoteTestNG.initAndRun(RemoteTestNG.java:251)
	at org.testng.remote.RemoteTestNG.main(RemoteTestNG.java:77)
</pre></div></td>
<td>0</td>
<td>tests.Admin_Default_Page_Tests@130c12b7</td></tr>
<tr>
<td title='endUserTests.EndUser_Completed_Tests.endUser_Completed_Default_Tests()'><b>endUser_Completed_Default_Tests</b><br>Test class: endUserTests.EndUser_Completed_Tests</td>
<td><div><pre>org.testng.TestNGException: 
Parameter &apos;browser&apos; is required by BeforeSuite on method EndUser_Login_Page but has not been marked @Optional or defined
in C:\Users\NICSI\Downloads\eCollabDDS\eCollabDDS\eCollabDDS\testng.xml
... Removed 16 stack frames</pre></div><a href='#' onClick='toggleBox("stack-trace546886525", this, "Click to show all stack frames", "Click to hide stack frames")'>Click to show all stack frames</a>
<div class='stack-trace' id='stack-trace546886525'><pre>org.testng.TestNGException: 
Parameter &apos;browser&apos; is required by BeforeSuite on method EndUser_Login_Page but has not been marked @Optional or defined
in C:\Users\NICSI\Downloads\eCollabDDS\eCollabDDS\eCollabDDS\testng.xml
	at org.testng.internal.Parameters.createParams(Parameters.java:270)
	at org.testng.internal.Parameters.createParametersForMethod(Parameters.java:358)
	at org.testng.internal.Parameters.createParameters(Parameters.java:700)
	at org.testng.internal.Parameters.createConfigurationParameters(Parameters.java:168)
	at org.testng.internal.ConfigInvoker.invokeConfigurations(ConfigInvoker.java:302)
	at org.testng.SuiteRunner.privateRun(SuiteRunner.java:317)
	at org.testng.SuiteRunner.run(SuiteRunner.java:276)
	at org.testng.SuiteRunnerWorker.runSuite(SuiteRunnerWorker.java:53)
	at org.testng.SuiteRunnerWorker.run(SuiteRunnerWorker.java:96)
	at org.testng.TestNG.runSuitesSequentially(TestNG.java:1212)
	at org.testng.TestNG.runSuitesLocally(TestNG.java:1134)
	at org.testng.TestNG.runSuites(TestNG.java:1063)
	at org.testng.TestNG.run(TestNG.java:1031)
	at org.testng.remote.AbstractRemoteTestNG.run(AbstractRemoteTestNG.java:115)
	at org.testng.remote.RemoteTestNG.initAndRun(RemoteTestNG.java:251)
	at org.testng.remote.RemoteTestNG.main(RemoteTestNG.java:77)
</pre></div></td>
<td>0</td>
<td>endUserTests.EndUser_Completed_Tests@60bd273d</td></tr>
<tr>
<td title='endUserTests.EndUser_Patient_CaseReq_Tests.Add_CaseReq_Tests()'><b>Add_CaseReq_Tests</b><br>Test class: endUserTests.EndUser_Patient_CaseReq_Tests</td>
<td><div><pre>org.testng.TestNGException: 
Parameter &apos;browser&apos; is required by BeforeSuite on method EndUser_Login_Page but has not been marked @Optional or defined
in C:\Users\NICSI\Downloads\eCollabDDS\eCollabDDS\eCollabDDS\testng.xml
... Removed 16 stack frames</pre></div><a href='#' onClick='toggleBox("stack-trace1311315651", this, "Click to show all stack frames", "Click to hide stack frames")'>Click to show all stack frames</a>
<div class='stack-trace' id='stack-trace1311315651'><pre>org.testng.TestNGException: 
Parameter &apos;browser&apos; is required by BeforeSuite on method EndUser_Login_Page but has not been marked @Optional or defined
in C:\Users\NICSI\Downloads\eCollabDDS\eCollabDDS\eCollabDDS\testng.xml
	at org.testng.internal.Parameters.createParams(Parameters.java:270)
	at org.testng.internal.Parameters.createParametersForMethod(Parameters.java:358)
	at org.testng.internal.Parameters.createParameters(Parameters.java:700)
	at org.testng.internal.Parameters.createConfigurationParameters(Parameters.java:168)
	at org.testng.internal.ConfigInvoker.invokeConfigurations(ConfigInvoker.java:302)
	at org.testng.SuiteRunner.privateRun(SuiteRunner.java:317)
	at org.testng.SuiteRunner.run(SuiteRunner.java:276)
	at org.testng.SuiteRunnerWorker.runSuite(SuiteRunnerWorker.java:53)
	at org.testng.SuiteRunnerWorker.run(SuiteRunnerWorker.java:96)
	at org.testng.TestNG.runSuitesSequentially(TestNG.java:1212)
	at org.testng.TestNG.runSuitesLocally(TestNG.java:1134)
	at org.testng.TestNG.runSuites(TestNG.java:1063)
	at org.testng.TestNG.run(TestNG.java:1031)
	at org.testng.remote.AbstractRemoteTestNG.run(AbstractRemoteTestNG.java:115)
	at org.testng.remote.RemoteTestNG.initAndRun(RemoteTestNG.java:251)
	at org.testng.remote.RemoteTestNG.main(RemoteTestNG.java:77)
</pre></div></td>
<td>0</td>
<td>endUserTests.EndUser_Patient_CaseReq_Tests@576d5deb</td></tr>
<tr>
<td title='endUserTests.EndUser_Login_Tests.EndUser_Login_Page_Test()'><b>EndUser_Login_Page_Test</b><br>Test class: endUserTests.EndUser_Login_Tests</td>
<td><div><pre>org.testng.TestNGException: 
Parameter &apos;browser&apos; is required by BeforeSuite on method EndUser_Login_Page but has not been marked @Optional or defined
in C:\Users\NICSI\Downloads\eCollabDDS\eCollabDDS\eCollabDDS\testng.xml
... Removed 16 stack frames</pre></div><a href='#' onClick='toggleBox("stack-trace182949133", this, "Click to show all stack frames", "Click to hide stack frames")'>Click to show all stack frames</a>
<div class='stack-trace' id='stack-trace182949133'><pre>org.testng.TestNGException: 
Parameter &apos;browser&apos; is required by BeforeSuite on method EndUser_Login_Page but has not been marked @Optional or defined
in C:\Users\NICSI\Downloads\eCollabDDS\eCollabDDS\eCollabDDS\testng.xml
	at org.testng.internal.Parameters.createParams(Parameters.java:270)
	at org.testng.internal.Parameters.createParametersForMethod(Parameters.java:358)
	at org.testng.internal.Parameters.createParameters(Parameters.java:700)
	at org.testng.internal.Parameters.createConfigurationParameters(Parameters.java:168)
	at org.testng.internal.ConfigInvoker.invokeConfigurations(ConfigInvoker.java:302)
	at org.testng.SuiteRunner.privateRun(SuiteRunner.java:317)
	at org.testng.SuiteRunner.run(SuiteRunner.java:276)
	at org.testng.SuiteRunnerWorker.runSuite(SuiteRunnerWorker.java:53)
	at org.testng.SuiteRunnerWorker.run(SuiteRunnerWorker.java:96)
	at org.testng.TestNG.runSuitesSequentially(TestNG.java:1212)
	at org.testng.TestNG.runSuitesLocally(TestNG.java:1134)
	at org.testng.TestNG.runSuites(TestNG.java:1063)
	at org.testng.TestNG.run(TestNG.java:1031)
	at org.testng.remote.AbstractRemoteTestNG.run(AbstractRemoteTestNG.java:115)
	at org.testng.remote.RemoteTestNG.initAndRun(RemoteTestNG.java:251)
	at org.testng.remote.RemoteTestNG.main(RemoteTestNG.java:77)
</pre></div></td>
<td>0</td>
<td>endUserTests.EndUser_Login_Tests@5d534f5d</td></tr>
<tr>
<td title='tests.Admin_Client_Organization_Pages_Tests.CO_vCardCount_Test()'><b>CO_vCardCount_Test</b><br>Test class: tests.Admin_Client_Organization_Pages_Tests</td>
<td><div><pre>org.testng.TestNGException: 
Parameter &apos;browser&apos; is required by BeforeSuite on method EndUser_Login_Page but has not been marked @Optional or defined
in C:\Users\NICSI\Downloads\eCollabDDS\eCollabDDS\eCollabDDS\testng.xml
... Removed 16 stack frames</pre></div><a href='#' onClick='toggleBox("stack-trace1625428489", this, "Click to show all stack frames", "Click to hide stack frames")'>Click to show all stack frames</a>
<div class='stack-trace' id='stack-trace1625428489'><pre>org.testng.TestNGException: 
Parameter &apos;browser&apos; is required by BeforeSuite on method EndUser_Login_Page but has not been marked @Optional or defined
in C:\Users\NICSI\Downloads\eCollabDDS\eCollabDDS\eCollabDDS\testng.xml
	at org.testng.internal.Parameters.createParams(Parameters.java:270)
	at org.testng.internal.Parameters.createParametersForMethod(Parameters.java:358)
	at org.testng.internal.Parameters.createParameters(Parameters.java:700)
	at org.testng.internal.Parameters.createConfigurationParameters(Parameters.java:168)
	at org.testng.internal.ConfigInvoker.invokeConfigurations(ConfigInvoker.java:302)
	at org.testng.SuiteRunner.privateRun(SuiteRunner.java:317)
	at org.testng.SuiteRunner.run(SuiteRunner.java:276)
	at org.testng.SuiteRunnerWorker.runSuite(SuiteRunnerWorker.java:53)
	at org.testng.SuiteRunnerWorker.run(SuiteRunnerWorker.java:96)
	at org.testng.TestNG.runSuitesSequentially(TestNG.java:1212)
	at org.testng.TestNG.runSuitesLocally(TestNG.java:1134)
	at org.testng.TestNG.runSuites(TestNG.java:1063)
	at org.testng.TestNG.run(TestNG.java:1031)
	at org.testng.remote.AbstractRemoteTestNG.run(AbstractRemoteTestNG.java:115)
	at org.testng.remote.RemoteTestNG.initAndRun(RemoteTestNG.java:251)
	at org.testng.remote.RemoteTestNG.main(RemoteTestNG.java:77)
</pre></div></td>
<td>0</td>
<td>tests.Admin_Client_Organization_Pages_Tests@5e600dd5</td></tr>
<tr>
<td title='tests.Admin_Hospitals_Pages_Tests.List_Hospitals_ReviewerHosData_Update_Tests()'><b>List_Hospitals_ReviewerHosData_Update_Tests</b><br>Test class: tests.Admin_Hospitals_Pages_Tests</td>
<td><div><pre>org.testng.TestNGException: 
Parameter &apos;browser&apos; is required by BeforeSuite on method EndUser_Login_Page but has not been marked @Optional or defined
in C:\Users\NICSI\Downloads\eCollabDDS\eCollabDDS\eCollabDDS\testng.xml
... Removed 16 stack frames</pre></div><a href='#' onClick='toggleBox("stack-trace2140846441", this, "Click to show all stack frames", "Click to hide stack frames")'>Click to show all stack frames</a>
<div class='stack-trace' id='stack-trace2140846441'><pre>org.testng.TestNGException: 
Parameter &apos;browser&apos; is required by BeforeSuite on method EndUser_Login_Page but has not been marked @Optional or defined
in C:\Users\NICSI\Downloads\eCollabDDS\eCollabDDS\eCollabDDS\testng.xml
	at org.testng.internal.Parameters.createParams(Parameters.java:270)
	at org.testng.internal.Parameters.createParametersForMethod(Parameters.java:358)
	at org.testng.internal.Parameters.createParameters(Parameters.java:700)
	at org.testng.internal.Parameters.createConfigurationParameters(Parameters.java:168)
	at org.testng.internal.ConfigInvoker.invokeConfigurations(ConfigInvoker.java:302)
	at org.testng.SuiteRunner.privateRun(SuiteRunner.java:317)
	at org.testng.SuiteRunner.run(SuiteRunner.java:276)
	at org.testng.SuiteRunnerWorker.runSuite(SuiteRunnerWorker.java:53)
	at org.testng.SuiteRunnerWorker.run(SuiteRunnerWorker.java:96)
	at org.testng.TestNG.runSuitesSequentially(TestNG.java:1212)
	at org.testng.TestNG.runSuitesLocally(TestNG.java:1134)
	at org.testng.TestNG.runSuites(TestNG.java:1063)
	at org.testng.TestNG.run(TestNG.java:1031)
	at org.testng.remote.AbstractRemoteTestNG.run(AbstractRemoteTestNG.java:115)
	at org.testng.remote.RemoteTestNG.initAndRun(RemoteTestNG.java:251)
	at org.testng.remote.RemoteTestNG.main(RemoteTestNG.java:77)
</pre></div></td>
<td>0</td>
<td>tests.Admin_Hospitals_Pages_Tests@4f80542f</td></tr>
<tr>
<td title='tests.Admin_Hospitals_Pages_Tests.AddReviewerHos_Neg_Tests()'><b>AddReviewerHos_Neg_Tests</b><br>Test class: tests.Admin_Hospitals_Pages_Tests<br>Parameters: zz, zz, zz, zzzzzz, zz, zz, zz, zzzzzzzzzz</td>
<td><div><pre>org.testng.TestNGException: 
Parameter &apos;browser&apos; is required by BeforeSuite on method EndUser_Login_Page but has not been marked @Optional or defined
in C:\Users\NICSI\Downloads\eCollabDDS\eCollabDDS\eCollabDDS\testng.xml
... Removed 16 stack frames</pre></div><a href='#' onClick='toggleBox("stack-trace836397870", this, "Click to show all stack frames", "Click to hide stack frames")'>Click to show all stack frames</a>
<div class='stack-trace' id='stack-trace836397870'><pre>org.testng.TestNGException: 
Parameter &apos;browser&apos; is required by BeforeSuite on method EndUser_Login_Page but has not been marked @Optional or defined
in C:\Users\NICSI\Downloads\eCollabDDS\eCollabDDS\eCollabDDS\testng.xml
	at org.testng.internal.Parameters.createParams(Parameters.java:270)
	at org.testng.internal.Parameters.createParametersForMethod(Parameters.java:358)
	at org.testng.internal.Parameters.createParameters(Parameters.java:700)
	at org.testng.internal.Parameters.createConfigurationParameters(Parameters.java:168)
	at org.testng.internal.ConfigInvoker.invokeConfigurations(ConfigInvoker.java:302)
	at org.testng.SuiteRunner.privateRun(SuiteRunner.java:317)
	at org.testng.SuiteRunner.run(SuiteRunner.java:276)
	at org.testng.SuiteRunnerWorker.runSuite(SuiteRunnerWorker.java:53)
	at org.testng.SuiteRunnerWorker.run(SuiteRunnerWorker.java:96)
	at org.testng.TestNG.runSuitesSequentially(TestNG.java:1212)
	at org.testng.TestNG.runSuitesLocally(TestNG.java:1134)
	at org.testng.TestNG.runSuites(TestNG.java:1063)
	at org.testng.TestNG.run(TestNG.java:1031)
	at org.testng.remote.AbstractRemoteTestNG.run(AbstractRemoteTestNG.java:115)
	at org.testng.remote.RemoteTestNG.initAndRun(RemoteTestNG.java:251)
	at org.testng.remote.RemoteTestNG.main(RemoteTestNG.java:77)
</pre></div></td>
<td>0</td>
<td>tests.Admin_Hospitals_Pages_Tests@4f80542f</td></tr>
<tr>
<td title='endUserTests.EndUser_Relogin_Tests.login_EndUser_Test()'><b>login_EndUser_Test</b><br>Test class: endUserTests.EndUser_Relogin_Tests</td>
<td><div><pre>org.testng.TestNGException: 
Parameter &apos;browser&apos; is required by BeforeSuite on method EndUser_Login_Page but has not been marked @Optional or defined
in C:\Users\NICSI\Downloads\eCollabDDS\eCollabDDS\eCollabDDS\testng.xml
... Removed 16 stack frames</pre></div><a href='#' onClick='toggleBox("stack-trace2122256138", this, "Click to show all stack frames", "Click to hide stack frames")'>Click to show all stack frames</a>
<div class='stack-trace' id='stack-trace2122256138'><pre>org.testng.TestNGException: 
Parameter &apos;browser&apos; is required by BeforeSuite on method EndUser_Login_Page but has not been marked @Optional or defined
in C:\Users\NICSI\Downloads\eCollabDDS\eCollabDDS\eCollabDDS\testng.xml
	at org.testng.internal.Parameters.createParams(Parameters.java:270)
	at org.testng.internal.Parameters.createParametersForMethod(Parameters.java:358)
	at org.testng.internal.Parameters.createParameters(Parameters.java:700)
	at org.testng.internal.Parameters.createConfigurationParameters(Parameters.java:168)
	at org.testng.internal.ConfigInvoker.invokeConfigurations(ConfigInvoker.java:302)
	at org.testng.SuiteRunner.privateRun(SuiteRunner.java:317)
	at org.testng.SuiteRunner.run(SuiteRunner.java:276)
	at org.testng.SuiteRunnerWorker.runSuite(SuiteRunnerWorker.java:53)
	at org.testng.SuiteRunnerWorker.run(SuiteRunnerWorker.java:96)
	at org.testng.TestNG.runSuitesSequentially(TestNG.java:1212)
	at org.testng.TestNG.runSuitesLocally(TestNG.java:1134)
	at org.testng.TestNG.runSuites(TestNG.java:1063)
	at org.testng.TestNG.run(TestNG.java:1031)
	at org.testng.remote.AbstractRemoteTestNG.run(AbstractRemoteTestNG.java:115)
	at org.testng.remote.RemoteTestNG.initAndRun(RemoteTestNG.java:251)
	at org.testng.remote.RemoteTestNG.main(RemoteTestNG.java:77)
</pre></div></td>
<td>0</td>
<td>endUserTests.EndUser_Relogin_Tests@534a5a98</td></tr>
<tr>
<td title='radiologistTests.Radio_Default_Page_Tests.radio_vCards_Test()'><b>radio_vCards_Test</b><br>Test class: radiologistTests.Radio_Default_Page_Tests</td>
<td><div><pre>org.testng.TestNGException: 
Parameter &apos;browser&apos; is required by BeforeSuite on method EndUser_Login_Page but has not been marked @Optional or defined
in C:\Users\NICSI\Downloads\eCollabDDS\eCollabDDS\eCollabDDS\testng.xml
... Removed 16 stack frames</pre></div><a href='#' onClick='toggleBox("stack-trace1322484262", this, "Click to show all stack frames", "Click to hide stack frames")'>Click to show all stack frames</a>
<div class='stack-trace' id='stack-trace1322484262'><pre>org.testng.TestNGException: 
Parameter &apos;browser&apos; is required by BeforeSuite on method EndUser_Login_Page but has not been marked @Optional or defined
in C:\Users\NICSI\Downloads\eCollabDDS\eCollabDDS\eCollabDDS\testng.xml
	at org.testng.internal.Parameters.createParams(Parameters.java:270)
	at org.testng.internal.Parameters.createParametersForMethod(Parameters.java:358)
	at org.testng.internal.Parameters.createParameters(Parameters.java:700)
	at org.testng.internal.Parameters.createConfigurationParameters(Parameters.java:168)
	at org.testng.internal.ConfigInvoker.invokeConfigurations(ConfigInvoker.java:302)
	at org.testng.SuiteRunner.privateRun(SuiteRunner.java:317)
	at org.testng.SuiteRunner.run(SuiteRunner.java:276)
	at org.testng.SuiteRunnerWorker.runSuite(SuiteRunnerWorker.java:53)
	at org.testng.SuiteRunnerWorker.run(SuiteRunnerWorker.java:96)
	at org.testng.TestNG.runSuitesSequentially(TestNG.java:1212)
	at org.testng.TestNG.runSuitesLocally(TestNG.java:1134)
	at org.testng.TestNG.runSuites(TestNG.java:1063)
	at org.testng.TestNG.run(TestNG.java:1031)
	at org.testng.remote.AbstractRemoteTestNG.run(AbstractRemoteTestNG.java:115)
	at org.testng.remote.RemoteTestNG.initAndRun(RemoteTestNG.java:251)
	at org.testng.remote.RemoteTestNG.main(RemoteTestNG.java:77)
</pre></div></td>
<td>0</td>
<td>radiologistTests.Radio_Default_Page_Tests@a38c7fe</td></tr>
<tr>
<td title='tests.Admin_Client_Application_Pages_Tests.Add_CA_Form_NegTests()'><b>Add_CA_Form_NegTests</b><br>Test class: tests.Admin_Client_Application_Pages_Tests<br>Parameters: U C App Name, Client 123, User Name, V-C Sharma, gmail.com, zzzzzzzzzz</td>
<td><div><pre>org.testng.TestNGException: 
Parameter &apos;browser&apos; is required by BeforeSuite on method EndUser_Login_Page but has not been marked @Optional or defined
in C:\Users\NICSI\Downloads\eCollabDDS\eCollabDDS\eCollabDDS\testng.xml
... Removed 16 stack frames</pre></div><a href='#' onClick='toggleBox("stack-trace1847559273", this, "Click to show all stack frames", "Click to hide stack frames")'>Click to show all stack frames</a>
<div class='stack-trace' id='stack-trace1847559273'><pre>org.testng.TestNGException: 
Parameter &apos;browser&apos; is required by BeforeSuite on method EndUser_Login_Page but has not been marked @Optional or defined
in C:\Users\NICSI\Downloads\eCollabDDS\eCollabDDS\eCollabDDS\testng.xml
	at org.testng.internal.Parameters.createParams(Parameters.java:270)
	at org.testng.internal.Parameters.createParametersForMethod(Parameters.java:358)
	at org.testng.internal.Parameters.createParameters(Parameters.java:700)
	at org.testng.internal.Parameters.createConfigurationParameters(Parameters.java:168)
	at org.testng.internal.ConfigInvoker.invokeConfigurations(ConfigInvoker.java:302)
	at org.testng.SuiteRunner.privateRun(SuiteRunner.java:317)
	at org.testng.SuiteRunner.run(SuiteRunner.java:276)
	at org.testng.SuiteRunnerWorker.runSuite(SuiteRunnerWorker.java:53)
	at org.testng.SuiteRunnerWorker.run(SuiteRunnerWorker.java:96)
	at org.testng.TestNG.runSuitesSequentially(TestNG.java:1212)
	at org.testng.TestNG.runSuitesLocally(TestNG.java:1134)
	at org.testng.TestNG.runSuites(TestNG.java:1063)
	at org.testng.TestNG.run(TestNG.java:1031)
	at org.testng.remote.AbstractRemoteTestNG.run(AbstractRemoteTestNG.java:115)
	at org.testng.remote.RemoteTestNG.initAndRun(RemoteTestNG.java:251)
	at org.testng.remote.RemoteTestNG.main(RemoteTestNG.java:77)
</pre></div></td>
<td>0</td>
<td>tests.Admin_Client_Application_Pages_Tests@1ed6388a</td></tr>
<tr>
<td title='tests.Admin_Client_Application_Pages_Tests.ClientApp_Open_Add_Form_Tests()'><b>ClientApp_Open_Add_Form_Tests</b><br>Test class: tests.Admin_Client_Application_Pages_Tests</td>
<td><div><pre>org.testng.TestNGException: 
Parameter &apos;browser&apos; is required by BeforeSuite on method EndUser_Login_Page but has not been marked @Optional or defined
in C:\Users\NICSI\Downloads\eCollabDDS\eCollabDDS\eCollabDDS\testng.xml
... Removed 16 stack frames</pre></div><a href='#' onClick='toggleBox("stack-trace116669570", this, "Click to show all stack frames", "Click to hide stack frames")'>Click to show all stack frames</a>
<div class='stack-trace' id='stack-trace116669570'><pre>org.testng.TestNGException: 
Parameter &apos;browser&apos; is required by BeforeSuite on method EndUser_Login_Page but has not been marked @Optional or defined
in C:\Users\NICSI\Downloads\eCollabDDS\eCollabDDS\eCollabDDS\testng.xml
	at org.testng.internal.Parameters.createParams(Parameters.java:270)
	at org.testng.internal.Parameters.createParametersForMethod(Parameters.java:358)
	at org.testng.internal.Parameters.createParameters(Parameters.java:700)
	at org.testng.internal.Parameters.createConfigurationParameters(Parameters.java:168)
	at org.testng.internal.ConfigInvoker.invokeConfigurations(ConfigInvoker.java:302)
	at org.testng.SuiteRunner.privateRun(SuiteRunner.java:317)
	at org.testng.SuiteRunner.run(SuiteRunner.java:276)
	at org.testng.SuiteRunnerWorker.runSuite(SuiteRunnerWorker.java:53)
	at org.testng.SuiteRunnerWorker.run(SuiteRunnerWorker.java:96)
	at org.testng.TestNG.runSuitesSequentially(TestNG.java:1212)
	at org.testng.TestNG.runSuitesLocally(TestNG.java:1134)
	at org.testng.TestNG.runSuites(TestNG.java:1063)
	at org.testng.TestNG.run(TestNG.java:1031)
	at org.testng.remote.AbstractRemoteTestNG.run(AbstractRemoteTestNG.java:115)
	at org.testng.remote.RemoteTestNG.initAndRun(RemoteTestNG.java:251)
	at org.testng.remote.RemoteTestNG.main(RemoteTestNG.java:77)
</pre></div></td>
<td>0</td>
<td>tests.Admin_Client_Application_Pages_Tests@1ed6388a</td></tr>
<tr>
<td title='tests.Admin_Client_Organization_Pages_Tests.List_CO_Action_UpdateOrg_Tests()'><b>List_CO_Action_UpdateOrg_Tests</b><br>Test class: tests.Admin_Client_Organization_Pages_Tests</td>
<td><div><pre>org.testng.TestNGException: 
Parameter &apos;browser&apos; is required by BeforeSuite on method EndUser_Login_Page but has not been marked @Optional or defined
in C:\Users\NICSI\Downloads\eCollabDDS\eCollabDDS\eCollabDDS\testng.xml
... Removed 16 stack frames</pre></div><a href='#' onClick='toggleBox("stack-trace2049837144", this, "Click to show all stack frames", "Click to hide stack frames")'>Click to show all stack frames</a>
<div class='stack-trace' id='stack-trace2049837144'><pre>org.testng.TestNGException: 
Parameter &apos;browser&apos; is required by BeforeSuite on method EndUser_Login_Page but has not been marked @Optional or defined
in C:\Users\NICSI\Downloads\eCollabDDS\eCollabDDS\eCollabDDS\testng.xml
	at org.testng.internal.Parameters.createParams(Parameters.java:270)
	at org.testng.internal.Parameters.createParametersForMethod(Parameters.java:358)
	at org.testng.internal.Parameters.createParameters(Parameters.java:700)
	at org.testng.internal.Parameters.createConfigurationParameters(Parameters.java:168)
	at org.testng.internal.ConfigInvoker.invokeConfigurations(ConfigInvoker.java:302)
	at org.testng.SuiteRunner.privateRun(SuiteRunner.java:317)
	at org.testng.SuiteRunner.run(SuiteRunner.java:276)
	at org.testng.SuiteRunnerWorker.runSuite(SuiteRunnerWorker.java:53)
	at org.testng.SuiteRunnerWorker.run(SuiteRunnerWorker.java:96)
	at org.testng.TestNG.runSuitesSequentially(TestNG.java:1212)
	at org.testng.TestNG.runSuitesLocally(TestNG.java:1134)
	at org.testng.TestNG.runSuites(TestNG.java:1063)
	at org.testng.TestNG.run(TestNG.java:1031)
	at org.testng.remote.AbstractRemoteTestNG.run(AbstractRemoteTestNG.java:115)
	at org.testng.remote.RemoteTestNG.initAndRun(RemoteTestNG.java:251)
	at org.testng.remote.RemoteTestNG.main(RemoteTestNG.java:77)
</pre></div></td>
<td>0</td>
<td>tests.Admin_Client_Organization_Pages_Tests@5e600dd5</td></tr>
<tr>
<td title='tests.Admin_HospitalUsers_Pages_Tests.HospitalUsers_ColumnSorting_Tests()'><b>HospitalUsers_ColumnSorting_Tests</b><br>Test class: tests.Admin_HospitalUsers_Pages_Tests</td>
<td><div><pre>org.testng.TestNGException: 
Parameter &apos;browser&apos; is required by BeforeSuite on method EndUser_Login_Page but has not been marked @Optional or defined
in C:\Users\NICSI\Downloads\eCollabDDS\eCollabDDS\eCollabDDS\testng.xml
... Removed 16 stack frames</pre></div><a href='#' onClick='toggleBox("stack-trace1697441364", this, "Click to show all stack frames", "Click to hide stack frames")'>Click to show all stack frames</a>
<div class='stack-trace' id='stack-trace1697441364'><pre>org.testng.TestNGException: 
Parameter &apos;browser&apos; is required by BeforeSuite on method EndUser_Login_Page but has not been marked @Optional or defined
in C:\Users\NICSI\Downloads\eCollabDDS\eCollabDDS\eCollabDDS\testng.xml
	at org.testng.internal.Parameters.createParams(Parameters.java:270)
	at org.testng.internal.Parameters.createParametersForMethod(Parameters.java:358)
	at org.testng.internal.Parameters.createParameters(Parameters.java:700)
	at org.testng.internal.Parameters.createConfigurationParameters(Parameters.java:168)
	at org.testng.internal.ConfigInvoker.invokeConfigurations(ConfigInvoker.java:302)
	at org.testng.SuiteRunner.privateRun(SuiteRunner.java:317)
	at org.testng.SuiteRunner.run(SuiteRunner.java:276)
	at org.testng.SuiteRunnerWorker.runSuite(SuiteRunnerWorker.java:53)
	at org.testng.SuiteRunnerWorker.run(SuiteRunnerWorker.java:96)
	at org.testng.TestNG.runSuitesSequentially(TestNG.java:1212)
	at org.testng.TestNG.runSuitesLocally(TestNG.java:1134)
	at org.testng.TestNG.runSuites(TestNG.java:1063)
	at org.testng.TestNG.run(TestNG.java:1031)
	at org.testng.remote.AbstractRemoteTestNG.run(AbstractRemoteTestNG.java:115)
	at org.testng.remote.RemoteTestNG.initAndRun(RemoteTestNG.java:251)
	at org.testng.remote.RemoteTestNG.main(RemoteTestNG.java:77)
</pre></div></td>
<td>0</td>
<td>tests.Admin_HospitalUsers_Pages_Tests@5a45133e</td></tr>
<tr>
<td title='tests.Admin_Default_Page_Tests.Admin_myProfile_button_Test()'><b>Admin_myProfile_button_Test</b><br>Test class: tests.Admin_Default_Page_Tests</td>
<td><div><pre>org.testng.TestNGException: 
Parameter &apos;browser&apos; is required by BeforeSuite on method EndUser_Login_Page but has not been marked @Optional or defined
in C:\Users\NICSI\Downloads\eCollabDDS\eCollabDDS\eCollabDDS\testng.xml
... Removed 16 stack frames</pre></div><a href='#' onClick='toggleBox("stack-trace737756161", this, "Click to show all stack frames", "Click to hide stack frames")'>Click to show all stack frames</a>
<div class='stack-trace' id='stack-trace737756161'><pre>org.testng.TestNGException: 
Parameter &apos;browser&apos; is required by BeforeSuite on method EndUser_Login_Page but has not been marked @Optional or defined
in C:\Users\NICSI\Downloads\eCollabDDS\eCollabDDS\eCollabDDS\testng.xml
	at org.testng.internal.Parameters.createParams(Parameters.java:270)
	at org.testng.internal.Parameters.createParametersForMethod(Parameters.java:358)
	at org.testng.internal.Parameters.createParameters(Parameters.java:700)
	at org.testng.internal.Parameters.createConfigurationParameters(Parameters.java:168)
	at org.testng.internal.ConfigInvoker.invokeConfigurations(ConfigInvoker.java:302)
	at org.testng.SuiteRunner.privateRun(SuiteRunner.java:317)
	at org.testng.SuiteRunner.run(SuiteRunner.java:276)
	at org.testng.SuiteRunnerWorker.runSuite(SuiteRunnerWorker.java:53)
	at org.testng.SuiteRunnerWorker.run(SuiteRunnerWorker.java:96)
	at org.testng.TestNG.runSuitesSequentially(TestNG.java:1212)
	at org.testng.TestNG.runSuitesLocally(TestNG.java:1134)
	at org.testng.TestNG.runSuites(TestNG.java:1063)
	at org.testng.TestNG.run(TestNG.java:1031)
	at org.testng.remote.AbstractRemoteTestNG.run(AbstractRemoteTestNG.java:115)
	at org.testng.remote.RemoteTestNG.initAndRun(RemoteTestNG.java:251)
	at org.testng.remote.RemoteTestNG.main(RemoteTestNG.java:77)
</pre></div></td>
<td>0</td>
<td>tests.Admin_Default_Page_Tests@130c12b7</td></tr>
<tr>
<td title='tests.Admin_Client_Application_Pages_Tests.ClientApp_AddForm_NoData_Tests()'><b>ClientApp_AddForm_NoData_Tests</b><br>Test class: tests.Admin_Client_Application_Pages_Tests</td>
<td><div><pre>org.testng.TestNGException: 
Parameter &apos;browser&apos; is required by BeforeSuite on method EndUser_Login_Page but has not been marked @Optional or defined
in C:\Users\NICSI\Downloads\eCollabDDS\eCollabDDS\eCollabDDS\testng.xml
... Removed 16 stack frames</pre></div><a href='#' onClick='toggleBox("stack-trace1572256205", this, "Click to show all stack frames", "Click to hide stack frames")'>Click to show all stack frames</a>
<div class='stack-trace' id='stack-trace1572256205'><pre>org.testng.TestNGException: 
Parameter &apos;browser&apos; is required by BeforeSuite on method EndUser_Login_Page but has not been marked @Optional or defined
in C:\Users\NICSI\Downloads\eCollabDDS\eCollabDDS\eCollabDDS\testng.xml
	at org.testng.internal.Parameters.createParams(Parameters.java:270)
	at org.testng.internal.Parameters.createParametersForMethod(Parameters.java:358)
	at org.testng.internal.Parameters.createParameters(Parameters.java:700)
	at org.testng.internal.Parameters.createConfigurationParameters(Parameters.java:168)
	at org.testng.internal.ConfigInvoker.invokeConfigurations(ConfigInvoker.java:302)
	at org.testng.SuiteRunner.privateRun(SuiteRunner.java:317)
	at org.testng.SuiteRunner.run(SuiteRunner.java:276)
	at org.testng.SuiteRunnerWorker.runSuite(SuiteRunnerWorker.java:53)
	at org.testng.SuiteRunnerWorker.run(SuiteRunnerWorker.java:96)
	at org.testng.TestNG.runSuitesSequentially(TestNG.java:1212)
	at org.testng.TestNG.runSuitesLocally(TestNG.java:1134)
	at org.testng.TestNG.runSuites(TestNG.java:1063)
	at org.testng.TestNG.run(TestNG.java:1031)
	at org.testng.remote.AbstractRemoteTestNG.run(AbstractRemoteTestNG.java:115)
	at org.testng.remote.RemoteTestNG.initAndRun(RemoteTestNG.java:251)
	at org.testng.remote.RemoteTestNG.main(RemoteTestNG.java:77)
</pre></div></td>
<td>0</td>
<td>tests.Admin_Client_Application_Pages_Tests@1ed6388a</td></tr>
<tr>
<td title='tests.Admin_HospitalUsers_Pages_Tests.HosUsersList_EndUserData_Tests()'><b>HosUsersList_EndUserData_Tests</b><br>Test class: tests.Admin_HospitalUsers_Pages_Tests</td>
<td><div><pre>org.testng.TestNGException: 
Parameter &apos;browser&apos; is required by BeforeSuite on method EndUser_Login_Page but has not been marked @Optional or defined
in C:\Users\NICSI\Downloads\eCollabDDS\eCollabDDS\eCollabDDS\testng.xml
... Removed 16 stack frames</pre></div><a href='#' onClick='toggleBox("stack-trace365864880", this, "Click to show all stack frames", "Click to hide stack frames")'>Click to show all stack frames</a>
<div class='stack-trace' id='stack-trace365864880'><pre>org.testng.TestNGException: 
Parameter &apos;browser&apos; is required by BeforeSuite on method EndUser_Login_Page but has not been marked @Optional or defined
in C:\Users\NICSI\Downloads\eCollabDDS\eCollabDDS\eCollabDDS\testng.xml
	at org.testng.internal.Parameters.createParams(Parameters.java:270)
	at org.testng.internal.Parameters.createParametersForMethod(Parameters.java:358)
	at org.testng.internal.Parameters.createParameters(Parameters.java:700)
	at org.testng.internal.Parameters.createConfigurationParameters(Parameters.java:168)
	at org.testng.internal.ConfigInvoker.invokeConfigurations(ConfigInvoker.java:302)
	at org.testng.SuiteRunner.privateRun(SuiteRunner.java:317)
	at org.testng.SuiteRunner.run(SuiteRunner.java:276)
	at org.testng.SuiteRunnerWorker.runSuite(SuiteRunnerWorker.java:53)
	at org.testng.SuiteRunnerWorker.run(SuiteRunnerWorker.java:96)
	at org.testng.TestNG.runSuitesSequentially(TestNG.java:1212)
	at org.testng.TestNG.runSuitesLocally(TestNG.java:1134)
	at org.testng.TestNG.runSuites(TestNG.java:1063)
	at org.testng.TestNG.run(TestNG.java:1031)
	at org.testng.remote.AbstractRemoteTestNG.run(AbstractRemoteTestNG.java:115)
	at org.testng.remote.RemoteTestNG.initAndRun(RemoteTestNG.java:251)
	at org.testng.remote.RemoteTestNG.main(RemoteTestNG.java:77)
</pre></div></td>
<td>0</td>
<td>tests.Admin_HospitalUsers_Pages_Tests@5a45133e</td></tr>
<tr>
<td title='endUserTests.EndUser_Completed_Tests.enduser_Completed_Case_Tests()'><b>enduser_Completed_Case_Tests</b><br>Test class: endUserTests.EndUser_Completed_Tests</td>
<td><div><pre>org.testng.TestNGException: 
Parameter &apos;browser&apos; is required by BeforeSuite on method EndUser_Login_Page but has not been marked @Optional or defined
in C:\Users\NICSI\Downloads\eCollabDDS\eCollabDDS\eCollabDDS\testng.xml
... Removed 16 stack frames</pre></div><a href='#' onClick='toggleBox("stack-trace2008666311", this, "Click to show all stack frames", "Click to hide stack frames")'>Click to show all stack frames</a>
<div class='stack-trace' id='stack-trace2008666311'><pre>org.testng.TestNGException: 
Parameter &apos;browser&apos; is required by BeforeSuite on method EndUser_Login_Page but has not been marked @Optional or defined
in C:\Users\NICSI\Downloads\eCollabDDS\eCollabDDS\eCollabDDS\testng.xml
	at org.testng.internal.Parameters.createParams(Parameters.java:270)
	at org.testng.internal.Parameters.createParametersForMethod(Parameters.java:358)
	at org.testng.internal.Parameters.createParameters(Parameters.java:700)
	at org.testng.internal.Parameters.createConfigurationParameters(Parameters.java:168)
	at org.testng.internal.ConfigInvoker.invokeConfigurations(ConfigInvoker.java:302)
	at org.testng.SuiteRunner.privateRun(SuiteRunner.java:317)
	at org.testng.SuiteRunner.run(SuiteRunner.java:276)
	at org.testng.SuiteRunnerWorker.runSuite(SuiteRunnerWorker.java:53)
	at org.testng.SuiteRunnerWorker.run(SuiteRunnerWorker.java:96)
	at org.testng.TestNG.runSuitesSequentially(TestNG.java:1212)
	at org.testng.TestNG.runSuitesLocally(TestNG.java:1134)
	at org.testng.TestNG.runSuites(TestNG.java:1063)
	at org.testng.TestNG.run(TestNG.java:1031)
	at org.testng.remote.AbstractRemoteTestNG.run(AbstractRemoteTestNG.java:115)
	at org.testng.remote.RemoteTestNG.initAndRun(RemoteTestNG.java:251)
	at org.testng.remote.RemoteTestNG.main(RemoteTestNG.java:77)
</pre></div></td>
<td>0</td>
<td>endUserTests.EndUser_Completed_Tests@60bd273d</td></tr>
</table><p>
</body>
</html>