<?xml version="1.0" encoding="UTF-8"?>
<!-- Generated by org.testng.reporters.JUnitXMLReporter -->
<testsuite ignored="17" hostname="DESKTOP-NU8MI4J" failures="0" tests="73" name="Test" time="2.089" errors="0" timestamp="2023-04-03T09:37:52 IST">
  <testcase classname="endUserTests.TestBase" name="@BeforeSuite EndUser_Login_Page" time="-1.680494870705E9">
    <failure type="org.testng.TestNGException" message="
Parameter &amp;apos;browser&amp;apos; is required by BeforeSuite on method EndUser_Login_Page but has not been marked @Optional or defined
in C:\Users\NICSI\Downloads\eCollabDDS\eCollabDDS\eCollabDDS\testng.xml">
      <![CDATA[org.testng.TestNGException: 
Parameter 'browser' is required by BeforeSuite on method EndUser_Login_Page but has not been marked @Optional or defined
in C:\Users\NICSI\Downloads\eCollabDDS\eCollabDDS\eCollabDDS\testng.xml
... Removed 16 stack frames]]>
    </failure>
  </testcase> <!-- @BeforeSuite EndUser_Login_Page -->
  <testcase classname="tests.TestBase" name="@BeforeSuite eCollabDDS_Url_should_open" time="-1.680494870712E9">
    <skipped/>
  </testcase> <!-- @BeforeSuite eCollabDDS_Url_should_open -->
  <testcase classname="endUserTests.EndUser_Default_Page_Tests" name="EndUser_myProfile_button_Test" time="0.0">
    <skipped/>
  </testcase> <!-- EndUser_myProfile_button_Test -->
  <testcase classname="endUserTests.EndUser_Default_Page_Tests" name="EndUser_vCards_Test" time="0.0">
    <skipped/>
  </testcase> <!-- EndUser_vCards_Test -->
  <testcase classname="endUserTests.EndUser_Default_Page_Tests" name="EndUser_vCards_Counts_Test" time="0.0">
    <skipped/>
  </testcase> <!-- EndUser_vCards_Counts_Test -->
  <testcase classname="tests.Admin_Client_Application_Pages_Tests" name="Open_Client_Application_Tests" time="0.0">
    <skipped/>
  </testcase> <!-- Open_Client_Application_Tests -->
  <testcase classname="tests.Admin_Client_Application_Pages_Tests" name="ClientApp_Open_Add_Form_Tests" time="0.0">
    <skipped/>
  </testcase> <!-- ClientApp_Open_Add_Form_Tests -->
  <testcase classname="tests.Admin_Client_Application_Pages_Tests" name="ClientApp_AddForm_NoData_Tests" time="0.0">
    <skipped/>
  </testcase> <!-- ClientApp_AddForm_NoData_Tests -->
  <testcase classname="tests.Admin_Client_Application_Pages_Tests" name="Add_CA_Form_NegTests" time="0.0">
    <skipped/>
  </testcase> <!-- Add_CA_Form_NegTests -->
  <testcase classname="tests.Admin_Client_Application_Pages_Tests" name="Add_CA_Form_NegTests" time="0.0">
    <skipped/>
  </testcase> <!-- Add_CA_Form_NegTests -->
  <testcase classname="tests.Admin_Client_Application_Pages_Tests" name="Add_CA_Form_Tests" time="0.0">
    <skipped/>
  </testcase> <!-- Add_CA_Form_Tests -->
  <testcase classname="tests.Admin_Client_Application_Pages_Tests" name="ca_vcard_count_Tests" time="0.0">
    <skipped/>
  </testcase> <!-- ca_vcard_count_Tests -->
  <testcase classname="tests.Admin_Client_Application_Pages_Tests" name="List_CA_Buttons_Test" time="0.0">
    <skipped/>
  </testcase> <!-- List_CA_Buttons_Test -->
  <testcase classname="tests.Admin_Client_Application_Pages_Tests" name="List_CA_Table_Tests" time="0.0">
    <skipped/>
  </testcase> <!-- List_CA_Table_Tests -->
  <testcase classname="tests.Admin_Client_Application_Pages_Tests" name="List_CA_Action_UpdateCApp_Tests" time="0.0">
    <skipped/>
  </testcase> <!-- List_CA_Action_UpdateCApp_Tests -->
  <testcase classname="tests.Admin_Client_Application_Pages_Tests" name="CA_Search_Tests" time="0.0">
    <skipped/>
  </testcase> <!-- CA_Search_Tests -->
  <testcase classname="tests.Admin_HospitalUsers_Pages_Tests" name="Admin_Open_HospitalUsers_Tests" time="0.0">
    <skipped/>
  </testcase> <!-- Admin_Open_HospitalUsers_Tests -->
  <testcase classname="tests.Admin_HospitalUsers_Pages_Tests" name="Admin_HospitalUsers_DefaultPage_Tests" time="0.0">
    <skipped/>
  </testcase> <!-- Admin_HospitalUsers_DefaultPage_Tests -->
  <testcase classname="tests.Admin_HospitalUsers_Pages_Tests" name="HospitalUsers_vCardCount_recordCount_Tests" time="0.0">
    <skipped/>
  </testcase> <!-- HospitalUsers_vCardCount_recordCount_Tests -->
  <testcase classname="tests.Admin_HospitalUsers_Pages_Tests" name="HospitalUsers_TableHeading_Tests" time="0.0">
    <skipped/>
  </testcase> <!-- HospitalUsers_TableHeading_Tests -->
  <testcase classname="tests.Admin_HospitalUsers_Pages_Tests" name="HospitalUsers_HideColumn_Tests" time="0.0">
    <skipped/>
  </testcase> <!-- HospitalUsers_HideColumn_Tests -->
  <testcase classname="tests.Admin_HospitalUsers_Pages_Tests" name="HospitalUsers_Filter_Tests" time="0.0">
    <skipped/>
  </testcase> <!-- HospitalUsers_Filter_Tests -->
  <testcase classname="tests.Admin_HospitalUsers_Pages_Tests" name="HospitalUsers_ColumnSorting_Tests" time="0.0">
    <skipped/>
  </testcase> <!-- HospitalUsers_ColumnSorting_Tests -->
  <testcase classname="tests.Admin_HospitalUsers_Pages_Tests" name="HosUsersList_RadiologistData_Tests" time="0.0">
    <skipped/>
  </testcase> <!-- HosUsersList_RadiologistData_Tests -->
  <testcase classname="tests.Admin_HospitalUsers_Pages_Tests" name="Update_RadiologistUserData_Tests" time="0.001">
    <skipped/>
  </testcase> <!-- Update_RadiologistUserData_Tests -->
  <testcase classname="tests.Admin_HospitalUsers_Pages_Tests" name="HosUsersList_EndUserData_Tests" time="0.0">
    <skipped/>
  </testcase> <!-- HosUsersList_EndUserData_Tests -->
  <testcase classname="tests.Admin_HospitalUsers_Pages_Tests" name="Update_EndUserData_Tests" time="0.0">
    <skipped/>
  </testcase> <!-- Update_EndUserData_Tests -->
  <testcase classname="tests.Admin_HospitalUsers_Pages_Tests" name="HosUsers_Search_Tests" time="0.0">
    <skipped/>
  </testcase> <!-- HosUsers_Search_Tests -->
  <testcase classname="endUserTests.EndUser_Relogin_Tests" name="login_EndUser_Test" time="0.0">
    <skipped/>
  </testcase> <!-- login_EndUser_Test -->
  <testcase classname="tests.Admin_Hospitals_Pages_Tests" name="Open_Hospitals_Tests" time="0.0">
    <skipped/>
  </testcase> <!-- Open_Hospitals_Tests -->
  <testcase classname="tests.Admin_Hospitals_Pages_Tests" name="Hospitals_Open_Add_Form_Tests" time="0.0">
    <skipped/>
  </testcase> <!-- Hospitals_Open_Add_Form_Tests -->
  <testcase classname="tests.Admin_Hospitals_Pages_Tests" name="Hospitals_AddEndUserHos_NoData_Tests" time="0.0">
    <skipped/>
  </testcase> <!-- Hospitals_AddEndUserHos_NoData_Tests -->
  <testcase classname="tests.Admin_Hospitals_Pages_Tests" name="AddEndUserHos_Neg_Tests" time="0.0">
    <skipped/>
  </testcase> <!-- AddEndUserHos_Neg_Tests -->
  <testcase classname="tests.Admin_Hospitals_Pages_Tests" name="AddEndUserHos_Neg_Tests" time="0.0">
    <skipped/>
  </testcase> <!-- AddEndUserHos_Neg_Tests -->
  <testcase classname="tests.Admin_Hospitals_Pages_Tests" name="AddEndUserHos_Tests" time="0.0">
    <skipped/>
  </testcase> <!-- AddEndUserHos_Tests -->
  <testcase classname="tests.Admin_Hospitals_Pages_Tests" name="Hospitals_AddReviewerHos_NoData_Tests" time="0.0">
    <skipped/>
  </testcase> <!-- Hospitals_AddReviewerHos_NoData_Tests -->
  <testcase classname="tests.Admin_Hospitals_Pages_Tests" name="AddReviewerHos_Neg_Tests" time="0.0">
    <skipped/>
  </testcase> <!-- AddReviewerHos_Neg_Tests -->
  <testcase classname="tests.Admin_Hospitals_Pages_Tests" name="AddReviewerHos_Neg_Tests" time="0.0">
    <skipped/>
  </testcase> <!-- AddReviewerHos_Neg_Tests -->
  <testcase classname="tests.Admin_Hospitals_Pages_Tests" name="AddReviewerHos_Tests" time="0.0">
    <skipped/>
  </testcase> <!-- AddReviewerHos_Tests -->
  <testcase classname="tests.Admin_Hospitals_Pages_Tests" name="hospitals_vcard_count_Tests" time="0.0">
    <skipped/>
  </testcase> <!-- hospitals_vcard_count_Tests -->
  <testcase classname="tests.Admin_Hospitals_Pages_Tests" name="List_Hospitals_Buttons_Tests" time="0.0">
    <skipped/>
  </testcase> <!-- List_Hospitals_Buttons_Tests -->
  <testcase classname="tests.Admin_Hospitals_Pages_Tests" name="List_Hospitals_ColumnSorting_Tests" time="0.0">
    <skipped/>
  </testcase> <!-- List_Hospitals_ColumnSorting_Tests -->
  <testcase classname="tests.Admin_Hospitals_Pages_Tests" name="List_Hospitals_ReviewerHosData_Update_Tests" time="0.0">
    <skipped/>
  </testcase> <!-- List_Hospitals_ReviewerHosData_Update_Tests -->
  <testcase classname="tests.Admin_Hospitals_Pages_Tests" name="List_Hospitals_EnduserHosData_Update_Tests" time="0.0">
    <skipped/>
  </testcase> <!-- List_Hospitals_EnduserHosData_Update_Tests -->
  <testcase classname="tests.Admin_Hospitals_Pages_Tests" name="List_Hospitals_Search_Tests" time="0.0">
    <skipped/>
  </testcase> <!-- List_Hospitals_Search_Tests -->
  <testcase classname="endUserTests.EndUser_Completed_Tests" name="endUser_Completed_Default_Tests" time="0.0">
    <skipped/>
  </testcase> <!-- endUser_Completed_Default_Tests -->
  <testcase classname="endUserTests.EndUser_Completed_Tests" name="enduser_Completed_Case_Tests" time="0.0">
    <skipped/>
  </testcase> <!-- enduser_Completed_Case_Tests -->
  <testcase classname="radiologistTests.Radio_Login_Tests" name="login_Radio_Test" time="0.0">
    <skipped/>
  </testcase> <!-- login_Radio_Test -->
  <testcase classname="tests.Admin_Default_Page_Tests" name="Admin_myProfile_button_Test" time="0.0">
    <skipped/>
  </testcase> <!-- Admin_myProfile_button_Test -->
  <testcase classname="tests.Admin_Default_Page_Tests" name="Admin_Home_Button_Test" time="0.0">
    <skipped/>
  </testcase> <!-- Admin_Home_Button_Test -->
  <testcase classname="tests.Admin_Default_Page_Tests" name="Admin_Default_Page_vCards_Test" time="0.0">
    <skipped/>
  </testcase> <!-- Admin_Default_Page_vCards_Test -->
  <testcase classname="tests.Admin_Default_Page_Tests" name="Admin_Logout_Button_Test" time="0.0">
    <skipped/>
  </testcase> <!-- Admin_Logout_Button_Test -->
  <testcase classname="tests.Admin_Client_Organization_Pages_Tests" name="Open_Client_Organization_Tests" time="0.0">
    <skipped/>
  </testcase> <!-- Open_Client_Organization_Tests -->
  <testcase classname="tests.Admin_Client_Organization_Pages_Tests" name="Add_CO_UI_Tests" time="0.0">
    <skipped/>
  </testcase> <!-- Add_CO_UI_Tests -->
  <testcase classname="tests.Admin_Client_Organization_Pages_Tests" name="Add_CO_SaveButton_Tests" time="0.0">
    <skipped/>
  </testcase> <!-- Add_CO_SaveButton_Tests -->
  <testcase classname="tests.Admin_Client_Organization_Pages_Tests" name="Add_CO_Form_NegValidations" time="0.0">
    <skipped/>
  </testcase> <!-- Add_CO_Form_NegValidations -->
  <testcase classname="tests.Admin_Client_Organization_Pages_Tests" name="Add_CO_Form_NegValidations" time="0.0">
    <skipped/>
  </testcase> <!-- Add_CO_Form_NegValidations -->
  <testcase classname="tests.Admin_Client_Organization_Pages_Tests" name="Add_CO_Form_Validations" time="0.0">
    <skipped/>
  </testcase> <!-- Add_CO_Form_Validations -->
  <testcase classname="tests.Admin_Client_Organization_Pages_Tests" name="CO_vCardCount_Test" time="0.0">
    <skipped/>
  </testcase> <!-- CO_vCardCount_Test -->
  <testcase classname="tests.Admin_Client_Organization_Pages_Tests" name="List_CO_Buttons_Tests" time="0.0">
    <skipped/>
  </testcase> <!-- List_CO_Buttons_Tests -->
  <testcase classname="tests.Admin_Client_Organization_Pages_Tests" name="List_CO_Table_Tests" time="0.0">
    <skipped/>
  </testcase> <!-- List_CO_Table_Tests -->
  <testcase classname="tests.Admin_Client_Organization_Pages_Tests" name="List_CO_Action_UpdateOrg_Tests" time="0.0">
    <skipped/>
  </testcase> <!-- List_CO_Action_UpdateOrg_Tests -->
  <testcase classname="endUserTests.EndUser_Patient_CaseReq_Tests" name="Open_Patient_Tests" time="0.0">
    <skipped/>
  </testcase> <!-- Open_Patient_Tests -->
  <testcase classname="endUserTests.EndUser_Patient_CaseReq_Tests" name="Add_Patient_Neg_Tests" time="0.0">
    <skipped/>
  </testcase> <!-- Add_Patient_Neg_Tests -->
  <testcase classname="endUserTests.EndUser_Patient_CaseReq_Tests" name="Add_Patient_Tests" time="0.0">
    <skipped/>
  </testcase> <!-- Add_Patient_Tests -->
  <testcase classname="endUserTests.EndUser_Patient_CaseReq_Tests" name="Add_CaseReq_Tests" time="0.0">
    <skipped/>
  </testcase> <!-- Add_CaseReq_Tests -->
  <testcase classname="endUserTests.EndUser_Login_Tests" name="EndUser_Login_Page_Test" time="0.0">
    <skipped/>
  </testcase> <!-- EndUser_Login_Page_Test -->
  <testcase classname="tests.Admin_Login_Tests" name="login_eCollabDDS_Admin_Test" time="0.0">
    <skipped/>
  </testcase> <!-- login_eCollabDDS_Admin_Test -->
  <testcase classname="radiologistTests.Radio_Completed_Page_Tests" name="radio_Completed_Default_Tests" time="0.0">
    <skipped/>
  </testcase> <!-- radio_Completed_Default_Tests -->
  <testcase classname="radiologistTests.Radio_Completed_Page_Tests" name="radio_Completed_Case_Tests" time="0.0">
    <skipped/>
  </testcase> <!-- radio_Completed_Case_Tests -->
  <testcase classname="radiologistTests.Radio_Pending_Page_Tests" name="radio_Pending_Default_Tests" time="0.0">
    <skipped/>
  </testcase> <!-- radio_Pending_Default_Tests -->
  <testcase classname="radiologistTests.Radio_Pending_Page_Tests" name="radio_pendingCase_Test" time="0.0">
    <skipped/>
  </testcase> <!-- radio_pendingCase_Test -->
  <testcase classname="radiologistTests.Radio_Default_Page_Tests" name="radio_myProfile_button_Test" time="0.0">
    <skipped/>
  </testcase> <!-- radio_myProfile_button_Test -->
  <testcase classname="radiologistTests.Radio_Default_Page_Tests" name="radio_vCards_Test" time="0.0">
    <skipped/>
  </testcase> <!-- radio_vCards_Test -->
  <testcase classname="radiologistTests.Radio_Default_Page_Tests" name="radio_vCards_Counts_Test" time="0.0">
    <skipped/>
  </testcase> <!-- radio_vCards_Counts_Test -->
  <testcase classname="tests.Admin_HospitalUsers_Pages_Tests" name="Admin_HospitalUsers_AddForm_NoData_Tests" time="0.0">
    <ignored/>
  </testcase> <!-- Admin_HospitalUsers_AddForm_NoData_Tests -->
  <testcase classname="tests.TestBase" name="@BeforeSuite eCollabDDS_Url_should_open" time="0.0">
    <ignored/>
  </testcase> <!-- @BeforeSuite eCollabDDS_Url_should_open -->
  <testcase classname="tests.TestBase" name="@BeforeSuite eCollabDDS_Url_should_open" time="0.0">
    <ignored/>
  </testcase> <!-- @BeforeSuite eCollabDDS_Url_should_open -->
  <testcase classname="tests.TestBase" name="@BeforeSuite eCollabDDS_Url_should_open" time="0.0">
    <ignored/>
  </testcase> <!-- @BeforeSuite eCollabDDS_Url_should_open -->
  <testcase classname="tests.TestBase" name="@BeforeSuite eCollabDDS_Url_should_open" time="0.0">
    <ignored/>
  </testcase> <!-- @BeforeSuite eCollabDDS_Url_should_open -->
  <testcase classname="tests.TestBase" name="@BeforeSuite eCollabDDS_Url_should_open" time="0.0">
    <ignored/>
  </testcase> <!-- @BeforeSuite eCollabDDS_Url_should_open -->
  <testcase classname="tests.Admin_HospitalUsers_Pages_Tests" name="Add_EndUser_Tests" time="0.0">
    <ignored/>
  </testcase> <!-- Add_EndUser_Tests -->
  <testcase classname="tests.Admin_HospitalUsers_Pages_Tests" name="Add_Radiologist_Tests" time="0.0">
    <ignored/>
  </testcase> <!-- Add_Radiologist_Tests -->
  <testcase classname="tests.Admin_HospitalUsers_Pages_Tests" name="AddHosUsers_Neg_Tests" time="0.0">
    <ignored/>
  </testcase> <!-- AddHosUsers_Neg_Tests -->
  <testcase classname="endUserTests.TestBase" name="@BeforeSuite EndUser_Login_Page" time="0.0">
    <ignored/>
  </testcase> <!-- @BeforeSuite EndUser_Login_Page -->
  <testcase classname="endUserTests.TestBase" name="@BeforeSuite EndUser_Login_Page" time="0.0">
    <ignored/>
  </testcase> <!-- @BeforeSuite EndUser_Login_Page -->
  <testcase classname="endUserTests.TestBase" name="@BeforeSuite EndUser_Login_Page" time="0.0">
    <ignored/>
  </testcase> <!-- @BeforeSuite EndUser_Login_Page -->
  <testcase classname="endUserTests.TestBase" name="@BeforeSuite EndUser_Login_Page" time="0.0">
    <ignored/>
  </testcase> <!-- @BeforeSuite EndUser_Login_Page -->
  <testcase classname="endUserTests.TestBase" name="@BeforeSuite EndUser_Login_Page" time="0.0">
    <ignored/>
  </testcase> <!-- @BeforeSuite EndUser_Login_Page -->
  <testcase classname="endUserTests.TestBase" name="@BeforeSuite EndUser_Login_Page" time="0.0">
    <ignored/>
  </testcase> <!-- @BeforeSuite EndUser_Login_Page -->
  <testcase classname="endUserTests.TestBase" name="@BeforeSuite EndUser_Login_Page" time="0.0">
    <ignored/>
  </testcase> <!-- @BeforeSuite EndUser_Login_Page -->
  <testcase classname="endUserTests.TestBase" name="@BeforeSuite EndUser_Login_Page" time="0.0">
    <ignored/>
  </testcase> <!-- @BeforeSuite EndUser_Login_Page -->
</testsuite> <!-- Test -->
