<?xml version="1.0" encoding="UTF-8"?>
<!-- Generated by org.testng.reporters.JUnitXMLReporter -->
<testsuite hostname="DESKTOP-MM5QJ97" name="eCollabDDS Tests" tests="17" failures="13" timestamp="6 Oct 2022 04:24:39 GMT" time="105.925" errors="0">
  <testcase name="login_eCollabDDS_Admin_Test" time="23.743" classname="tests.Admin_Login_Tests"/>
  <testcase name="Open_Hospitals_Tests" time="1.036" classname="tests.Admin_Hospitals_Pages_Tests"/>
  <testcase name="Hospitals_Open_Add_Form_Tests" time="0.357" classname="tests.Admin_Hospitals_Pages_Tests"/>
  <testcase name="Hospitals_AddEndUserHos_NoData_Tests" time="1.945" classname="tests.Admin_Hospitals_Pages_Tests">
    <failure type="java.lang.AssertionError" message="The following asserts failed:
	hospitalLevel_error is incorrect. , expected [Required Field] but found []">
      <![CDATA[java.lang.AssertionError: The following asserts failed:
	hospitalLevel_error is incorrect. , expected [Required Field] but found []
	at tests.Admin_Hospitals_Pages_Tests.Hospitals_AddEndUserHos_NoData_Tests(Admin_Hospitals_Pages_Tests.java:35)
... Removed 26 stack frames]]>
    </failure>
  </testcase> <!-- Hospitals_AddEndUserHos_NoData_Tests -->
  <testcase name="AddEndUserHos_Neg_Tests" time="2.943" classname="tests.Admin_Hospitals_Pages_Tests">
    <failure type="java.lang.AssertionError" message="The following asserts failed:
	Failed:AddEndUserHos_Neg_Tests, hospital Name_err is incorrect,  expected [Hospital name should have 3-70 characters and  allowed special characters are (&amp;apos;.&amp;apos;, &amp;apos;,&amp;apos;, &amp;apos;-&amp;apos;,and space)] but found [],
	Failed:AddEndUserHos_Neg_Tests, hospital Address_err is incorrect,  expected [Address should have 3-100 alphanumeric characters and allowed special characters are (&amp;apos;.&amp;apos;, &amp;apos;,&amp;apos;, &amp;apos;-&amp;apos; and space)] but found []">
      <![CDATA[java.lang.AssertionError: The following asserts failed:
	Failed:AddEndUserHos_Neg_Tests, hospital Name_err is incorrect,  expected [Hospital name should have 3-70 characters and  allowed special characters are ('.', ',', '-',and space)] but found [],
	Failed:AddEndUserHos_Neg_Tests, hospital Address_err is incorrect,  expected [Address should have 3-100 alphanumeric characters and allowed special characters are ('.', ',', '-' and space)] but found []
	at tests.Admin_Hospitals_Pages_Tests.AddEndUserHos_Neg_Tests(Admin_Hospitals_Pages_Tests.java:44)
... Removed 26 stack frames]]>
    </failure>
  </testcase> <!-- AddEndUserHos_Neg_Tests -->
  <testcase name="AddEndUserHos_Neg_Tests" time="2.023" classname="tests.Admin_Hospitals_Pages_Tests">
    <failure type="java.lang.AssertionError" message="The following asserts failed:
	Failed:AddEndUserHos_Neg_Tests, hospital Name_err is incorrect,  expected [Hospital name should have 3-70 characters and  allowed special characters are (&amp;apos;.&amp;apos;, &amp;apos;,&amp;apos;, &amp;apos;-&amp;apos;,and space)] but found []">
      <![CDATA[java.lang.AssertionError: The following asserts failed:
	Failed:AddEndUserHos_Neg_Tests, hospital Name_err is incorrect,  expected [Hospital name should have 3-70 characters and  allowed special characters are ('.', ',', '-',and space)] but found []
	at tests.Admin_Hospitals_Pages_Tests.AddEndUserHos_Neg_Tests(Admin_Hospitals_Pages_Tests.java:44)
... Removed 26 stack frames]]>
    </failure>
  </testcase> <!-- AddEndUserHos_Neg_Tests -->
  <testcase name="AddEndUserHos_Tests" time="3.677" classname="tests.Admin_Hospitals_Pages_Tests"/>
  <testcase name="Hospitals_AddReviewerHos_NoData_Tests" time="1.546" classname="tests.Admin_Hospitals_Pages_Tests">
    <failure type="java.lang.AssertionError" message="The following asserts failed:
	Failed:Hospitals_AddReviewerHosForm_Tests, Nodal Officer Username Error is incorrect,  expected [Required Field] but found [],
	Failed:Hospitals_AddReviewerHosForm_Tests, Nodal Officer Name Error is incorrect,  expected [Required Field] but found [],
	Failed:Hospitals_AddReviewerHosForm_Tests, Nodal Officer Email Error is incorrect,  expected [Required Field] but found [],
	Failed:Hospitals_AddReviewerHosForm_Tests, Nodal Officer Mobile Error is incorrect,  expected [Required Field] but found []">
      <![CDATA[java.lang.AssertionError: The following asserts failed:
	Failed:Hospitals_AddReviewerHosForm_Tests, Nodal Officer Username Error is incorrect,  expected [Required Field] but found [],
	Failed:Hospitals_AddReviewerHosForm_Tests, Nodal Officer Name Error is incorrect,  expected [Required Field] but found [],
	Failed:Hospitals_AddReviewerHosForm_Tests, Nodal Officer Email Error is incorrect,  expected [Required Field] but found [],
	Failed:Hospitals_AddReviewerHosForm_Tests, Nodal Officer Mobile Error is incorrect,  expected [Required Field] but found []
	at tests.Admin_Hospitals_Pages_Tests.Hospitals_AddReviewerHos_NoData_Tests(Admin_Hospitals_Pages_Tests.java:61)
... Removed 26 stack frames]]>
    </failure>
  </testcase> <!-- Hospitals_AddReviewerHos_NoData_Tests -->
  <testcase name="AddReviewerHos_Neg_Tests" time="3.635" classname="tests.Admin_Hospitals_Pages_Tests">
    <failure type="java.lang.AssertionError" message="The following asserts failed:
	Failed:AddReviewerHos_Neg_Tests, hospital Name_err is incorrect,  expected [Hospital name should have 3-70 characters and  allowed special characters are (&amp;apos;.&amp;apos;, &amp;apos;,&amp;apos;, &amp;apos;-&amp;apos;,and space)] but found [],
	Failed:AddReviewerHos_Neg_Tests, Nodal officer Username Error is incorrect.,  expected [Username should be alphanumeric [allowed special characters dot(.), @, underscore(_),dash(-)] and length 3 to 50] but found [],
	Failed:AddReviewerHos_Neg_Tests, Nodal officer Name Error is incorrect.,  expected [Allows characters, dot and space and length 3 - 70] but found [],
	Failed:AddReviewerHos_Neg_Tests, Nodal officer Email Error is incorrect.,  expected [Wrong Email] but found [],
	Failed:AddReviewerHos_Neg_Tests, Nodal officer Mobile Error is incorrect.,  expected [Please enter valid 10 digit mobile] but found []">
      <![CDATA[java.lang.AssertionError: The following asserts failed:
	Failed:AddReviewerHos_Neg_Tests, hospital Name_err is incorrect,  expected [Hospital name should have 3-70 characters and  allowed special characters are ('.', ',', '-',and space)] but found [],
	Failed:AddReviewerHos_Neg_Tests, Nodal officer Username Error is incorrect.,  expected [Username should be alphanumeric [allowed special characters dot(.), @, underscore(_),dash(-)] and length 3 to 50] but found [],
	Failed:AddReviewerHos_Neg_Tests, Nodal officer Name Error is incorrect.,  expected [Allows characters, dot and space and length 3 - 70] but found [],
	Failed:AddReviewerHos_Neg_Tests, Nodal officer Email Error is incorrect.,  expected [Wrong Email] but found [],
	Failed:AddReviewerHos_Neg_Tests, Nodal officer Mobile Error is incorrect.,  expected [Please enter valid 10 digit mobile] but found []
	at tests.Admin_Hospitals_Pages_Tests.AddReviewerHos_Neg_Tests(Admin_Hospitals_Pages_Tests.java:70)
... Removed 26 stack frames]]>
    </failure>
  </testcase> <!-- AddReviewerHos_Neg_Tests -->
  <testcase name="AddReviewerHos_Neg_Tests" time="2.814" classname="tests.Admin_Hospitals_Pages_Tests">
    <failure type="java.lang.AssertionError" message="The following asserts failed:
	Failed:AddReviewerHos_Neg_Tests, hospital Name_err is incorrect,  expected [Hospital name should have 3-70 characters and  allowed special characters are (&amp;apos;.&amp;apos;, &amp;apos;,&amp;apos;, &amp;apos;-&amp;apos;,and space)] but found [],
	Failed:AddReviewerHos_Neg_Tests, hospital Address_err is incorrect,  expected [Address should have 3-100 alphanumeric characters and allowed special characters are (&amp;apos;.&amp;apos;, &amp;apos;,&amp;apos;, &amp;apos;-&amp;apos; and space)] but found [],
	Failed:AddReviewerHos_Neg_Tests, hospital City_err is incorrect,  expected [City should have 3-50 characters and allowed special characters are (&amp;apos;.&amp;apos; and space)] but found [],
	Failed:AddReviewerHos_Neg_Tests, hospital Pin_err is incorrect,  expected [Pincode should be 6 digits only] but found [],
	Failed:AddReviewerHos_Neg_Tests, Nodal officer Username Error is incorrect.,  expected [Username should be alphanumeric [allowed special characters dot(.), @, underscore(_),dash(-)] and length 3 to 50] but found [],
	Failed:AddReviewerHos_Neg_Tests, Nodal officer Name Error is incorrect.,  expected [Allows characters, dot and space and length 3 - 70] but found [],
	Failed:AddReviewerHos_Neg_Tests, Nodal officer Email Error is incorrect.,  expected [Wrong Email] but found [],
	Failed:AddReviewerHos_Neg_Tests, Nodal officer Mobile Error is incorrect.,  expected [Please enter valid 10 digit mobile] but found []">
      <![CDATA[java.lang.AssertionError: The following asserts failed:
	Failed:AddReviewerHos_Neg_Tests, hospital Name_err is incorrect,  expected [Hospital name should have 3-70 characters and  allowed special characters are ('.', ',', '-',and space)] but found [],
	Failed:AddReviewerHos_Neg_Tests, hospital Address_err is incorrect,  expected [Address should have 3-100 alphanumeric characters and allowed special characters are ('.', ',', '-' and space)] but found [],
	Failed:AddReviewerHos_Neg_Tests, hospital City_err is incorrect,  expected [City should have 3-50 characters and allowed special characters are ('.' and space)] but found [],
	Failed:AddReviewerHos_Neg_Tests, hospital Pin_err is incorrect,  expected [Pincode should be 6 digits only] but found [],
	Failed:AddReviewerHos_Neg_Tests, Nodal officer Username Error is incorrect.,  expected [Username should be alphanumeric [allowed special characters dot(.), @, underscore(_),dash(-)] and length 3 to 50] but found [],
	Failed:AddReviewerHos_Neg_Tests, Nodal officer Name Error is incorrect.,  expected [Allows characters, dot and space and length 3 - 70] but found [],
	Failed:AddReviewerHos_Neg_Tests, Nodal officer Email Error is incorrect.,  expected [Wrong Email] but found [],
	Failed:AddReviewerHos_Neg_Tests, Nodal officer Mobile Error is incorrect.,  expected [Please enter valid 10 digit mobile] but found []
	at tests.Admin_Hospitals_Pages_Tests.AddReviewerHos_Neg_Tests(Admin_Hospitals_Pages_Tests.java:70)
... Removed 26 stack frames]]>
    </failure>
  </testcase> <!-- AddReviewerHos_Neg_Tests -->
  <testcase name="AddReviewerHos_Tests" time="7.894" classname="tests.Admin_Hospitals_Pages_Tests">
    <failure type="org.openqa.selenium.TimeoutException" message="Expected condition failed: waiting for visibility of [[ChromeDriver: chrome on WINDOWS (b47fb718e9675fd97aad442d2d54118d)] -&amp;gt; xpath: //*[@id=&amp;apos;hospitalsavemsg&amp;apos;]] (tried for 5 second(s) with 500 milliseconds interval)
Build info: version: &amp;apos;3.141.59&amp;apos;, revision: &amp;apos;e82be7d358&amp;apos;, time: &amp;apos;2018-11-14T08:17:03&amp;apos;
System info: host: &amp;apos;DESKTOP-MM5QJ97&amp;apos;, ip: &amp;apos;10.23.252.35&amp;apos;, os.name: &amp;apos;Windows 10&amp;apos;, os.arch: &amp;apos;amd64&amp;apos;, os.version: &amp;apos;10.0&amp;apos;, java.version: &amp;apos;1.8.0_311&amp;apos;
Driver info: org.openqa.selenium.chrome.ChromeDriver
Capabilities {acceptInsecureCerts: false, browserName: chrome, browserVersion: 105.0.5195.127, chrome: {chromedriverVersion: 105.0.5195.52 (412c95e51883..., userDataDir: C:\Users\ravik\AppData\Loca...}, goog:chromeOptions: {debuggerAddress: localhost:57017}, javascriptEnabled: true, networkConnectionEnabled: false, pageLoadStrategy: normal, platform: WINDOWS, platformName: WINDOWS, proxy: Proxy(), setWindowRect: true, strictFileInteractability: false, timeouts: {implicit: 0, pageLoad: 300000, script: 30000}, unhandledPromptBehavior: dismiss and notify, webauthn:extension:credBlob: true, webauthn:extension:largeBlob: true, webauthn:virtualAuthenticators: true}
Session ID: b47fb718e9675fd97aad442d2d54118d">
      <![CDATA[org.openqa.selenium.TimeoutException: Expected condition failed: waiting for visibility of [[ChromeDriver: chrome on WINDOWS (b47fb718e9675fd97aad442d2d54118d)] -> xpath: //*[@id='hospitalsavemsg']] (tried for 5 second(s) with 500 milliseconds interval)
Build info: version: '3.141.59', revision: 'e82be7d358', time: '2018-11-14T08:17:03'
System info: host: 'DESKTOP-MM5QJ97', ip: '10.23.252.35', os.name: 'Windows 10', os.arch: 'amd64', os.version: '10.0', java.version: '1.8.0_311'
Driver info: org.openqa.selenium.chrome.ChromeDriver
Capabilities {acceptInsecureCerts: false, browserName: chrome, browserVersion: 105.0.5195.127, chrome: {chromedriverVersion: 105.0.5195.52 (412c95e51883..., userDataDir: C:\Users\ravik\AppData\Loca...}, goog:chromeOptions: {debuggerAddress: localhost:57017}, javascriptEnabled: true, networkConnectionEnabled: false, pageLoadStrategy: normal, platform: WINDOWS, platformName: WINDOWS, proxy: Proxy(), setWindowRect: true, strictFileInteractability: false, timeouts: {implicit: 0, pageLoad: 300000, script: 30000}, unhandledPromptBehavior: dismiss and notify, webauthn:extension:credBlob: true, webauthn:extension:largeBlob: true, webauthn:virtualAuthenticators: true}
Session ID: b47fb718e9675fd97aad442d2d54118d
	at org.openqa.selenium.support.ui.WebDriverWait.timeoutException(WebDriverWait.java:95)
	at org.openqa.selenium.support.ui.FluentWait.until(FluentWait.java:272)
	at eCollabDDSPages.Admin_Hospitals_Pages.ReviewerHos_AddForm_Tests(Admin_Hospitals_Pages.java:573)
	at tests.Admin_Hospitals_Pages_Tests.AddReviewerHos_Tests(Admin_Hospitals_Pages_Tests.java:78)
... Removed 25 stack frames]]>
    </failure>
  </testcase> <!-- AddReviewerHos_Tests -->
  <testcase name="hospitals_vcard_count_Tests" time="0.527" classname="tests.Admin_Hospitals_Pages_Tests">
    <failure type="java.lang.AssertionError" message="The following asserts failed:
	Showing list record count does not match with Hospitals vcard count  expected [true] but found [false]">
      <![CDATA[java.lang.AssertionError: The following asserts failed:
	Showing list record count does not match with Hospitals vcard count  expected [true] but found [false]
	at tests.Admin_Hospitals_Pages_Tests.hospitals_vcard_count_Tests(Admin_Hospitals_Pages_Tests.java:87)
... Removed 26 stack frames]]>
    </failure>
  </testcase> <!-- hospitals_vcard_count_Tests -->
  <testcase name="List_Hospitals_Buttons_Tests" time="0.68" classname="tests.Admin_Hospitals_Pages_Tests">
    <failure type="org.openqa.selenium.StaleElementReferenceException" message="stale element reference: element is not attached to the page document
  (Session info: chrome=105.0.5195.127)
For documentation on this error, please visit: https://www.seleniumhq.org/exceptions/stale_element_reference.html
Build info: version: &amp;apos;3.141.59&amp;apos;, revision: &amp;apos;e82be7d358&amp;apos;, time: &amp;apos;2018-11-14T08:17:03&amp;apos;
System info: host: &amp;apos;DESKTOP-MM5QJ97&amp;apos;, ip: &amp;apos;10.23.252.35&amp;apos;, os.name: &amp;apos;Windows 10&amp;apos;, os.arch: &amp;apos;amd64&amp;apos;, os.version: &amp;apos;10.0&amp;apos;, java.version: &amp;apos;1.8.0_311&amp;apos;
Driver info: org.openqa.selenium.chrome.ChromeDriver
Capabilities {acceptInsecureCerts: false, browserName: chrome, browserVersion: 105.0.5195.127, chrome: {chromedriverVersion: 105.0.5195.52 (412c95e51883..., userDataDir: C:\Users\ravik\AppData\Loca...}, goog:chromeOptions: {debuggerAddress: localhost:57017}, javascriptEnabled: true, networkConnectionEnabled: false, pageLoadStrategy: normal, platform: WINDOWS, platformName: WINDOWS, proxy: Proxy(), setWindowRect: true, strictFileInteractability: false, timeouts: {implicit: 0, pageLoad: 300000, script: 30000}, unhandledPromptBehavior: dismiss and notify, webauthn:extension:credBlob: true, webauthn:extension:largeBlob: true, webauthn:virtualAuthenticators: true}
Session ID: b47fb718e9675fd97aad442d2d54118d">
      <![CDATA[org.openqa.selenium.StaleElementReferenceException: stale element reference: element is not attached to the page document
  (Session info: chrome=105.0.5195.127)
For documentation on this error, please visit: https://www.seleniumhq.org/exceptions/stale_element_reference.html
Build info: version: '3.141.59', revision: 'e82be7d358', time: '2018-11-14T08:17:03'
System info: host: 'DESKTOP-MM5QJ97', ip: '10.23.252.35', os.name: 'Windows 10', os.arch: 'amd64', os.version: '10.0', java.version: '1.8.0_311'
Driver info: org.openqa.selenium.chrome.ChromeDriver
Capabilities {acceptInsecureCerts: false, browserName: chrome, browserVersion: 105.0.5195.127, chrome: {chromedriverVersion: 105.0.5195.52 (412c95e51883..., userDataDir: C:\Users\ravik\AppData\Loca...}, goog:chromeOptions: {debuggerAddress: localhost:57017}, javascriptEnabled: true, networkConnectionEnabled: false, pageLoadStrategy: normal, platform: WINDOWS, platformName: WINDOWS, proxy: Proxy(), setWindowRect: true, strictFileInteractability: false, timeouts: {implicit: 0, pageLoad: 300000, script: 30000}, unhandledPromptBehavior: dismiss and notify, webauthn:extension:credBlob: true, webauthn:extension:largeBlob: true, webauthn:virtualAuthenticators: true}
Session ID: b47fb718e9675fd97aad442d2d54118d
	at org.openqa.selenium.remote.http.W3CHttpResponseCodec.createException(W3CHttpResponseCodec.java:187)
	at org.openqa.selenium.remote.http.W3CHttpResponseCodec.decode(W3CHttpResponseCodec.java:122)
	at org.openqa.selenium.remote.http.W3CHttpResponseCodec.decode(W3CHttpResponseCodec.java:49)
	at org.openqa.selenium.remote.HttpCommandExecutor.execute(HttpCommandExecutor.java:158)
	at org.openqa.selenium.remote.service.DriverCommandExecutor.execute(DriverCommandExecutor.java:83)
	at org.openqa.selenium.remote.RemoteWebDriver.execute(RemoteWebDriver.java:552)
	at org.openqa.selenium.remote.RemoteWebElement.execute(RemoteWebElement.java:285)
	at org.openqa.selenium.remote.RemoteWebElement.click(RemoteWebElement.java:84)
	at org.openqa.selenium.support.pagefactory.internal.LocatingElementHandler.invoke(LocatingElementHandler.java:51)
	at com.sun.proxy.$Proxy9.click(Unknown Source)
	at eCollabDDSPages.Admin_Hospitals_Pages.List_Hospitals_HideColumn_Validation(Admin_Hospitals_Pages.java:631)
	at tests.Admin_Hospitals_Pages_Tests.List_Hospitals_Buttons_Tests(Admin_Hospitals_Pages_Tests.java:95)
... Removed 32 stack frames]]>
    </failure>
  </testcase> <!-- List_Hospitals_Buttons_Tests -->
  <testcase name="List_Hospitals_ColumnSorting_Tests" time="1.431" classname="tests.Admin_Hospitals_Pages_Tests">
    <failure type="java.lang.AssertionError" message="The following asserts failed:
	descending sorting is missing on code column. , expected [thTd sorting_desc] but found [thTd sorting],
	sorting option is missing on Created On column. , expected [thTd sorting] but found [thTd sorting_desc],
	Remove Sorting option from Action column. , expected [thTd sorting_disabled] but found [thTd noVis sorting_disabled]">
      <![CDATA[java.lang.AssertionError: The following asserts failed:
	descending sorting is missing on code column. , expected [thTd sorting_desc] but found [thTd sorting],
	sorting option is missing on Created On column. , expected [thTd sorting] but found [thTd sorting_desc],
	Remove Sorting option from Action column. , expected [thTd sorting_disabled] but found [thTd noVis sorting_disabled]
	at tests.Admin_Hospitals_Pages_Tests.List_Hospitals_ColumnSorting_Tests(Admin_Hospitals_Pages_Tests.java:105)
... Removed 26 stack frames]]>
    </failure>
  </testcase> <!-- List_Hospitals_ColumnSorting_Tests -->
  <testcase name="List_Hospitals_ReviewerHosData_Update_Tests" time="2.778" classname="tests.Admin_Hospitals_Pages_Tests">
    <failure type="org.openqa.selenium.NoSuchElementException" message="Cannot locate option with value: HOS. NAME REVBA
For documentation on this error, please visit: https://www.seleniumhq.org/exceptions/no_such_element.html
Build info: version: &amp;apos;3.141.59&amp;apos;, revision: &amp;apos;e82be7d358&amp;apos;, time: &amp;apos;2018-11-14T08:17:03&amp;apos;
System info: host: &amp;apos;DESKTOP-MM5QJ97&amp;apos;, ip: &amp;apos;10.23.252.35&amp;apos;, os.name: &amp;apos;Windows 10&amp;apos;, os.arch: &amp;apos;amd64&amp;apos;, os.version: &amp;apos;10.0&amp;apos;, java.version: &amp;apos;1.8.0_311&amp;apos;
Driver info: driver.version: unknown">
      <![CDATA[org.openqa.selenium.NoSuchElementException: Cannot locate option with value: HOS. NAME REVBA
For documentation on this error, please visit: https://www.seleniumhq.org/exceptions/no_such_element.html
Build info: version: '3.141.59', revision: 'e82be7d358', time: '2018-11-14T08:17:03'
System info: host: 'DESKTOP-MM5QJ97', ip: '10.23.252.35', os.name: 'Windows 10', os.arch: 'amd64', os.version: '10.0', java.version: '1.8.0_311'
Driver info: driver.version: unknown
	at org.openqa.selenium.support.ui.Select.findOptionsByValue(Select.java:283)
	at org.openqa.selenium.support.ui.Select.selectByValue(Select.java:186)
	at eCollabDDSPages.Admin_Hospitals_Pages.List_Hospitals_ReviewerData_Tests(Admin_Hospitals_Pages.java:718)
	at tests.Admin_Hospitals_Pages_Tests.List_Hospitals_ReviewerHosData_Update_Tests(Admin_Hospitals_Pages_Tests.java:112)
... Removed 25 stack frames]]>
    </failure>
  </testcase> <!-- List_Hospitals_ReviewerHosData_Update_Tests -->
  <testcase name="List_Hospitals_EnduserHosData_Update_Tests" time="1.103" classname="tests.Admin_Hospitals_Pages_Tests">
    <failure type="org.openqa.selenium.StaleElementReferenceException" message="stale element reference: element is not attached to the page document
  (Session info: chrome=105.0.5195.127)
For documentation on this error, please visit: https://www.seleniumhq.org/exceptions/stale_element_reference.html
Build info: version: &amp;apos;3.141.59&amp;apos;, revision: &amp;apos;e82be7d358&amp;apos;, time: &amp;apos;2018-11-14T08:17:03&amp;apos;
System info: host: &amp;apos;DESKTOP-MM5QJ97&amp;apos;, ip: &amp;apos;10.23.252.35&amp;apos;, os.name: &amp;apos;Windows 10&amp;apos;, os.arch: &amp;apos;amd64&amp;apos;, os.version: &amp;apos;10.0&amp;apos;, java.version: &amp;apos;1.8.0_311&amp;apos;
Driver info: org.openqa.selenium.chrome.ChromeDriver
Capabilities {acceptInsecureCerts: false, browserName: chrome, browserVersion: 105.0.5195.127, chrome: {chromedriverVersion: 105.0.5195.52 (412c95e51883..., userDataDir: C:\Users\ravik\AppData\Loca...}, goog:chromeOptions: {debuggerAddress: localhost:57017}, javascriptEnabled: true, networkConnectionEnabled: false, pageLoadStrategy: normal, platform: WINDOWS, platformName: WINDOWS, proxy: Proxy(), setWindowRect: true, strictFileInteractability: false, timeouts: {implicit: 0, pageLoad: 300000, script: 30000}, unhandledPromptBehavior: dismiss and notify, webauthn:extension:credBlob: true, webauthn:extension:largeBlob: true, webauthn:virtualAuthenticators: true}
Session ID: b47fb718e9675fd97aad442d2d54118d">
      <![CDATA[org.openqa.selenium.StaleElementReferenceException: stale element reference: element is not attached to the page document
  (Session info: chrome=105.0.5195.127)
For documentation on this error, please visit: https://www.seleniumhq.org/exceptions/stale_element_reference.html
Build info: version: '3.141.59', revision: 'e82be7d358', time: '2018-11-14T08:17:03'
System info: host: 'DESKTOP-MM5QJ97', ip: '10.23.252.35', os.name: 'Windows 10', os.arch: 'amd64', os.version: '10.0', java.version: '1.8.0_311'
Driver info: org.openqa.selenium.chrome.ChromeDriver
Capabilities {acceptInsecureCerts: false, browserName: chrome, browserVersion: 105.0.5195.127, chrome: {chromedriverVersion: 105.0.5195.52 (412c95e51883..., userDataDir: C:\Users\ravik\AppData\Loca...}, goog:chromeOptions: {debuggerAddress: localhost:57017}, javascriptEnabled: true, networkConnectionEnabled: false, pageLoadStrategy: normal, platform: WINDOWS, platformName: WINDOWS, proxy: Proxy(), setWindowRect: true, strictFileInteractability: false, timeouts: {implicit: 0, pageLoad: 300000, script: 30000}, unhandledPromptBehavior: dismiss and notify, webauthn:extension:credBlob: true, webauthn:extension:largeBlob: true, webauthn:virtualAuthenticators: true}
Session ID: b47fb718e9675fd97aad442d2d54118d
	at org.openqa.selenium.remote.http.W3CHttpResponseCodec.createException(W3CHttpResponseCodec.java:187)
	at org.openqa.selenium.remote.http.W3CHttpResponseCodec.decode(W3CHttpResponseCodec.java:122)
	at org.openqa.selenium.remote.http.W3CHttpResponseCodec.decode(W3CHttpResponseCodec.java:49)
	at org.openqa.selenium.remote.HttpCommandExecutor.execute(HttpCommandExecutor.java:158)
	at org.openqa.selenium.remote.service.DriverCommandExecutor.execute(DriverCommandExecutor.java:83)
	at org.openqa.selenium.remote.RemoteWebDriver.execute(RemoteWebDriver.java:552)
	at org.openqa.selenium.remote.RemoteWebElement.execute(RemoteWebElement.java:285)
	at org.openqa.selenium.remote.RemoteWebElement.click(RemoteWebElement.java:84)
	at org.openqa.selenium.support.pagefactory.internal.LocatingElementHandler.invoke(LocatingElementHandler.java:51)
	at com.sun.proxy.$Proxy9.click(Unknown Source)
	at eCollabDDSPages.Admin_Hospitals_Pages.List_Hospitals_EndUserData_Tests(Admin_Hospitals_Pages.java:829)
	at tests.Admin_Hospitals_Pages_Tests.List_Hospitals_EnduserHosData_Update_Tests(Admin_Hospitals_Pages_Tests.java:121)
... Removed 32 stack frames]]>
    </failure>
  </testcase> <!-- List_Hospitals_EnduserHosData_Update_Tests -->
  <testcase name="List_Hospitals_Search_Tests" time="12.614" classname="tests.Admin_Hospitals_Pages_Tests">
    <failure type="org.openqa.selenium.TimeoutException" message="Expected condition failed: waiting for visibility of Proxy element for: DefaultElementLocator &amp;apos;By.xpath: //*[@id=&amp;apos;tbodyhospitals&amp;apos;]/tr/td[2]&amp;apos; (tried for 5 second(s) with 500 milliseconds interval)">
      <![CDATA[org.openqa.selenium.TimeoutException: Expected condition failed: waiting for visibility of Proxy element for: DefaultElementLocator 'By.xpath: //*[@id='tbodyhospitals']/tr/td[2]' (tried for 5 second(s) with 500 milliseconds interval)
	at org.openqa.selenium.support.ui.WebDriverWait.timeoutException(WebDriverWait.java:95)
	at org.openqa.selenium.support.ui.FluentWait.until(FluentWait.java:272)
	at eCollabDDSPages.Admin_Hospitals_Pages.List_Hospitals_Search_Validations(Admin_Hospitals_Pages.java:960)
	at tests.Admin_Hospitals_Pages_Tests.List_Hospitals_Search_Tests(Admin_Hospitals_Pages_Tests.java:130)
Caused by: org.openqa.selenium.NoSuchElementException: no such element: Unable to locate element: {"method":"xpath","selector":"//*[@id='tbodyhospitals']/tr/td[2]"}
  (Session info: chrome=105.0.5195.127)
For documentation on this error, please visit: https://www.seleniumhq.org/exceptions/no_such_element.html
Build info: version: '3.141.59', revision: 'e82be7d358', time: '2018-11-14T08:17:03'
System info: host: 'DESKTOP-MM5QJ97', ip: '10.23.252.35', os.name: 'Windows 10', os.arch: 'amd64', os.version: '10.0', java.version: '1.8.0_311'
Driver info: org.openqa.selenium.chrome.ChromeDriver
Capabilities {acceptInsecureCerts: false, browserName: chrome, browserVersion: 105.0.5195.127, chrome: {chromedriverVersion: 105.0.5195.52 (412c95e51883..., userDataDir: C:\Users\ravik\AppData\Loca...}, goog:chromeOptions: {debuggerAddress: localhost:57017}, javascriptEnabled: true, networkConnectionEnabled: false, pageLoadStrategy: normal, platform: WINDOWS, platformName: WINDOWS, proxy: Proxy(), setWindowRect: true, strictFileInteractability: false, timeouts: {implicit: 0, pageLoad: 300000, script: 30000}, unhandledPromptBehavior: dismiss and notify, webauthn:extension:credBlob: true, webauthn:extension:largeBlob: true, webauthn:virtualAuthenticators: true}
Session ID: b47fb718e9675fd97aad442d2d54118d
*** Element info: {Using=xpath, value=//*[@id='tbodyhospitals']/tr/td[2]}
	at org.openqa.selenium.remote.http.W3CHttpResponseCodec.createException(W3CHttpResponseCodec.java:187)
	at org.openqa.selenium.remote.http.W3CHttpResponseCodec.decode(W3CHttpResponseCodec.java:122)
	at org.openqa.selenium.remote.http.W3CHttpResponseCodec.decode(W3CHttpResponseCodec.java:49)
	at org.openqa.selenium.remote.HttpCommandExecutor.execute(HttpCommandExecutor.java:158)
	at org.openqa.selenium.remote.service.DriverCommandExecutor.execute(DriverCommandExecutor.java:83)
	at org.openqa.selenium.remote.RemoteWebDriver.execute(RemoteWebDriver.java:552)
	at org.openqa.selenium.remote.RemoteWebDriver.findElement(RemoteWebDriver.java:323)
	at org.openqa.selenium.remote.RemoteWebDriver.findElementByXPath(RemoteWebDriver.java:428)
	at org.openqa.selenium.By$ByXPath.findElement(By.java:353)
	at org.openqa.selenium.remote.RemoteWebDriver.findElement(RemoteWebDriver.java:315)
	at org.openqa.selenium.support.pagefactory.DefaultElementLocator.findElement(DefaultElementLocator.java:69)
	at org.openqa.selenium.support.pagefactory.internal.LocatingElementHandler.invoke(LocatingElementHandler.java:38)
	at com.sun.proxy.$Proxy9.isDisplayed(Unknown Source)
	at org.openqa.selenium.support.ui.ExpectedConditions.elementIfVisible(ExpectedConditions.java:314)
	at org.openqa.selenium.support.ui.ExpectedConditions.access$000(ExpectedConditions.java:43)
	at org.openqa.selenium.support.ui.ExpectedConditions$10.apply(ExpectedConditions.java:300)
	at org.openqa.selenium.support.ui.ExpectedConditions$10.apply(ExpectedConditions.java:297)
	at org.openqa.selenium.support.ui.FluentWait.until(FluentWait.java:249)
	... 27 more
... Removed 29 stack frames]]>
    </failure>
  </testcase> <!-- List_Hospitals_Search_Tests -->
</testsuite> <!-- eCollabDDS Tests -->
